<?xml version="1.0" encoding="UTF-8"?>
<robot generator="Robot 7.0.1 (Python 3.11.4 on win32)" generated="2024-09-01T16:13:47.654966" rpa="false" schemaversion="5">
<suite id="s1" name="Demo3 Cloud" source="C:\Mine\Company\SI Aug 2024\AppiumRobotProject\android_suite\demo3_cloud.robot">
<test id="s1-t1" name="TC2 Android Automation" line="24">
<kw name="Create Dictionary" owner="BuiltIn">
<msg time="2024-09-01T16:13:48.006976" level="INFO">&amp;{option} = { projectName=FirstProject | buildName=khanbuild | sessionName=day2 | userName=dinakaranbalaji1 | accessKey=6yXRE4nK1fyvTHWA2kPD }</msg>
<var>&amp;{option}</var>
<arg>projectName=FirstProject</arg>
<arg>buildName=khanbuild</arg>
<arg>sessionName=day2</arg>
<arg>userName=dinakaranbalaji1</arg>
<arg>accessKey=6yXRE4nK1fyvTHWA2kPD</arg>
<doc>Creates and returns a dictionary based on the given ``items``.</doc>
<status status="PASS" start="2024-09-01T16:13:48.005978" elapsed="0.001994"/>
</kw>
<kw name="Open Application" owner="AppiumLibrary">
<arg>remote_url=http://hub.browserstack.com/wd/hub</arg>
<arg>platformName=android</arg>
<arg>automationName=UiAutomator2</arg>
<arg>deviceName=Google Pixel 3</arg>
<arg>platformVersion=9.0</arg>
<arg>bstack:options=&amp;{option}</arg>
<arg>app=bs://2e9ace2184a279014a0da14c9a3a0fd8a8a727f0</arg>
<arg>autoLaunch=false</arg>
<doc>Opens a new application to given Appium server.
Capabilities of appium server, Android and iOS,
Please check https://appium.io/docs/en/2.1/cli/args/
| *Option*            | *Man.* | *Description*     |
| remote_url          | Yes    | Appium server url |
| alias               | no     | alias             |
| strict_ssl          | No     | allows you to send commands to an invalid certificate host like a self-signed one. |</doc>
<status status="PASS" start="2024-09-01T16:13:48.008970" elapsed="28.286147"/>
</kw>
<kw name="Activate Application" owner="AppiumLibrary">
<arg>app_id=org.khanacademy.android</arg>
<doc>Activates the application if it is not running or is running in the background.
Args:
 - app_id - BundleId for iOS. Package name for Android.</doc>
<status status="PASS" start="2024-09-01T16:14:16.296108" elapsed="1.176334"/>
</kw>
<kw name="Run Keyword And Ignore Error" owner="BuiltIn">
<kw name="Wait And Click Element">
<kw name="Wait Until Page Contains Element" owner="AppiumLibrary">
<kw name="Capture Page Screenshot" owner="AppiumLibrary">
<msg time="2024-09-01T16:14:28.170855" level="INFO" html="true">&lt;/td&gt;&lt;/tr&gt;&lt;tr&gt;&lt;td colspan="3"&gt;&lt;img src="data:image/png;base64, iVBORw0KGgoAAAANSUhEUgAACHAAAAQ4CAYAAABrZ7kcAAAABHNCSVQICAgIfAhkiAAAIABJREFU
eJzs3XmUVeWdL/zfPqeKqmKmmGUQBEsFjVNAAwIa4hgxppPWpKOd6d4M63ame2NWx3SSzruyTLpz
b79vpm7bjphEo4l2bicaNSrROICKIKKCYBCUeSwoKKiihrPfP5AKJQXUcE6dwnw+a7Fk77Of5/nV
oeqccu3v+T1JRKQBb7rhhhuKXQIAAAAAAAAA/MXJFLsAAAAAAAAAAIC/dAIcAAAAAAAAAABFJsAB
AAAAAAAAAFBkAhwAAAAAAAAAAEUmwAEAAAAAAAAAUGQCHAAAAAAAAAAARSbAAQAAAAAAAABQZAIc
AAAAAAAAAABFJsABAAAAAAAAAFBkAhwAAAAAAAAAAEUmwAEAAAAAAAAAUGQCHAAAAAAAAAAARVZS
7AIACiFJkqisrIyZM2dGVVVVDBo0qNVjaZpGREQul4stW7bECy+8EIsWLYp9+/a1PHY86dWrV1x0
0UXx8MMPd7j+ysrKGDduXCxZsuS4/NoBAAAAAADg7UCAA3jbSJIkstlsXH311XH22WdHSUlJJEly
xGsjIjKZTIwaNSpGjRoVl19+edTX18e8efNi/vz5x1WYIU3TmDZtWqxatSpWr17dcu7g13loaOXQ
MUmSxN/93d/F73//+26vuasGDBgQs2fPjt/85jeRy+XaPa5Pnz4xffr0ePjhhwtYXWEkvfZG6QlL
ouGN6RFp29/bbSqpi9IRy6Nx/bmFKw4AAAAAAIAuEeAA3hYymUx87GMfi6qqqkiS5IjBjWPN0bt3
75gzZ05ceeWVceONN3YoGFBMTU1Ncfvtt8cnP/nJ+NrXvhZ9+vSJiy66KKqqqqJv376RyWQiTdOo
q6uL9evXx6OPPhqbN2+Oa665Jnbt2hXPPffccRVYiYjYs2dPJEkSkydPjpdeeqnd46ZPnx7r1q0r
YGUF1Ng7ItLIDloTzdUntXtY6fDlkasdVri6AAAAAACAHq+kpCR69+4dvXv3joqKishkMi2P1dbW
xvbt26O5ubmIFR5dkiRx/fXXt+q835b9+/fHzTff3E1V5ZcAB3DcGzduXHzmM59p9SbTFQcDIO98
5ztj4cKFeZmz0NI0jddeey1WrFgRN910U8tz8dYgS+/evaOysjLOOOOMaGhoiLKysrjxxhuPu/BG
xIHtb+6///744Ac/GMuXL49MJhN9+vSJ8vLylu4raZpGQ0ND1NfXR21tbQwfPjyqqqri0UcfLXb5
nZKmSTSsOy/KTnoymneeGEkSESV1kZQ0RiRNb16VRORKIm0ui7SxPDIVOyM7YH00bjqzmKUDAAAA
AADdpF+/fjF8+PAYOXJkDB06NIYNGxZDhw6Nfv36HXVcLpeLnTt3xpYtW1r+rF69Onbt2tVNlR/b
yJEjY/DgwUe9pr6+vpuqyT8BDuC4lSRJ/NVf/VVMnTq1Ux03juXyyy9v6UwxePDg2LFjR97XyJck
SeLss8+OSZMmHTPIcjCgUl5eHmmaxpw5c+K3v/3tcRniqK+vjzVr1sScOXNizJgxMWDAgFYBjlwu
F42NjVFXVxfV1dUREXH33XdHU1PTMWbuwZp7RfPuEdFr7LOR6bMtkrK9kWQbI02aIkki0lwSSXog
wJGr7xtJJLF/9cyInLd8AAAAAAB4u+rfv3+cffbZMXXq1Bg6dGin5shkMjF48OAYPHhwTJo0KSIO
fIh49erVsXDhwnjppZeO73ssxwF3c4DjUpIk8YUvfCFOOOGEgq1RUVHRstb5558fu3fvjieffLJg
63VWkiRx3nnnxdVXX93hLiRJksS73vWu6N+/f9x+++3HVYgjk8nExIkT47zzzosRI0a0eU02m41s
Nhvl5eUxaNCgSNM0LrvssnjwwQdj27Zt3Vxx1yVJGpn+G6N02MpIKqpbP3bwv5k0IhoiyTZEttee
iIgoG/t8NKybErm6/t1bMAAAAAAAUDD9+vWLs846KyZPnhzjx48vyAeekySJCRMmxIQJE+J973tf
PPfcc7FgwYLYuXNn3tdqS2VlZct9oCRJoqTk2BGHTCbTEkCJiNixY0ds2bKlYDXmUxIRx8/dOgru
hhtuKHYJPVZlZWVks9morq7u0Xs//SU4GN4YOXJkQd6IDkrTNH784x/H2rVr44wzzojrrrsu7r33
3pg/f37B1uyoJEli5MiR8YUvfKFLz0Uul4t58+bFH/7wh+MmxHHmmWfGX//1X0evXr06PHb37t3x
7//+78ddiCNbuTrKxj8Rke14ujVtrIj6V+ZEWi/EAQAAAAAAx7MBAwbEu9/97pgyZUq7Ag35lsvl
YsmSJTFv3ryCdbBPkiT+5m/+Js48Mz9bxK9evTpuvvnmvMxVSDpw8LZUUlIS55xzTpxxxhmxZ8+e
uPvuuzs8x8CBA2PmzJkxYcKEGDZsWEtng1wuF9XV1bFmzZp46qmnYvPmzfku/6gmTZoU73nPe1qd
27p1a/zyl7/skfMWwl/91V8VtPPGQUmSxCmnnBJr166NPXv2RJIkMWfOnFi/fn288cYbBV+/PbLZ
bHzqU5/qcpAlk8nExRdfHM8991zs3r27x4c4Jk6c2Cq8sWvXrlixYkVUVVVFZWXlYdevWbMmNm/e
HGeddVZUVFRE//7947rrrotbbrkl9u7d293ld0p2wKYoO+nJiMyB8Eba0Dead42O7ICNkZTtPuz6
3J4R0bxvUJQOWR2R3R9JaV2UTZgX+1deEWlTeXeXDwAAAAAAdFFpaWlceOGFcdFFFxUluHFQJpOJ
c889N84666xYsGBBzJs3L+rq6vK6RpIkcfrpp+dtvvHjx0c2m+3xH9QX4OBtpaqqKs4555w45ZRT
ok+fPhERsWLFig7PM2PGjLj44oujvPzwm5zZbDaGDh0aQ4cOjbPPPjvmz58fDzzwQJdrb4/S0tK4
8sorY8iQIa3Od/XmfaHmLYSTTjoppk6d2m3rjRgxIpIkidLS0og48Ib02c9+Nr7+9a9HY2Njt9XR
liRJYurUqS1bveRjvg996ENxyy235GW+QunVq1dcccUVLeGNNE1j7ty5sXnz5hg6dGibnYTuuOOO
2LNnT6RpGtOmTYuIiJEjR8bUqVPjscce69b6OyXTGKWjF0Zk/vw9t//VSyO3b1Ak5TVR8Y57Dhuy
f9XsSBsrDrQTG7b8wDR9qqNk2Ipo3HhWt5UOAAAAAAB03emnnx4f+MAHWu6B9gTZbDZmzJgRU6ZM
ifvuuy+ee+65vM6dzWbzNl9ERFlZWezbty+vc+abAAfHvREjRsS5554bkyZNiiFDhnQ5dHDZZZfF
RRdd1K55Dqbc+vfv3y2dKq644orDQhY9ed58y2Qyeek20RH9+/ePNE1j8ODBrer40pe+FN/73veK
3qlixowZeX0+xo0bF2VlZVFfX5+3OfNt5MiRMXLkyJbjJEli8uTJUV1d3Wo/s0ONGTMm/vSnP8XQ
oUNbnZ81a1Y8++yzPf7NOtO7OjK9q1udyw58PdL9/SI7qO1uMJk+26K55oRIyne1Ol868qVo3Hpq
hC4cAAAAAAD8hcpkMlFWVhZlZWUtQYHm5uZobGyMhoaGHnefpLKyMj7ykY/kPdCQL+Xl5fHBD34w
Nm3aFOvXry92Occ1AQ6OS717944pU6bE6aefHmPGjGnZ3qSrJk2aFBdeeOFhN8Tr6upi48aNkaZp
DBs2LPr379/q8XPOOSfWrl0bCxYsyEsdbRk3blycd955x828+ZYkSXz84x/P2791e/Xq1SuSJInx
48e3Oj948OCorKws2L5e7VFWVtbmdiFdkclkYvTo0bFq1aq8zptPU6ZMOewXlEsvvTQuueSSI4ZZ
PvrRj0bE4V1levfuHVVVVfHCCy8Uptg8KRn6p4ikdUuv0tGLo3TU4ogj5HfKTn74wF/e+nh2f5QM
2BhNO07Kf6EAAAAAANCDZTKZ6N27d1RWVkZVVVWMGzcuhgwZEn379o3du3fHpk2bYs2aNfHKK6/E
3r17e0yQY9iwYT02vHGoE044QYCjiwQ4OC595jOfiREjRuR1ziRJ4j3vec9hAYHnn38+fvOb38T+
/ftbzl122WWHBT3e/e53x7PPPluwfZPmzJlTkL2sCjVvvpWUlERVVVW3r9vU1BQREaNGjWp1PkmS
+PznPx//+I//2G1dOA5+v6VpGkmStLnFTz7WGDNmTLz22mst5w6uV+xuIwedfPLJbZ4/WieSoz02
atSoHh/gyA7Y0PYDR2u+cpTHkt7bIgQ4AAAAAAD4C5LNZmPo0KExbdq0OPvss6OsrKzV40OGDIkh
Q4bE5MmTY/r06bFgwYJYunRp1NbWRi6XK1LVB6xatSr27t3bo7ZPeavGxsZYsWJFt6338ssvx6JF
i9p8bMKECTFjxoxuqyWfev5dW2jDkRJmXXnhGjt27GE36VevXt3m1igPPvhg9O/fP84999yWc/37
94+zzjorFi9e3Kn1j2b27NkxZsyY42beQrjyyivbPH8wVFBTUxPbt2+PTZs2xZ49eyKXy0Xfvn1j
9OjRMWDAgBg0aFDL901Hthypra2NiGiz00V5eXkMGzYstmzZ0tEvp8Oy2WwMHDgwevXqFdXV1dHQ
0BAVFRXR1NQUpaWleVunubk5SktLI0mSqKqqiiuuuCIymUz8/ve/j2XLlvWIEMe2bdti+/bteZvv
4L9xT5bWD4hcfb/8TdjUO39zAQAAAABAD5fJZGL48OFxySWXtNqOPU3TaGpqavmAdklJSZSUlMTg
wYPjiiuuiKqqqvjd734XW7duLeo9kqampvj5z38en/70p7u9W317pGkad955Z+zevbvb1nz11Vdj
+fLlh51PkiSuuOKKbqsj3wQ4OO7V1dXFqlWr4uWXX44XX3wxvvOd73RqntNPP/2wG/vz588/4vWP
PvponHPOOa3GnHbaaXkPcAwfPjxmzZrVcpzL5SKXy3W5a0ah5i2EJEliypQprTpQRBzojvLwww9H
TU1NRBwI4Vx00UVx/vnnRzabjSRJYv78+fGTn/wk0jSN0tLSeOc73xlXXnlly+PHsnXr1ujdu3eb
oaEkSeL9739/3HzzzXn8ag9XWloaN9xwQwwYMCAiDrxJ33LLLbFhw4Z4/fXXj9iRojN27doVixYt
ikmTJsV1113X8hxdd9118etf/zoWLVpU9BDHrbfemtf5iv31tEf9isuKXQIAAAAAAByXkiSJgQMH
xrve9a6W8EYul4v6+vrYs2dPbNq0KbZt2xalpaUxePDgGDduXMu9oZNPPjk+8IEPxJ133tmqW39n
NDU1RVNTU6fvS6xZsybuvffeuPrqq7tURyE88sgjbYYpCmnz5s1tnj/rrLNi2LBh3VpLPvW8O7XQ
DvX19bF8+fJYvnx5LFmypEsvdgcNHz681XFDQ8NRX2i2bdsWW7dubTVu6NChbV47derUmD59elRU
VMSGDRvid7/7XezYsaNddc2ZM6fVVhkvvvhinHzyyV0OWhRq3kKorKyMbDYbaZpGQ0ND3H333S3d
ICoqKuJDH/pQnHHGGZHJZFqFMtI0jUcffbSlrVVDQ0MsWLAgnn766Rg0aFB85CMfidGjRx8xyJGm
afzpT3+KadOmHfGaE088MTKZTMFaZ2UymTjvvPNiwIABLTWUlJTENddcE7/85S9j4sSJeV2vsrIy
Zs6cGcOGDYskSVp93VVVVbF48eJuCTxks9mYNm1aXHTRRdHU1BT33XdfvPTSSxER8d3vfjevaz3/
/PPxq1/9KkpLS+PSSy+NKVOmRE1NTdxzzz2xbt26vK51VEkuSoYvj5KRSyPJZaJx3buiqXpcRET0
nvKTvC7VXH1y7H9tVkSmKXqNWRzZwSsjGvrG/jUzIre37dexnmTWrFlx5plntmyltXnz5li6dGk8
/vjjRa4MAAAAAICeplevXjFx4sSYMmVKRBwIb+zYsSOeeOKJeP7556OxsbHl2mw2G+PGjYtLL700
xowZE9lsNsaOHRvXXnttbNy4sUt1rF+/PpYtWxYNDQ2dnuPpp5+OkSNHxnnnndelWvJp2bJlMW/e
vG5dM03T2LDh8O3nkySJSy65pFtrybeed6cW2uFHP/pRROT3k/ODBw9udbxr166WdklHsnPnzlYB
jrfOEXGgK8TVV1/dEowYMGBAlJWVxS233HLMms4///yoqqpqOa6trY37778/vvjFLx5zbDHmLZRZ
s2ZFmqZx3333xYIFCyJN00iSJD760Y/GaaeddtQAxt69e9s8X11dHT/60Y+isrIyvvzlLx9xW55V
q1bFhz/84SPWlslkon///rFr167OfXHt0Nb3eXl5ecFaZGUymTa3ZenI1jNdVVlZGbNnz47evQ9s
9XH55Ze3BDjyXcfB+U477bSYOXNmRERUVFTEVVddFT/+8Y/zutbRZMr2RK9RSyKyBxK8JaOfawlw
RIGe+uzAdVEy/MDzGiXVUTr26dj/ylWFWSwPKisr47rrrovRo0e3Oj969OgYNWpUnHnmmXHHHXdE
dXV1kSoEAAAAAKCnGTJkSJx//vmRyWQiTdPYsWNHPPDAA7Fs2bLDrm1ubo7Vq1fHXXfdFddcc02c
dNJJkclkYsKECTFhwoQu1fH888/Hn/70py4FONI0jf/6r/+K4cOHx7hx47pUTz5s2LAh7rzzzm5f
d9++fa2CNwdNnTq1zfu1x5Oet0EOtEOapnnvAnDwRvFB+/btO+aY2traVse9evVq1dUiImLixImt
ulokSRJjx4495twDBgw4LCF26HYhnVWoeQtpzJgx8a1vfSvmz58faZrG2LFj46abbjpqeCMiYvv2
7Ued9+Cb9I033hgvvPDCYd9TTU1NMXr06MO+N97q9NNPb/8XkydJkhSs60dERFlZ2WHnCrneW1VU
VERFRUXLcWVlZcHXfOsb+pgxYwq+ZislDZFm/tx+LVO2p+BLZspb70WX7XP0n5liSpKkzfDGoY+P
Hj06rrvuum6uDAAAAACAniqbzUZlZWWMGjUqIv7c5f9geCOTyUR5eXn06dMnevfuHSUlJZGmaeza
tSt++9vfRn19fTQ3N3f6TyG6mudyufjpT39a0A8Xt0dtbW3cdtttbQYpCq2tnQ4ymUzMnj2722vJ
Nx044E1v7TjQnhebpqamw87169cv6uvrW4537tx52DV79hz7xux73/ve6Nu3b8vxqlWr4plnnjnm
uKNJkqQg8xbaD37wg5auGxdffHHMnj27XV0Y1q5d2643xjRN46677oqVK1fGNddc0zL3woUL46Mf
/ehR10qSJE455ZR46qmn2v8FdVGSJAXf6qat560ridDOOPR5P9htpFBdRyLisC4shVyrTWkarb7V
kjcDM0kht6x5Sygn6b6QTkfNnDnziOGNQ40ePTpmzZplOxUAAAAAAKJPnz4xZsyYlnsONTU1sWjR
oog4cB9g+PDhcemll8aJJ54Y1dXVMX/+/HjhhRdatln54x//GCeeeGKn1x83blxUVFTkvbv4vn37
Yu7cufG5z32uza7qhdbc3By33XZb7N69+9gXF0BbAY7p06fHwIEDi1BNfglwwJveekP8WNunRLQd
4Hhrt4YlS5bEO97xjpg8eXJERNTV1cXDDz981HlPP/30OPPMM1uOGxoa4r777jtmPccyefLkgsxb
aAfDGx/72Mfi1FNPbfeb3Lp16zq0xuLFi2Pv3r3x8Y9/PCIiXnvttZg2bdoxxw4bNqzd63RGW9vA
HGzzVQhNTU3H7DpSLEfa6uZtrQeHKrrToa9d7blWgAMAAAAAgJKSkujXr19EHOhcsWfPntiyZUtE
RPTt2zdmzJgRkyZNiogDYY/LLrss1q5dG9u3b4/GxsZ47LHHOr12kiTx6U9/Ok488cSC3N/YvHlz
3HXXXXH99dfnPSByNGmaxj333NOh+3D59tYu/NlsNmbNmlWkavJLgAPelK9P27f1Avzzn/88Ro0a
Ff37949169YdtQNHWVlZvPe97231Qvv444/Hpk2bulRXoebtDkmSxPXXX9+h8EZEdGpbmBUrVsSd
d94ZM2fOjOuuu65d6x3a0aQ7HdrpJV+SJGkzmFSo9aC9Ro4cWZBrAQAAAAB4+8pms9GrV6+IOBDg
2L//z1uZl5SUHLaFe0lJSQwZMuSwgEBP9fLLL8e8efPi4osv7rY1n3jiiXj++ee7bb23StM0Nm/e
3OrcqaeeGnv27Gl1DzaTyRyX9wsEOKAbpGka69evb9e1l19+eQwePLjleOPGjfHII490uYZCzdsd
pk2bFpMnT+5werCze269+OKL8b73va/doZ5CphrTNG0zOFFaWhq5XPd2ZihUxw8AAAAAAIBCaGpq
arnPkslkory8PJIkiTRNo6mpKbZv3x7jx49vOdfY2Bhbt25tGZ/NZo95HyiXy7Xcs0mSpOXD3kmS
tPwppHnz5sUJJ5zQshtAIa1cuTIeeOCBgq9zLG/9gPqyZcti2bJlLcdJksSVV14pwAF0zUknnRRT
p05tOW5ubs7LFieFmre7XHXVVZ16cysrK+vwmINbtXSkq8aROlYcr9I0jYqKilbnkiRplUqF7rZp
06YYPXp0u68FAAAAAICmpqbYvXt3RBwIcPTr1y9OOOGE2LBhQ+zduzcWL14c48ePj4EDB0Z9fX08
99xzUV1dHRERvXr1itmzZ8e4ceOOOH+apjFv3rx47bXXIk3TGDFiRLz3ve+N0tLSiDjQMbrQAY40
TePOO++Mz33uczFixIiCrbNt27a4/fbbi/6B31wud8wOKWPHjo3p06d3U0X5JcABPcicOXOipOTP
P5bPPfdcvPbaaz123p7u0I4j7ZEkSVx77bVx6qmndmjcwTf+QmloaGjzzb25ubkg6x1pq5Q0TYv+
psxfrhdffLHdAY6lS5cWuBoAAAAAAI4H+/bti3Xr1kWappEkSQwYMCCmTp0av/nNb6K5uTnWrFkT
3/ve9w4bl8lkorKyMmbOnNnSUaMtaZpG3759Wzp4lJeXx4knntipDxl3RWNjY8ydOze++MUvRu/e
vfM+f319fdx6663R0NCQ97k74wtf+ELL3x999NF46aWXWo5LS0vjIx/5SLs77fc0x2fV0IN19qb6
xRdfHKNGjWo53rlzZzz44INdrqdQ83anzoYGjpaIfKskSeKzn/1snH322R1OQm7YsKGDleVHd4Yp
0jTVgYOievzxx9u1FdX69evj8ccf74aKAAAAAADo6Zqbm6O6ujreeOONiIgoLy+PU089Nc4888wj
3g9KkiQGDRoU1157bavwxsEPunbk/kxnxnTWrl274mc/+1nePwCcy+XiZz/7WUtnkmLLZrMxatSo
GDVqVEs3lYOSJIn3ve99MXDgwCJW2DUCHPCmxsbGVsdHS9Md1FZya9++fR1ee8SIETFr1qyW4zRN
48EHH4y6uroOz9Ud83a3bdu2dWrcqFGj2hXGKC8vj29/+9sxbty4Doc30jSNV155pVP1tVddXV23
d75oa0+2g/u3QTGkaRp33HHHUUMc69evjzvuuKMbqwIAAAAAoKfbsWNHzJ8/vyXYMGjQoJgzZ05c
cMEF0atXr1bXlpSUxCmnnBKf+MQnWj4gnaZp7Nq1K9asWRNr1qyJtWvXtnvtTZs2tYzbunVrwbqr
H7RmzZr49a9/nbf50jSN3/3udz22s391dXWrYElVVVVMmTKliBV1nS1U4E0NDQ0t+1FFtC/A8dYX
9YiI2traDq991VVXHTbX+9///nj/+9/f5vXl5eWtjkeOHBnf+ta3Wo5/8YtfxKuvvlqwebvbCy+8
EJdeemmHxw0YMKClZVVbstlsvO9974vzzjuvS/uPFfo56e7wRmNjY5vPR3d24DiYRj1YR3eER5qa
mlodF/qXqMMlkaYRLU992g0Zy7eskaTHft0rpurq6vjBD34Qs2bNijPPPDNGjhwZEQd+AV66dKnO
GwAAAAAAHKaxsTHWrFkT8+fPj5kzZ0ZERL9+/eK9731vXHDBBfHyyy/H/v37o1+/fjFs2LA48cQT
Wz7EnaZp7Ny5M26++eaoqamJJEmif//+ceONNx5z3TRN47777os33nij5Z5Dd9zzWbx4cYwePTqm
TZvW5bmWLFkSTz31VB6qKoxVq1a1/L1Xr15x7bXXdumeX08gwAFvqq+vjz59+rQcH/r3I3nrHlKN
jY2d6m4xfvz4VsdJkkRFRUW7x2cymVbXl5SUFHTe7vbss8/GJZdc0qkX3BEjRsTGjRtbnctms3HZ
ZZfFBRdcEJlMpksv5A0NDQXvaHKk4EQh3uTTND1icKE7Aw11dXWxb9++lp/DznZh6Yjt27e3Co28
/vrrBV/zUGlzr4jm8oiS+gPH9QMKvmaufkBEGhFv/gg07x1e8DXz4fHHHxfWAAAAAACg3fbs2RNP
PfVU9OrVq+WDvZlMJgYOHBjTp0+PiGi5P3Dwv2maxo4dO+Kuu+6Kmpqalvsyh96fSZIk3v3ud8fU
qVMj4sCHpQ/9wPjB67vzw7ppmsa9994bJ5xwQowbN67T87z++utxzz335K+wPEvTNJYvXx4RB/4d
rrnmmujbt2+Rq+o6W6jAm966b9OAAce+eTpo0KCjztFehbox3v0dBApj7969ner+kCRJzJkzJ7LZ
bPTp0yemTZsWX/3qV+Omm26KWbNmRTab7VJ4I03TWLJkScHfdOvr69tcu1AymUy8+uqrrfZlS9M0
tm3b1m2/YFRXV8eDDz4YNTU1sX379rj//vsLvuaKFSvikUceib1798a6devi3nvvLfiah0r394vG
dVMjbegd6f7+0bDuvIKv2VwzJho3nhPRVBG52iHR8Mb5BV8TAAAAAAC6W5qmUVNTEw8++GD86le/
armndzDIcfADvwfvGzU2NsbChQvjX//1X2P9+vVHvT8yfPjwmDBhQkyYMCFGjRrV0r2jmHK5XPz0
pz/t9L3LXbt2xW233daj7zU2NjbGypUrIyJi0qRJ8Y53vKPIFeWHDhzZTl+VAAAgAElEQVTwps2b
N8fJJ5/cclxeXh5VVVVH3B6jb9++MWzYsFbnduzY0am1t2zZclg3j6MZNGhQqxf/xsbG2L17d8tx
Q0NDQeftbmmaxkMPPRRXXXVVhwMXJ510UnzjG99o2R4m322THnjggbzO91ZpmkZ9fX28+uqrUVVV
1XL+rrvuKliYorm5OX72s5/FxRdfHOecc07s378/Hn744cM6mRRSLpeLhQsXxsKFCw+rraGhoc3t
i7qqqakp5s2bF/Pmzcv73O2SZqJpW1U0bas67HzkSiIyTW2P64pcNho3nBONG87J/9wAAAAAANCD
HLznsnTp0li9enVMnjw5Jk6cGMOHD4/+/ftHY2Nj7Nq1K9auXRvz58+P6urqaG5uPub9mJ66Zce+
ffti7ty58fnPf75D91UaGxvj1ltvLXgH+q564403IpfLRe/eveOv//qvi11O3ghwwJteffXVmDFj
Rqtz55133hEDHNOnT49sNtvq3KH7LHXED3/4ww5d/81vfrPVFi9bt26N73//+902bzEsWLAgrrrq
qg6PS5IkFi9eHNOmTct74nHLli2d6gzSUWmaxty5c6OkpCQGDhwY1dXVLW9IhXDwDXnevHnx8MMP
t2oVVmy5XC6WLFkS552Xv+4UTU0FCEbkU5pE0/YJUTJsZf6mbO6Zv0wCAAAAAEAhHdxKvqamJp55
5plYuHBhS/eNiAP3IXK53FGDG83Nze3ehr2urq6o91e2bt0ad9xxR3z84x9vV9AkTdP4xS9+EVu2
bOmG6jovTdNYuXJlJEkSH/7whwt2z6wYBDjgTa+++mps3bq1VVeN008/PS644IJ46qmnWl176qmn
Hhb2qK+vj0WLFrU599SpU2P69OlRUVERGzZsiN/97ned7tbxlypN07j//vvjyiuv7PDYadOmxa23
3hr/7b/9t7ylINM0je9///vd9qabpmk0NTXF9u3bW9asq6uLurq6vL4p5XK5eOONN1rtx9YTghuH
euyxx2Ly5Ml52cesubk5XnnllTxUVVhNm8+M7KC1kZTmIe2aZqJ514ldnwcAAAAAAI5TB4McHd0i
JE3T2Lt3b8ydO7dd1zc0NEQul+tMiXmzYsWKeOihh+Kyyy475rWPPPJILF++vBuq6rqlS5fGueee
G6ecckqxS8mr4m/AAz1EmqaHBTWSJIk5c+bEpz71qbj44otj9uzZcf3118ff/u3fHtZq6Nlnn436
+vrD5h07dmxcffXVMXLkyBg4cGBMmjQpPvCBDxT0a3m7evLJJ9t8jo8lk8nE7Nmz47e//W1ewghp
msb8+fO7fd+vQ0MVB4/nzp3brvZd7Z37wQcfjJqamq6WWlA7d+6Me+65p1PfC4favXt3/OIXvzgu
fhHJ7e8fDatnRtrcta1j0saKqP/Tu6N519g8VQYAAAAAAH9ZDm7F0p4/xQ5vHPTYY4/F0qVLj3rN
smXLirfNfAdt3749IiKuvvrqIleSfzpwwCGeeeaZmDBhQpx55pkt55IkiYkTJ8bEiROPOG79+vXx
+9//vs3HJk6cGCUlf/5RS5Ikxo5187Qz0jSNf/7nf46vf/3rHe6kMX78+Hj66afj7rvvjmuuuaZL
nTh2794d9913X6fH50uaprFu3br42te+Fl/84hdjxIgRnZ6rtrY2vv/978eePXt6XMeNt0rTNF55
5ZX4xje+ETNmzIg5c+a0evyZZ56J//t//29ERPTr1y++9KUvterWsX///vi3f/u32LhxY7fW3SVp
RHPNmKhb/LdROuLlKB37TKuHm7aeFg2vT4+IiKS0LirO+K+Ikn1/vqC5NOpfuTJy+wZ3Z9UAAAAA
AEAPkKZp/OpXv4ohQ4bEqFGjDnt8w4YNceeddxahss5ZtWpVXH/99Yd94P7tQAcOeItf/vKXsWjR
onbfxF69enXceuutR+zGsHPnzsPO7dmzp0s1/iWrra2N22+/vcMhg4N7YK1cuTK++93vdjqk0Nzc
HP/yL//SY0IOBztn3HPPPW0+nsvlYt++fVFfXx8NDQ1tXrN+/fr49re/fVyENwAAAAAAAOi4pqam
uO2222Lv3r2tztfW1sZtt90WjY2NRaqs4/r16/e2/cC8AAe8RXNzc9x9993x85//PN544402gxlp
msaWLVvi3nvvjZtvvvmwF7pDLVmyJJYtW9ZyXFdXFw8//HBBav9L8fLLL8e8efM6HDbIZDLxD//w
D1FTUxN///d/H+vWrevQHLlcLr773e9GXV1dR0suuCO9qW7dujW+9a1vxTe/+c34yU9+ctjXm6Zp
NDU1tfwdAAAAAACAt6fdu3fH3LlzY/fu3S3Ht912W8vx8eK0004rdgkFYwsV3na+8pWv5GWeZcuW
xbJly2LAgAFx0kknRb9+/SKTyURtbW2sW7cutmzZ0u65fvazn8Xo0aOjX79+sW7duqitre1Sbd/6
1re6NL675y2ERx55JHK5XFxyySUd2g4lk8nETTfdFDfddFP88Ic/jBEjRsT1118fQ4YMOeo8zc3N
8d3vfrdHvoGlaXrEDjCHOp6SkwAAAAAAAOTfunXr4jvf+U6MGDEiNm/e3K57TMWQy+WO+Fg2m837
nD2FAAccQ01NTSxZsqTL86xfvz4P1XCoP/zhD/H666/Hf//v/z0ymfY3FMpkMvHVr341brvttnj1
1Vfje9/7XlRWVsbs2bPj3HPPbQlyHPzv7t2743//7/8d+/fvj0984hPx2muvxSuvvBKVlZXxyiuv
FORrK4Tj4U0JAAAAAACAwmpubo4NGzYUu4yjyuVysXnz5hgxYkRe5tu7d2/U19fnZa5CEuAAjmuv
vfZafOMb34gvf/nLMXDgwHaPy2az8clPfjJWrlwZc+fOjerq6rjnnnviP//zP6OsrCxGjhwZU6ZM
iYaGhrj33ntbwg+bN2+O0tLSOOmkk6J///49JsCRy+UiTdNWXUTSNH3bb4uyZ8+ew84dusVNU1NT
yxYxB+VyucPOHU/SxorDT+bKDrkgG2kuiUP7yaRpEpF6ywcAAAAAAI4PaZrGrbfeGpdeemmMHDmy
S3Nt27YtHnrooTxVVlju5gDHvYaGhvjOd74TJ5xwQnz2s5+N0tLSdm2rkiRJnHrqqfFP//RPcffd
d8fzzz8faZpGfX19rFmzJtasWXPYmPvvvz+SJOlxwYiGhoY2z+/YsSMiDrzJ1dXVtRny2Lx5c7fU
WAgvv/xyq/RlU1NTLFu2rOXx+vr6ePLJJ2POnDkt51avXh3bt2/v9lrzpan6xCg9oTKSiuoDJ9KS
aKoe2/J42tQrmjafEaVjn2k5l9szMnL1/bq7VAAAAAAAgE6rqamJu+++u9hldKtsRPxjsYug55g+
fXqxS4BO27NnTzz22GPxyiuvxMiRI6Nv376RJEm7whyTJk2KGTNmxOrVq6OmpqYbqs2vxsbGiIgY
P358y7lNmzbFf/zHf7SETfbv3x/19fUxYcKElufkjTfeiDvuuKPHBVLaK5fLxYoVK6K+vj7WrVsX
DzzwQKxdu7bVNWvXro3NmzfH3r17Y9GiRfHggw8e59vJZKJ515iI5l6R2zs0GtZNibR2WKsrcrXD
IldXGdFYEU3bq6Jx/dSItP3bDAEAAAAAAND9kog4Pu/aURA33HBDsUuAvMlkMjFw4MA4/fTT45RT
TomhQ4dG3759o6SkJBoaGqKmpiY2btwYy5cvj5UrV7Z0qDheJUkSFRUVMWDAgKivr4+amprDggpJ
kkQ2m225Zt++fcf11wwAAAAAAABvFwIctCLAAQAAAAAAAADdTz91AAAAAAAAAIAiE+AAAAAAAAAA
ACgyAQ4AAAAAAAAAgCIT4AAAAAAAAAAAKDIBDgAAAAAAAACAIhPgAAAAAAAAAAAoMgEOAAAAAAAA
AIAiE+AAAAAAAAAAACgyAQ4AAAAAAAAAgCIT4AAAAAAAAAAAKDIBDgAAAAAAAACAIksiIi12EfQc
dfUNxS4BAAAAAAAAAP7i6MABAAAAAAAAAFBkAhwAAAAAAAAAAEUmwAEAAAAAAAAAUGQCHAAAAAAA
AAAARSbAAQAAAAAAAABQZAIcAAAAAAAAAABFJsABAAAAAAAAAFBkAhwAAAAAAAAAAEUmwAEAAAAA
AAAAUGQCHAAAAAAAAAAARSbAAQAAAAAAAABQZAIcAAAAAAAAAABFJsABAAAAAAAAAFBkAhwAAAAA
AAAAAEUmwAEAAAAAAAAAUGQCHAAAAAAAAAAARSbAAQAAAAAAAABQZAIcAAAAAAAAAABFJsABAAAA
AAAAAFBkAhwAAAAAAAAAAEUmwAEAAAAAAAAAUGQCHAAAAAAAAAAARSbAAQAAAAAAAABQZAIcAAAA
AAAAAABFJsABAAAAAAAAAFBkAhwAAAAAAAAAAEUmwAEAAAAAAAAAUGQCHAAAAAAAAAAARSbAAQAA
AAAAAABQZAIcAAAAAAAAAABFJsABAAAAAAAAAFBkAhwAAAAAAAAAAEUmwAEAAAAAAAAAUGQCHAAA
AAAAAAAARSbAAQAAAAAAAABQZAIcAAAAAAAAAABFJsABAAAAAAAAAFBkAhwAAAAAAAAAAEUmwAEA
AAAAAAAAUGQCHAAAAAAAAAAARSbAAQAAAAAAAABQZAIcAAAAAAAAAABFJsABAAAAAAAAAFBkAhwA
AAAAAAAAAEUmwAEAAAAAAAAAUGQCHAAAAAAAAAAARSbAAQAAAAAAAABQZAIcAAAAAAAAAABFJsAB
AAAAAAAAAFBkAhwAAAAAAAAAAEUmwAEAAAAAAAAAUGQCHAAAAAAAAAAARSbAAQAAAAAAAABQZAIc
AAAAAAAAAABFJsABAAAAAAAAAFBkAhwAAAAAAAAAAEUmwAEAAAAAAAAAUGQCHAAAAAAAAAAARSbA
AQAAAAAAAABQZAIcAAAAAAAAAABFJsABAAAAAAAAAFBkAhwAAAAAAAAAAEUmwAEAAAAAAAAAUGQC
HAAAAAAAAAAARSbAAQAAAAAAAABQZAIcAAAAAAAAAABFJsABAAAAAAAAAFBkAhwAAAAAAAAAAEUm
wAEAAAAAAAAAUGQCHAAAAAAAAAAARSbAAQAAAAAAAABQZAIcAAAAAAAAAABFJsABAAAAAAAAAFBk
AhwAAAAAAAAAAEUmwAEAAAAAAAAAUGQCHAAAAAAAAAAARSbAAQAAAAAAAABQZAIcAAAAAAAAAABF
JsABAAAAAAAAAFBkAhwAAAAAAAAAAEUmwAEAAAAAAAAAUGQCHAAAAAAAAAAARSbAAQAAAAAAAABQ
ZAIcAAAAAAAAAABFJsABAAAAAAAAAFBkAhwAAAAAAAAAAEUmwAEAAAAAAAAAUGQCHAAAAAAAAAAA
RSbAAQAAAAAAAABQZAIcAAAAAAAAAABFJsABAAAAAAAAAFBkAhwAAAAAAAAAAEUmwAEAAAAAAAAA
UGQCHAAAAAAAAAAARSbAAQAAAAAAAABQZAIcAAAAAAAAAABFJsABAAAAAAAAAFBkAhwAAAAAAAAA
AEUmwAEAAAAAAAAAUGQCHAAAAAAAAAAARSbAAQAAAAAAAABQZAIcAAAAAAAAAABFJsABAAAAAAAA
AFBkAhwAAAAAAAAAAEUmwAEAAAAAAAAAUGQCHAAAAAAAAAAARSbAAQAAAAAAAABQZAIcAAAAAAAA
AABFJsABAAAAAAAAAFBkAhwAAAAAAAAAAEUmwAEAAAAAAAAAUGQCHAAAAAAAAAAARSbAAQAAAAAA
AABQZAIcAAAAAAAAAABFJsABAAAAAAAAAFBkJcUuAAAAAMif//MvP4iG/fvbdW2SzcTff+V/Fbgi
AAAAANojiYi02EXQc9TVNxS7BAAA4C/Inj210Zxrate15WUVUV5eVuCK/uyttZWWlEafPn26bf3a
2tpoaj72c5PNlES/fn1bjs+ffmHsrtndrjVKSkrixRcWdrpGCqO9Pxe9epVF74qKbqioZ6irq4/9
DfVtPpZEEr17947S0tJurSlN06jZXdPu63tX9I5evXoVsCIAAACOZzpwAAAAUDT/7//3w/jlr+5p
9/Xjxo2Nv/nwh+JD134wSkry/7+0u2p2xdy5P4///M/fxK6aXYc9XllZGdde84H4+Meuj759+7Yx
Q9fs2VMbP7/9F/Gru38d27dvb9eYD3/omvj6P/x93muheL7wpS/HM88cO1jzqU99Mr74+f/RDRX1
DLfO/Wn867/dcsTHs9lMXDB9enzpi5+LqqqJ3VJT7Z7amDb93e2+/v9877tx+eWXFLAiAAAAjmeZ
YhcAAADAX65Zsy7o0PWvv742bvrOP8fX/uEf817Lrl074xOf+Ez85NafthneiIiorq6Of7v5P+J/
/N2Xor6+fduUtFdtbW18+jN/Fz/+139vd3gjImLWzI49h/B21dyci8efeDL+5iMfjZdeernY5QAA
AECHCXAAAABQNO8895woK+v4tij3/e6BWPz8krzWcuvc22PFylfbde1zixbH3ff8Z17X/6/f3hsv
LH2xQ2PKy8vj3HPPzmsdcLzbV1cXn/v8l2PL1m3FLqWVJEmKXQIAAAA9nAAHAAAARdOnT5+48MIZ
nRr7xz8+mbc6Ghsb49e//k2HxvzyV/dEmqZ5q+HBBx7u8JgLL5wRffr0yVsN8HaxddvW+MpXboz9
+/PbKacr8vl6AQAAwNtT/jcMBgAAgA5490UXxkMPzevwuKfmz4//9T8/n5caXnzp5SNum3Ikr7++
Nl5bvSYmTjipy+vvqtnV4e4bERHvvvDCLq2rI0Dn7d27N5566unYsm1rRC532OOTT58c556jO0ox
Pbdocfyff/l+3PjVrxRsjY6EMvy8AQAAcCwCHAAAABTVu86f2qlxr766KrZs3RbDhw3tcg1PPDm/
U+MWLHg6LwGOJUs6Ht6IiDj//CldWldHgM5pbGyMj33y07Hs5eVHvOZzf/dZAY4e4I5f/DImTTot
rn7fnILM35FQhp83AAAAjsUWKgAAABTVkCFDYuqUd3Z4XJqmseT5F7q8fpqm8dBDj3Rq7COPPNrl
9SMOdAroqPOmTokhQ4bkZX06ZuFzi44a3qBn+eY/ftu/FwAAAMcFAQ4AAACKbvZ7LuzUuIXPLery
2itX/inWrl3XqbGLn18SW7Zu63INTz7xVIfHzJ59UZfXpXOWLFla7BLogMbGxvji/7whqquri10K
AAAAHJUABwAAAEU3fdq0To374+NPdHlbggVPP92l8c8882yXxm/YsDFeW72mQ2OSJInp09/VpXUP
zkPHPfPsc8UugQ7asHFTfPXGb0ZjY2Ne5+3I64+fNwAAAI5FgAMAAICiGz/uxJg4cUKHx23evCXe
eKNz3TMOeujhP3Rp/KOPPd6l8UuXvtThMRNOGh/jx53YpXUjOnbzmQNqa2vjhRd04DgePfnU/Pjh
j/4tr3N2JJTh5w0AAIBjEeAAAACg6JIkiUsveU+nxi554YVOr7tx46Z46aWXOz0+IuKPf3wiamtr
Oz3+2YUd7+Zw6aUXd3o9umb5Kysil8sVdI0k2hcK0NGh435y60/j979/pNhlAAAAQJsEOAAAAOgR
Zszo3DYqzzyzsNNrLnj6mU6PPaipqSmeW/R8p8bmcrl4/PEnOzyus88VXfdiJzqmdNSI4cPadd3Q
IYMLXMnb043/8I1YufJPxS4DAAAADiPAAQAAQI8wedLkGDJkSIfHPf7kU9Hc3NypNf/whz92atyh
0jSNJzoRwoiIWL3m9di6bVuHxgwZMiQmT5rUqfXous6GdTqiqurkdl034aTxBa7k7am+fn986X/d
EDU1NcUuBQAAAFoR4AAAAKBHyGYzcdmlHd9GZXfN7k59mn7Xrl3x1Pz5HR7Xlt8/PC8aGxs7PG7J
ko5v/3LZpe+JbDbb4XF03f79+2Phc4sKvs5JE9oXzBg3XoCjs15/fW18/Zv/TzQ3F3Y7HAAAAOgI
AQ4AAAB6jJkzL+jUuMVLlnR4zMKFi/J287ampiZeeunlDo975tmOb//S2eeIrlv56quxf//+gq8z
bty4Y14zYMCAGDa04x1r+LN58x6Lf7/lJ8UuAwAAAFqUFLsAAAAAOOjcc86J8vKyqK/v2E3yZ55+
Nq7/yIc7NOaxPz7RoeuP5YmnFsQ555zd7usbGxvjyScXdGiN8vKyDq3RFXV19bFq1apYv35jVO/c
Gfv310dJaWkM6N8/Ro06IU6pqop+/fp2Sy0RB7a9WL16TWzcuDE2bt4cO3ZUR/2+uqhvaIhepSXR
t1+/OGHkiBg/flycekpV9O2b/9qWvtjxkE5njDphZPSuqIh9dXVHvObMd5weSZJ0aZ3a2tpYs+b1
2LJlW2yv3hEN9fXR1NwcZWXl0a9f3xg5ckSMGT06RowY3qV1erIf/fjmOO3/Z+++w6so0zeO3zMn
BUIJVYpKX7qKUkMglWZ3UXddu64r9u6uva6uooKi+1tdd9eGioViQ5HeexMQQRRRBEICSUhIO+fM
/P5AlJLkzCTnZBLy/VzXXitn3vedJzEcr2TuPE+3rkpNSfK6lAqzLEvbt/+sHTt2aldGhvbvL/j1
72tc3bpq3ryZWrdqrXbt2ig6OtrrcgEAAAAA5SDAAQAAAACoNurWraO0tFRNnfqFq32LFi9VYWGR
6tat42h9UVGxps+YVZESyzRt2nTdevMNjh+qb/pms/Lz813dIy0tVXF161akPMeWLluuDz6cpOnT
Z5U7FsY0TQ0elKgLLxyp1JSkSocJSrN58xYtWrRYs+fM0+o1axUIBBzti4qKUnp6is4feZ4SByZU
qLaDD8W3fPe9Nm/arA0bN2rZMufjUyZM+NBRSOjaa67WkCGph71mmqZ69uxR7riWzl06O67lUBm7
M/XZZ1M1ffosrf1qnaM9rVq1VNKgRKWmpahf3z6qUye2Qveurv52zwOa8O6b6tC+ndelOFZUVKzF
S5Zq+vSZmjd/ofbu3RtyT506sUpMTNCQ9DSlpSSrQcMGju/3zHPPh3xfNk1TrVq10ojhQ3XRHy9Q
VJT7HzsWFhbpf6+9oalTv1DG7kzJtg+7Hlunjnp076arr7pcAwb0c32+JP3440/696v/0+rVa8oN
SUnSOeecpdtvvalC9wEAAACAiiDAAQAAAACoVlKTk10HOEpKSvT1xo3q7bA7xarVq1VQUBByXVRU
lJo3b6adO3eFXLtt24/67rvv1alTR0c1rFzlbuyLYRhKS0l2tcfJmQd9880mPT/un5o3b4GjvZZl
ae68+Zo7b74SBvTXX+++Q126/K7SNRUWFunL6TP0zrvvV2gsjSQFAgFNmzZD06bNUP9+fXXzTde5
6lwy6rqbtXrNWtcBm0NlZmUqMyuz/EWGoX15+0q91Ldv7zIDHIZh6OSePV3V8933W/Xmm29r0uQp
rkcH7dy5S+99MFHvfTBRzZo10+WXXawLL/i94uPjXZ1TXeXn5+vOu/6mt974r+vOLfYRAYPyhCPk
lJ+fr0mTpuiVV19Tdna2q71FRcWaOXOOZs6co7i4OF1yyUW66opL1KhR45B7T+3VS6+99mbIdTt3
7tKqVav1ww8/6IH773FVn21L9z/4sL74YnqZawoKC7Vg4SItXLRY/37lJSUOTHB1j4zdu3XxpVc5
CrwYhqHTTj3F1fkAAAAAUFmm1wUAAAAAAHCohIS+Mk13367atq2VK1Y5Xj933kJntQzor6HpaY7P
XbRosfO1i5c6XisdeJg4YEBfV3tCsW1bwWBQr776P13wh0schzeOtHjJUl3whz9p2rQZFa4lEAho
ykef6KxzRure+x6qcHjjSEuXLdell/9ZL7/8qizLWXBh/oKFlQpvOFbOw/+kwYnlbLPVq9dJjm5h
WZbeefc9jTz/In3w4STX4Y0jZWVlaczYcTrjrJGa8tEnrgIM1dmmTd/qkceecPw1cpCbUEZlP1cz
ZszS2edeoKdGj3Ed3jhSQUGBXn31fzr9zJH6/PMvQ67v36+Pq44a77z7vrKyslzV9P3WreWGNw5l
27beeONtV+dL0meffe4ovCFJMTEx6tP7NNf3AAAAAIDKIMABAAAAAKhWmjRpov793AcVFi5a4mhd
MGhp2hehH1hKUuKgBPXr77yWadOdjWUpKCjQ4iXuAhz9+/VVkyZNXO0JxbYt3XDjbRr7wkuuH1wf
KRi0dPudf9WkyR+53rvlu+91xVXX6r77H3bU7aQixr30L91z34MqKiqOyPnhdtJJPY8arXLQny76
g5o1axbyDL/fr7v+eq/+/sTT5Y7DqYjs7Gzdd//DuuOuvykvrwrCLlVg6tRpeuON8V6XcZSCggI9
9PDjuuW2u5SRsTusZ+fm5urOu+/Rk/8YXe6IogYN6islZbCrs7/euMnV+uXljAwqzeIlS1wHrZYt
X+l4bWpqkurVq+fqfAAAAACoLAIcAAAAAIBqZ+hQ510vDlq5arX25ZY+juJQG7/eqN2ZIUZb/CJx
YIL69e2t2NhYR+tXr16jjN2hz163fkO5D0tLU9bD/MoIBi3NX+CsG4lTDz38uNav2+B4/cRJUzTy
/Iu0evWasNZRmk8//VyjnxkT8fuEy4MP3HNUmCkpaZBuufn6kHsty9Ljf3/KcUeDipo2bYZGXX9z
pQNA4da5cyfXnXwk6Znnnteixc7CYFUhJzdH11x7oz6cODmi9xn/9gTd/8AjCgaDZa5JS01xdaab
Ljq2bWv+fHfvRZZla9165+81fr9fy5Ytd7w+PTX877kAAAAAEAoBDgAAAABAtTMwYYDrPZZlae26
dSHXzV+4yNF5HTu0V8cO7VW/fn1XgRInD39XuBj3clDiwATXe7xgWZbue+hRFRQWhlz78suv6sGH
H3cdZqmMCe99oMlTPq6y+1VG82bN9b//vqwvPv9Y77/7lmbN+Fz/+ucLio+PD7n3g4mTI/7Q/6C0
lKQKhSUiqWuXLvrb3+6o0N677r5PP23/OcwVuZe3L09/GXWT1ih2xXYAACAASURBVKxZWyX3++TT
qXp2zAtlXk9w+b68apXzUFZhUZEWLHQ+gko6EPpw01Fj86ZvXXXgCffIKgAAAABwonp9dw0AAAAA
gKQ2bU5U1y6dXe9bHiIYYdu2pn3prCPBiBHDfv3nlCTnowNmz54Tcs2CBc5CJAd16fw7tWlzoqs9
Xtry7RZ9/MlnIdf16Nldsu0qqOhwjz3+D+3Zs6fM661atazCaspnGIbanHiCep7UQy1btpBhGCH3
5ORk6/nnX6qC6qRu3brq8ssvqZJ7uZGdnaNLL/6Tzjv3bNd7c3JydOfd9zgKIUVKIBDQX+95QBvW
f12l933jjfGaOXNOqddaHNdcvU871fFZK1etVnGxs8DE2jVfVWjMz7x5CxyvXbfBebeOAQP6qWnT
pq7rAQAAAIDKIsABAAAAAKiWhg8b4nrPghAt+Ldt+0mbN29xdFZi4m8dLwYM6Oe4hjlz5isvL7/M
6zk52Vr7VehOIYeqyOfCa2+PfzfkWI3BgxKVnpZcRRX9pri4WO+8+36Z12+4/toqrCb8PvhgsnJz
c13vO655c3Xu3EktW7aQz+fsR0aPPnS/YmJiXN8r0rJzcmQYhh64/2/q1q2r6/3r123QE088LduD
gJEkvf7GeM2dN9/1vtjYWPU+7VQNHz5EqSlJ6tL5d67PeOzxf5T5HjZ0WLrjc0pKSvTdlu8drV26
fIXjcw+1ceM3ysxyNhJrxcrVjs8dks74FAAAAADeiPK6AAAAAAAASpM4MEEvvPh/rvZs2vytMnZn
qsVxzUu9vmBh+QGPg5o0aaKTevY47M/9+vbRMgcPGQOBgJavWKm01NKDCatWf+WohkMNHpToek9F
9ezZQwkJ/dXiuOYyDEPbfvxJ06ZNV0bGblfnfL/1B61ctVp9+/Qud91tt92iOXPnKxgsP+whHfj3
kDhwgDp37qR69evLNEzt2pWh2bPnaNPmb13V98Yb43XZZX9So/hGR107f+R5GjCgv37++WfZv4RQ
VqxcrX/+3yuOzz/v3LN17jlnhlzXtm1b50U79PkXXzpeG1e3ru6881YNHzZETZo0+fX1wsIibdq0
SV98OUMff/SZcnJzjtp7zTVXqedJPY56vTooKTnQ+SEuLk5jnn1Kf7z4cu3L3efqjMlTPlaPHt10
8Z/+GIkSy/Ttlu/0wjh3HVS6du2im268TgMTBqhOndjDru3YsVMTJ03Rv1/9r6O/Z5lZmXrnnQka
Neqao665Gm9lSBs2blT3Ht1CLp0zZ67zc4+wZvVXGjq0/GBJMBjU4sVLHZ85KHFghesBAAAAgMog
wAEAAAAAqJa69+imFi2OcxUcsG1ba9es1bAyOlaUNRrgSCOGD5XP5zvstfQhqY4CHJI0d+78MgMc
y1esdHTGQcc1b66uFegg4NYZZwzXdaP+ok4dOxx17Zabb9DYseP09jvvOT7Ptm2tWhk6wNGxQ3vd
cP0ovfjSv8pc079/P1191WVKGNBfUVFH/yjjphtH6ZNPp+rBhx5TIBBwVF9BYaHmz1+ks886o9Tr
x7dupeNbt/r1z/n5BY7OPejEE09Q//7OO7eEy/afd+ibTZsdrx8zZrSSBh8dEKpbt4569TpFvXqd
ottuuUmzZs3RuxPe18pVB7oYpKen6Ibrqm+nkuLikl//uW3bNnp29JO6dtRNrs/5x1PPqEuXzq5G
h1TWuBf/6ShocdDZZ52hRx5+QHXr1in1euvWrXTzTdcrceAAXTvqJkejYV5/821ddtnFiouLO+z1
Th07qFPHDtrynYPOGra0Zs1XuvCCkeUu27Fjp+POSKVZumxFyADHth9/UnZ2tqPzatrIKgAAAADH
FkaoAAAAAACqJdM0NXz4UNf7li0vPSCRlZWlpcuWOzojKWnQUa+5+c3zL2fMlN/vL/XavLnuxiIM
HzHM8TiLioiPj9crL7+oZ0f/o9TwhnSgS8O999yt1JQkV2evXLXG0bpr/3K1Lr/8kqNe79+vr15/
7d967b8va/CgxFLDG9KBr5VzzzlLDz14r6v65i9w1pGlJtm5c6fjtc2aNdPgQaE7DdSpE6szzhiu
t978rxYvnK0F82boxRfGHNXpoToJHhHkGZQ4ULff6j7AEQxauv2Ov7nuQFNRG9Z/7ThoJkmnnXaq
Hn3kwTLDG6WtdSI3N1dz5y4o9Zqb9+UlS5eFXOM21HakOXPnhRx1s379147PG1GB/+4AAAAAQLgQ
4AAAAAAAVFvJpQQpQplbxsO8xUtCP0iUpNjYWPXpffRv23do307t2rVxdEZuTq6+Wrf+qNd37Nip
rT9sc3SGJBmGoeSkyI1PMU1TH7z/tqMRLaZpuu64sHzFSkedBHw+n+7565369JNJGvvcaL34whh9
9ulkvfa/V9Svbx/H9zvv3LPVqlVLx+uXLnHWUaUm2bvHWZcBSTJkyDAMV+fHx8cfNmqlJvnzn6/U
sGHld2ooTVZWlu68+14VFRWHvaYjfThxsqv19/3tLldBmtNPH6auXbs4Wjtj1qxSXx/kIPRz0M6d
u7RrV0a5axYtWuL4vNLs2LFTP2z7sdw1a1Y7C5NJjE8BAAAA4C0CHAAAAACAauvUXr2OauEfys87
durHH3866vWZs2Y72p+WllzqPQ3D0LBhzn8ze978o7s7rFmz1vF+Sapbp45O7dXL1R43TNPUCce3
dry+e49uatasmeP1xcXF2p+f73h9h/btNHz4EKWnp6h9u7aO9x0UFRUVcpTCoTKzMpWbm+v6PtWZ
0xEy0oGPf6mDDgnHCtM09fgjD5XZaaY8q1at1jPPjo1AVb8pLCzSJ5997nh90uBEde/RzdU9TNPU
eeee5Wjt/PmLFAwGj3q9Z48ert4Hvt74TZnX/H6/5sydV+5+Jx2IVocIaCx2+HXesmULdese+ZFV
AAAAAFAWAhwAAAAAgGqrTp1YDR2S5nrfqiOCEvv379fs2eU/JDwoNTm5zGtOxk0c9MXn047qBLJk
qbMRLgcNHZLmaDRCVTEMQ927Ofvt/YPy9++PUDWlc/twfs9e5x0raoIGDRu4Wn/zrXdp6tRpsqzQ
nVKOBQ0aNtCYMaNdB8Mk6d0J72vylI8Pf9FlB5PyrFq9WgUFBY7Xn3nm6RW6T48e3R2ty8/PL7Vj
kM9n6nQXY0bKG1/y9cZvlJdXfshr5O/PC3mPRYuXlnktI2O3toXo0HHQiBHDZJr8uBQAAACAd/iO
BAAAAABQraUkJ7nes+yIoMSy5Svl9/tD7jMMQwMG9C3z+kk9e6hhfENHNWz/eYe+/fa7X/8cDAY1
d+4CR3sPSq7Ax+6G2/EZkhx//AfPD/VwNtwaNnAXYCgqLIpQJd5o2rixq/X5+fm666/36g9/ukxT
PvpE+3L3RaiyqlXe13anjh301JOPV+jcRx59QusOGY9kOugO4aQmSVr71dFjl8o76+STejpef6hm
TZs6vseOn3eUem3QYOdhtlWrVpd57cj36tJquOiPF4S8x4IFC8vsPrOunADJkfdKHhy5kVUAAAAA
4ESU1wUAAAAAAFCeAQP6yuczFQw67xAwZ+58BYNB+Xw+SdK8ufMd7evXt0+5owFiYmI0ND1NEydN
CXmWbdtatGixOnfuJEn6fusPyszKdFSHdGDUwYABfRyvr4gjO4Q44TN9rs63rKNHMERSdEyMq/WB
YOhgT03S6XcdFVe3rgoKC13t+3rDRt13/8OKiopSamqyhg9N18DEAWoU3yhClUZWqK/tIUNSNWrU
NXrllf+4Otfv9+vW2+/W+xPeUrNmzRQTHR22mjas3+DqrGefGyujAt0iiotKHN8jY/fuUq/16d3b
8dfZqtVrVFhYVGo3oTnzyg+1dezQXt26dVXHDu313fdby1y3b1+eNn2zWT16Ht1dZO3ar0LWKEn1
6tVTr16nOFoLAAAAAJFCgAMAAAAAUK3Fx8crMXGg5oV40Heo3NxcfffdVnXu3El+v1/TvpzpaF96
emrINclJgx0FOCTp82nTdeWVl0nSYb+170TiwAQ1auSum0JtFAgElJeXp8LCIhUWFemn7dtd7a9A
hqVai42NVUpqsqZO/aJC+wOBgKZPn6np02fK5zOVkpKkc846U8nJgxXjMhxT3d14/bXa+PVGzZu/
0NW+Xbsy9Nd7HtAr/3pR0dHRioqKKrP7gxtbtnwXetEhZs6aW+l7hrI/v/QRSHXr1lF6eqo++XRq
yDMCgYC+3fKtTj7ppMNez87O1urVa8rdm5KS9Mv/J5cb4JCkFStXlRrgWLJsWcgapQMjq2JjYx2t
BQAAAIBIYYQKAAAAAKDaS09Lcb1nw9cH2uavW7deObk5jvYkJiaEXNO372nyORybsG7dem3/ZQTB
qlXlP6g8Ulp6iqv1x7qMjN2aPWee/vfaG3rgwUd18aVXKSV1uE7u1U+Jg9M1ZNiZOvuc8/XUU896
Xarnrrjs4rCcEwxamjlzjm69/W4NG362/vPf1111kanuoqKi9OQTj+qE41u73rtkyTI9P+6fkqSW
LY6rdC2WZemn7T9X+pxwKywqe8RQakqy43M2bNh41GsrV4Z+TxwwoJ8kKSGhX8i1CxctOeq1fbn7
tMHhCBU3Hw8AAAAARAoBDgAAAABAtTdwYOhgxZFWr14rSZq3YJGj9Z06dlD7dm1DrjvYEcSpBQsP
3H/xkqWO90jSwIQBrtYfa/x+v5YsWabRz47V8BFnKzV9hG686TY9+9wLmjT5I61Zs1a7M4+dMEE4
nXRST5137tlhPXN3ZqbGjB2n008/T6+//pZKSpyN4ajumjRpoufHPluhzguvvfampk6dphYtWlS6
juLi6vn5NA2jzGsDEvrKdDjCZc2ao8eYLFp8dODiUNHR0ep1ysmSpF6nnKzoEONqlixdpv37D+8Y
smHj0cGR0vh8pvr17e1oLQAAAABEEgEOAAAAAEC1d3zrVqW2xi/P8hUrJUnz5s53tH748KGOz3bz
m9qLFy9Vxu5M7dy5y/Gebt266sQTjne8/liyc+cuvfjSv5Q+9Exdfc11ev31t6plZ4Lq7t577lLX
Lp3Dfm5BYaFGPztW191wi7KyssJ+vhe6d++qRx6+v0J773/wEWWG4fNgWcFKnxEJ9Rs0KPNao/hG
GuSga5EkLVmyXPYh84osy9KsWXPK3ZOcPEhxcXGSpLi4OCUlJZa7PhgMat26DYe99tXadY7qS01J
UsP4ho7WAgAAAEAkEeAAAAAAANQIw4cOcbV+27YftfWHbfpm02ZH6wcNct5VY2BCf8drlyxZqk3f
bHK8XpJGDHP3sR4LcnJz9I+nn9OwEWfpXy+/esyEA7zSoEEDvfLKi792MAi3JUuW6S/X3qjc3NyI
nF/Vzj3nLF1+qfvRM8XFxfrxx58qff+YmJhKnxEJHTq0K/d6Wlqqo3MyszK145AQ2+bN34bsoJM0
eNBhfx48aFAZKw+wbVtLl6847LVly1c6qi81NcXROgAAAACINAIc5TiY8gcAAAAAeC9xoPuRIhMn
TnG0rkmTJurZw3mHjxNOOF5du3ZxtDYvL18TJ3/k+GxJrka0HAsWLFykM886X2+99baCQcvrco4Z
zZs1139e/T/9+eorHY+6cGPT5m/10CN/D/u5XrnjjlvUr28fT+4dFRWlqKgoT+5dluTkwerT+7Ry
1wx08b688etvfv3nBQsXl7vWMIyj/l04+Xczc+bsX/+5oKDw105ModT2kVUAAAAAqo/q9Z1hNXLB
BReoT58+evbZZ/mtHwAAAACoBrp06azjW7fSzzt2Ot4z4b0PHK07fcRQ+Xw+x+cahqFhQ9L0jcPO
GtOnz3R8dsuWLdS1a/hHX1RXb78zQU88OdrrMo5ZcXFxuvOOW3TuOWfqnXff18RJU+T3+8N2/vTp
M7Vw0WIlDnQ2SqM6i4mJ0dNPP6E//vHSkN0hws0wDJ1wQmv98MOPjtY3btxY7779esRqqVu3jpo1
axZy7QnHt1bPnj20fv2GkGu/Wr9eQ4Yc6NgxbfqMctd27NBebdqceNhr7dq1Udu2bbRtW9mfoy1b
vtPPO3bq+NattGnTJgUCgZB1nXpqL7VocVzIdQAAAABQFejAUYqLLrpIQ4cOVePGjXXPPfeoVatW
XpcEAAAAALWeaZoaPnyYqz0FBQUh1xiGocGDy2/NX5rExMg8sB4xYlhEuiWUxjAMT8+fPOXjsIQ3
4urWVccO7dX7tFPVvUe3Sp93LOrUqaMeevBezZoxVXfdeavat2sbtrM/+HBy2M4Kl4p+bbc4rrme
HztaPl/4/w6WV5Nt22rXtp3js7KzsxUf31Bt2pwY9v+deOIJjsIbBw0flu5o3apVayRJ23/eoQ3r
vy53bfqQtNJfdzCyZdkvY1TWrl3nqK7hQ0u/FwAAAAB4gQDHES666CKlpv72zWCDBg108803V9kP
zwAAAAAAZUtKSgz7mTExMerT+1TX+7p37+7qIadTyYPD/zGWxbZtz87f+sM2PVyB8RtNmjTRyN+f
qyefeFQfvve2Fi2YqeXLFuiTjyfqrTf/qxuvH1WZko95TZs21dVXXaFPP5mkKZPe15133FLp0Mvs
2XOVn58fpgrDozJf2716naIHHrg3jNUcUF5NhmGo0+86ujrv+++3VraksBiU6Ow9a+3atSouLtay
ZctDrh2Y0L/U1xMS+oXcu3jxEknSmq++clTXwFo2sgoAAABA9cYIlUMcGd6QDvy21ssvvyzLYgYv
AAAAAHit1yknq0GD+srLC9/D4rS0ZMXFxbne5/OZGj4sXW+/817Yaqlfv7569TolbOdVZ//8v1cc
jTc4qHPnTrrl5hs1eNBARUdHR7Cy2sEwDHXu3EmdO3fSn6++Uj9t/1kzZ8zSO+++p+0/73B1lt/v
165dGerUqX6Eqq16f7hgpDas/1ofTqy67iIn9ejuav2ChYt16qm9IlSNc507d9KJJxyvn7b/XO66
YNDSjz9u18JFi8tdFxcXp5NP6lnqtVN7naLo6OhyxwDNnTtfgUDAUQeOdu3aqGOH9iHXAQAAAEBV
oa3EL0oLbxQXF2vs2LH68Udn80cBAAAAAJEVExOjoUOctet3Ki0lpcJ7Bw8Kb7eMoempio2NDeuZ
1VHG7kx98cWXjtePGDFUE955S2mpyYQ3IuTEE47XlVdepk8+nqh7771bUVHufucnJzc3QpV5wzAM
3XvP3TqpjCBBJPTs2cPV+k8++azcIENVMQxDw0c4G2/1zaZNmj9/Ublr0tKSy3wfjIuLC9mJKS8v
X/PmL1RGxu6Q9Zw+YnjER0kBAAAAgBsEOER4AwAAAABqkpTkpLCdZRiGBgzoW+H9vXufGrbAhWEY
SkkJ38fm9J5enL9i+UrHnS7rxcXpkQfvV506x36wpTqIjY3VZZf8SaOfetLxHsMwFPA776ZSFcLx
tV23bh099+xTahTfKAwVha6pZcsWOu005+Octu/YqU+nflHZssJi8CBnY0jeGv9uueN2DMMIGYxz
MrLljTfGh1xz4F6MTwEAAABQvdT6AMell15aZnhj69bqMUsUAAAAAPCb/v36uO4OUJZ+/fqqadOm
Fd5fr149JScPCkstPp+pfv36hOUsp2zb9uT8Td9+6/iMvn37qGF8w3CVVGUKCgq9LqFSRowYoiZN
mjhaa9u26tVzP4YoksL1tX3C8a01dsxTMs3K/wgtVE2GYeics890c6Cef/4l7dixs8I1FRcXa978
hXpz/Dv65NOpKiis2Ndtr1NOVnx8fMh169dvKPe6bdvq17f898FQ1yVp+YqVIdc0bty4SjusAAAA
AIATtTrAcemll2rw4MGHvUZ4AwAAAACqtwYNGyg5RAt9p9LTUip9Rrg6giQOHOjoAeixIC93n+O1
sXViHK+1LEvLlq+oSElhrUOS1m/4OiJ1uJGXl69ly1do+YqV5XY9KEuTJo0dr23RsoXr82uK/v37
6e47b6uSe51x+jBXgaXMzEzddPPtrkMcfr9fUz76RGec9Xtdd/3NeuqpZ/W3ex7QtaNuUmFhkduy
FR0dreHDKj/eqmfPHmrR4rhy17Rv31Zt27ap9L1GDB8qn89X6XMAAAAAIJxqbYCjtPBGSUkJ4Q0A
AAAAqAHS0lJDL3IgMTGh0mckJAwIQyVSenpKWM6pCerVr+947cavv3E0bqWkpESPPvako9EJFRHf
0F0XkKVLl2nmzDm//tmyLC1dukzvfzBJe/fuDXN1R1uwcJHSh56hK6+6Vldc+RelpI3Qf/77ugoK
Chzt3/rDNm3Z8p2jtce3bqXjmjevTLnV3mWXXawzzhgR8fvUr19fV19xmas932zarPMvvFiTp3ys
oqLictfm7cvTpMkf6dzfX6j77n9YO3fuOuz6qlWr9cSTT1eog0lyGMJs6anJztZV8r8BhmGErXsS
AAAAAIRTeHrO1jBldd4YN24c4Q0AAAAAqAESBvSv9BmdOnZQ+3ZtK31Oi+Oaq1evU7RmzdpKnTMw
TEGQmqBJk0aO1/7403ZNmvyRLjj/92WuWb5ipZ58crQ2bXY+msWtJhUYtXPzrXcocWCCmjdvprVr
v9LWH7ZJkiZOmqLxb/5X0dHR4S5TkrRjx07ddvtfDwtrFBQUaMzYcXr7nQkaNeoanTliuBo0bFDq
/p9+2q677r7X8f2GDK1854XqzjRNPfLQffpuy3cR/TqTpEsuuUgT3v9Qu3ZlON6Tm5ur+x94RGOf
f0mpKUk6+eSeaty4sWJiolWwv0C7du/WqlWrNXfuAhUXlx/ymDT5I3Xp2lmXXfInV3X37XOaoqOj
5ff7Xe07VMJAZ+/tCQn99L/X3qjwfWJjY9S792kV3g8AAAAAkVKrAhyGYeiSSy4ptfPGuHHjtGXL
Fo8qAwAAAAC40bJlC/U65WStWftVhc8YPnxo2OoZmp5aqQBHz5491Lp1q7DVU921bdvO1fqHHn5c
8+YvVHpailq2bCHbspWdnaMftm3TtC+na/PmyH8/37pVS7VocZwyMna72rdw0eKjXlu3br3effc9
XX75peEq71e2besfTz9TZqeNjIzdeuyxJzV69HMaNGigenbvroaN4hUTHa3cnFx9tX69ZsyYpWAw
dNcT6cDPWs46PfKdKaqD+vXra+yYZ/SHiy6t0Egap+rVq6dHHrpf191wi+u9WVlZ+uDDSfrgw0mV
quHpp59Tp44dXIXl6tevr9TUJH355cwK3TM+Pl7du3VztPbUXqdUKiySnp6quLp1K7QXAAAAACKp
1gQ4DMPQFVdcoYSEw9vjlpSU6IUXXiC8AQAAAAA1zLCh6ZUKcAwePDBstQwcmCA993yF9w8fdux3
MDhU796nyDRNR6NRDpoxY5ZmzJgVwarKZxiGUpIG670PJoblvLEv/FMpKclq0+bEsJx30IwZsw4b
3VKWoqJizZgxWzNmzK7U/dLSktWjZ/dKnVGTtGvXRqOf/rtuuPG2iN4nKWmQrr7qikp1magMy7J0
x5336KMp77saj5OellrhAMfQIWmKinL2o8q4uDglJSU6+lovTVpKSoX2AQAAAECkmV4XUBUMw9CV
V155VHjD7/cT3gAAAACAGiqhEiNHmjRpoh7dw/fQuVOnDjq+Eh00EhPDFyapCRrFN1JaWrLXZbj2
+5HnhO2s4uJiPfHkaFchllBycnL09ydGh+28UOrFxemvd99ZZferLlKSk3TTjddF/D633XqjRowI
X6cgty68cKSaN2vmas+A/n0rdC/DMDQoMSH0wkMMSkys0L1M09SAARWrEwAAAAAirVYEOPr27asB
A47+wd5nn31GeAMAAAAAaqjOnTtVuHvB6SOGyufzha0Wn8+nYRUcyXJ861bq/LtOYaulprjhumsj
dnZKcpIaNKgf9nNPPukkJQ2u2EPj0sxfsFCfTf0ibOe9996HyszKDNt55TFNU88886ROPOH4Krlf
dTPq2muUHuEQUlRUlJ78+2M644zhEb1Paa6/7i+6/dabZBiGq33NmzdX/37uwxG2batv396u9lTk
PpI0MGGAGjduXKG9AAAAABBptSLAsXz5ci1ZsuSo18866yx16lT7fkgGAAAAAMcCwzA0vAKhCcMw
lJQ0KOz1JA2qWBeNESOGyzS9+fbc7cPZcJ7ftWsXjRp1TdjvOWrUNXpx3HM677xzw362JD380P1h
ffj75D+e0Z49e8Jy1qWXXaILLxgZlrPKExMTo+fHjFZKclLE71VRkf7a9vlMPf7Yw2rXro3jPRWp
qU6dWD39jyd0w/WRCzwdKj4+Xv986XndfNP1Ff4cpqenuN7Tv19f13+v2rY9UW3bOv/8S5IMKa0C
9QEAAABAVakVAQ7btvX6669r/vz5h70eFRWlW2+9lRAHAAAAANRQFemGEBMTo969Twt7Lb16naK4
uDjX+wYP9m58im3bnp5/843X6ffnhWcsyXHNm+vfr7ykW2++QT6fT+edc2ZYzj1Sq1Yt9dK459Qw
vmFYzuvTu5cCgWBYzqoXV1ePPvKAXv33P9Wl8+/CcuaRTjvtVE388F0NGZIWkfPDJdJf25LUqFEj
jX3uGcXVretofUVr8vlM3XTjdXrzjf+oU6eOFTrDiT9cOFJTJr+v1JTKBXMqMtokJXmw6z2GYSg9
LdXdJltKHOhuVAsAAAAAVKVaEeCQDnyTPH78+KNCHDExMYQ4AAAAAKCGOvmknoqPj3e1Jz09xfED
VzdiY2M1JN3dw8QGDeqr1yknh72WmsI0TT3+2EN65OEHFBsbW6EzoqKidPVVV+jjKR9oUOJvYZhu
3brqjDNGhKvUw5x6ai+9986b6t6jW4XP6NSpo14Y+4zGvTBGLVocF8bqDjyg/vCDd/XiuLFhe1jd
qVNHPfbog3r9f6+oY4f2YTnzWNCly+/0r3+Ni8h7ypH69D5NEz94R48/9pDat2sbljNjY2N10R8u
0JRJ7+uRhx9Qi+OaV/rMdu3aqHNn5z9nM01T6RUMBA0Z4g1OiAAAIABJREFU4u49t1u3rrV27A8A
AACAmiHK6wKq2vjx4yVJgwf/luw/GOJ44YUXtGXLFq9KAwAAAAC4FB0dreHD0vX+B5Mc70lNTo5Y
PclJg/XxJ585Xj9s6BDFxMRErJ6awDRN/eHCkUpNHayPPvpM77z7nnbtygi57/jWrTRy5Hk679yz
1apVy1LXPPbIA2rZooVmz56jHTt3qbi4OGx1t23bRu+985ZmzZqt1998W6tXrwm5p0WL45Sakqxz
zj5DJ598UkRH5/h8ptLTkpWelqyftv+sBQsWau7c+Vq6bIXjz0O7dm00oF8/jTh9mPr0Ps2zUT/V
Xd8+vfXRRx/qzTfGa96ChdqxY6f8fn9E7hUdHa3zR56n8849RytWrtSs2fM0Y8ZM7dy5y/EZjeIb
KSVlsAYlJigxMcF1CM6J4cOGavPm0D9ja9euje647RadcHzrCt2n1ykn6+abrtdrr7+l/Pz8kOtP
r8DYLQAAAACoSoakyPeUrIYuvfTSw0IcklRSUqIxY8Zo69atHlXlvcKiEq9LAAAAAADUYrZt6+cd
O7Xpm83K2J2hvH15KigqUp3YWDVo0ECtWrVSp47t1abNiTIMw+tyf5Wdna2v1q1XRkamcnNyVFhU
rAb166lhfEM1bdpEXTp3LjNoUpVKSkr0/dYf9PP2Hdqxa6fy8/JVXFKienXrqn6D+mrYoKEaN2mk
Lp1/p6ZNm3pdLhzKyNit77du1a5dGdqTtUcFhUUKWkHFxsSofr04NWnSVM2bN1Xbtm3VosVx1erv
DgAAAADgN7U2wCGVHuIoLi7W2LFja22IgwAHAAAAAAAAAAAAAABVr1b3vhw/frzmz59/2GuxsbG6
/fbb1b4981wBAAAAAAAAAAAAAEDVqNUBDulAiGP27Nmy7d8akRwMcbRp08bDygAAAAAAAAAAAAAA
QG1R6wMckjRhwgTNmTPnsNdiY2N1xx13EOIAAAAAAAAAAAAAAAARR4DjFxMmTNDs2bMPe61u3bqE
OAAAAAAAAAAAAAAAQMQR4DhEWSGO6667TqbJpwoAAAAAAAAAAAAAAEQGqYQjHBniyMvL00svvSTL
sjysCgAAAAAAAAAAAAAAHMsMSbbXRVRH559/vvr06aPnnntOWVlZXpdTZQqLSrwuAQAAAAAAAAAA
AACAWocARzni4uJUUFDgdRlVigAHAAAAAAAAAAAAAABVjwAHDkOAAwAAAAAAAAAAAACAqmd6XQAA
AAAAAAAAAAAAAEBtR4ADAAAAAAAAAAAAAADAYwQ4AAAAAAAAAAAAAAAAPEaAAwAAAAAAAAAAAAAA
wGMEOAAAAAAAAAAAAAAAADxGgAMAAAAAAAAAAAAAAMBjBDgAAAAAAAAAAAAAAAA8RoADAAAAAAAA
AAAAAADAYwQ4AAAAAAAAAAAAAAAAPEaAAwAAAAAAAAAAAAAAwGMEOAAAAAAAAAAAAAAAADxGgAMA
AAAAAAAAAAAAAMBjBDgAAAAAAAAAAAAAAAA8RoADAAAAAAAAAAAAAADAYwQ4AAAAAAAAAAAAAAAA
PEaAAwAAAAAAAAAAAAAAwGMEOAAAAAAAAAAAAAAAADxGgAMAAAAAAAAAAAAAAMBjBDgAAAAAAAAA
AAAAAAA8RoADAAAAAAAAAAAAAADAYwQ4AAAAAAAAAAAAAAAAPEaAAwAAAAAAAAAAAAAAwGMEOAAA
AAAAAAAAAAAAADxGgAMAAAAAAAAAAAAAAMBjBDgAAAAAAAAAAAAAAAA8RoADAAAAAAAAAAAAAADA
YwQ4AAAAAAAAAAAAAAAAPEaAAwAAAAAAAAAAAAAAwGMEOAAAAAAAAAAAAAAAADxGgAMAAAAAAAAA
AAAAAMBjBDgAAAAAAAAAAAAAAAA8RoADAAAAAAAAAAAAAADAYwQ4AAAAAAAAAAAAAAAAPEaAAwAA
AAAAAAAAAAAAwGMEOAAAAAAAAAAAAAAAADxGgAMAAAAAAAAAAAAAAMBjBDgAAAAAAAAAAAAAAAA8
RoADAAAAAAAAAAAAAADAYwQ4AAAAAAAAAAAAAAAAPEaAAwAAAAAAAAAAAAAAwGMEOAAAAAAAAAAA
AAAAADxGgAMAAAAAAAAAAAAAAMBjBDgAAAAAAAAAAAAAAAA8RoADAAAAAAAAAAAAAADAYwQ4AAAA
AAAAAAAAAAAAPEaAAwAAAAAAAAAAAAAAwGMEOAAAAAAAAAAAAAAAADxGgAMAAAAAAAAAAAAAAMBj
BDgAAAAAAAAAAAAAAAA8RoADAAAAAAAAAAAAAADAYwQ4AAAAAAAAAAAAAAAAPEaAAwAAAAAAAAAA
AAAAwGMEOAAAAAAAAAAAAAAAADxGgAMAAAAAAAAAAAAAAMBjBDgAAAAAAAAAAAAAAAA8RoADAAAA
AAAAAAAAAADAYwQ4AAAAAAAAAAAAAAAAPEaAAwAAAAAAAAAAAAAAwGMEOAAAAAAAAAAAAAAAADxG
gAMAAAAAAAAAAAAAAMBjBDgAAAAAAAAAAAAAAAA8RoADAAAAAAAAAAAAAADAYwQ4AAAAAAAAAAAA
AAAAPEaAAwAAAAAAAAAAAAAAwGMEOAAAAAAAAAAAAAAAADxGgAMAAAAAAAAAAAAAAMBjBDgAAAAA
AAAAAAAAAAA8RoADAAAAAAAAAAAAAADAYwQ4AAAAAAAAAAAAAAAAPEaAAwAAAAAAAAAAAAAAwGME
OAAAAAAAAAAAAAAAADxGgAMAAAAAAAAAAAAAAMBjBDgAAAAAAAAAAAAAAAA8RoADAAAAAAAAAAAA
AADAYwQ4AAAAAAAAAAAAAAAAPEaAAwAAAAAAAAAAAAAAwGMEOAAAAAAAAAAAAAAAADxGgAMAAAAA
AAAAAAAAAMBjBDgAAAAAAAAAAAAAAAA8RoADAAAAAAAAAAAAAADAYwQ4AAAAAAAAAAAAAAAAPEaA
AwAAAAAAAAAAAAAAwGMEOAAAAAAAAAAAAAAAADxGgAMAAAAAAAAAAAAAAMBjBDgAAAAAAAAAAAAA
AAA8FuV1AQAAAAAAAIfKD9j613ZTsaatS1pJTaO9rggAAAAAACDyCHAAAAAAAIBqw29JX2QZWlpg
KrdEahUT1JnNbcX5DK9LAwAAAAAAiChGqAAAAAAAgGohYElLcg19lu1TVrEpv23q/UxTm/YbCtpe
VwcAAAAAABBZBDgAAAAAAIDnbElbC6VP9xjaVmzItm3ZlqVMy6eXd5r6qUiybFIcAAAAAADg2EWA
AwAAAAAAeC7bb2h6tqGv9hsKWpJ+CWvYAVubCnx6d5eUG/C2RgAAAAAAgEgiwAEAAAAAADxVELQ1
P8fWvFxThZbxa3jjgAOdOGbl+vTlHkMBiy4cAAAAAADg2ESAAwAAAAAAeKbEktbmGZq2x9TOYkO2
Vfo6v23o/UxTy/cZ8pexBgAAAAAAoCYjwAEAAAAAADxhSdpWKH26x9A3RQd/RFF6hw3bsrXH8unV
naa+LayyEgEAAAAAAKoMAQ4AAAAAAFDlbNvW3hJpRrah1ft9smwdMTqllD0BW1uLTH24W8oqMaqm
UAAAAAAAgCpCgAMAAAAAAFS5QsvQ0n2GZuWY2h840GEjNFuWZWtJXpQ+y7QZpQIAAAAAAI4pBDgA
AAAAAECVKrFsrcuXJmdJmX6zrKkpZSoI2Poi19Ts7JBNOwAAAAAAAGoMAhwAAAAAAKDK2JIyig1N
3G3qu0KfbNuS2wSHbUu7S3yalGlqw34SHAAAAAAA4NhAgAMAAAAAAFSZgoCtj/cYWltoyrJt1903
DgoEbX1fZGhSpqldxeGtEQAAAAAAwAsEOAAAAAAAQJUI2NKCHOmLvVEqChoVDm8cYKvYklbu9+mL
vab8Fp04AAAAAABAzUaAAwAAAAAAVIn1+dJru0zlBSVZVuUPtKV9AUOzcg3N2GuIDAcAAAAAAKjJ
CHAAAAAAAICI2x+w9cp2UxmBKNnhCG/8wgpa2l5oaOpen9bvJ8EBAAAAAABqLgIcAAAAAAAgomxb
enm7qU1+U1YwfOGNg4KWtHG/oU8yTe0qDvvxAAAAAAAAVYIABwAAAAAAiKgPM2x9ssdUMGBE6A62
/La0JM+nWXskf/gzIgAAAAAAABEX5XUBAAAAAADg2LUuT5qw26cG0bakYATvZCtoGJqb71O73KD6
N7LlMyIVGAEAAAAAAAg/QxIDYvGrwqISr0sAAAAAABwj8gLSukJThdaBMSpVpWm0rY51bDUwJTIc
AAAAAACgpqADBwAAAAAACLsSy1ZmwKf6dX2qG8nGG0cwjAO/rZIVCCoq2lZd2YQ4AAAAAABAjUCA
AwAAAAAAhFXAlnb7DeUbPgUCkmVVbfNP0yflGaZiA0FFR0tRNp04AAAAAABA9Wd6XQAAAAAAADh2
WJKyA1KO7VPArvrwhiRZQSloH6hhX8CQVZXzWwAAAAAAACqIAAcAAAAAAAibgoCUY5kKyPQkvHGQ
FZSKbUOZQVMFMkWEAwAAAAAAVHcEOAAAAAAAQFgUBaU9QVNFhk/BatD1wrZtFRmmdvsNFQalalAS
AAAAAABAmQhwAAAAAACASgvY0p6goRzbUEk1CUvYtmTJ1n7DVHbAULAa1AQAAAAAAFAWAhwAAAAA
AKBSgraUEzCUK1NBGbKrQ3rjF1bwQLhkr+1TTtBglAoAAAAAAKi2CHAAAAAAAIBKKQxKObbkl1kt
Om8cyQpKfhnaHTSVHzS8LgcAAAAAAKBUBDgAAAAAAECFFQalrKCp/ZZPAcuulgEOSbJtWyWmoV0B
qciqpkUCAAAAAIBajQAHAAAAAACoEL8tZQcN5VqG/LZkW15XVDbblixLKjKjtNvvU7C6Jk0AAAAA
AECtRYADAAAAAAC4FrSl3IChHJmyTFOqAXkIy5JKgrayLZ/2+BmlAgAAAAAAqhcCHAAAAAAAwBVb
UpEl5dpSiW3IqkEjSWxLskxpt2VqV4nX1QAAAAAAAPyGAAcAAAAAAHClxJIyA6b2BX0KWAfGk9Qk
VtCWFeVTjmWqKFjDigcAAAAAAMcsAhwAAAAAAMCxgC1lBQzl2KYsGTVidMqRbEl+v61AlE+7Az4F
a1AHEQAAAAAAcOwiwAEAAAAAAByxbGlfwFa2ZUimZNe01huHsG2pqMRWrgxl+Q2vywEAAAAAACDA
AQAAAAAAQrNtyW/ZyrZ9Cvh8CgS8rig8gjKVJZ9yg15XAgAAAAAAajsCHAAAAAAAIKSgbetnv0+5
lk8Bf83tvHGkoGUraBraHTBUGKQTBwAAAAAA8A4BDgAAAAAAUK6gLe0OmsozfDrWIg62LfkDUpER
pT1BQ37r2AmnAAAAAACAmoUABwAAAAAAKFduQNobNGWbBzpWHGtsWyoJ2sqxTWUHDQWPvQ8RAAAA
AADUAAQ4AAAAAABAmQqDUkbAp4DPPKZGp5QmYEjZtk95QenY/kgBAAAAAEB1RIADAAAAAACUqsSW
dvgNFcg45sMbti0FLalIpvYGTRUGj7VhMQAAAAAAoLojwAEAAAAAAI4SsGxl+g3lm1EyjNoRZrAt
KRC0td/2KdsyVGLXjo8bAAAAAABUDwQ4AAAAAADAUXKDprJtU5ZsWdax3X3jULYt+W1b2UFDOUEp
UHs+dAAAAAAA4DECHAAAAAAA4DD5QSkzaCpgmAoGvK6m6tmS/DKUEzS1PyhZXhcEAAAAAABqBQIc
AAAAAADgV0WWrQy/oSKZCgZrZ/sJ2z4Q2igyDO0NmioKSrZdOz8XAAAAAACg6hDgAAAAAAAAkiS/
Je3xGyowfbJ0IMhQW9mWFLAM5dmm9lqmAjK8LgkAAAAAABzjCHAAAAAAAABZtq2cgKF9hk8BW7Ks
Wpze+IVl2QrKUI5lKidgqJY2JAEAAAAAAFWEAAcAAAAAAFB+0NBey1SRZSoY9Lqa6sOybAUMQ1mW
qf2WRK4FAAAAAABECgEOAAAAAABquUJLygqaKpIhqzbPTSmFLSkYtFViGMoKmPLz6QEAAAAAABFC
gAMAAAAAgFqsxJL2+qUCw1DQMER+42i2LQWCUr582uVnlAoAAAAAAIgMAhwAAAAAANRStn1gdMo+
wye/bcgimVAm25aCtrTX8ik7YIjPFAAAAAAACDcCHAAAAAAA1FL7LWl3wFRB0JBleV1N9Re0bNmG
oZ0BQ/kBr6sBAAAAAADHGgIcAAAAAADUQkW2ocygqSLDkCExOsUhy7Jlx/i0y29qf4BPGgAAAAAA
CB8CHAAAAAAA1DJ+y9Zev5QvU7YhWeQQXAn4pcIYnzIDJsEXAAAAAAAQNgQ4AAAAAACoRSxbygua
yg6a8gelYNDrimoey7IV8Es58inLbxDiAPD/7N1pkF3nnd/37/8559yl90YDIECQIEFxX0RJQ22j
4UgajWfNTORJqsaV2Eml7EmVX6VcqZRfZJz4TSquuFJJyklcqdhTlcTl8Ti2kolG0mhmtFEbJXER
F3EXVwAE0Oh9u/cszz8vnnO7G1xBEgQI9O9T1bjd5z7nOede4NXtH35/ERERERGRC0IBDhERERER
EZE9woHNCGebwNCCmjfegxgdxzjjgbX6Ut+NiIiIiIiIiFwJFOAQERERERER2SOGEU5VgU0LqDbi
vXOgyQKnm8BAaRgREREREREReY8U4BARERERERHZAxw4U8L9K7DeuNo3LgB3Z7OE5weBF7fsUt+O
iIiIiIiIiFzmFOAQERERERER2QPc4fim8ycvNXzvtLNcgZnxQYodmBnDaJwewsub8MoWnBk6w2jt
85f4Bncxg8qNny5HvnzW+fmmEjEiIiIiIiIi8t7kl/oGREREREREROTiWRzC10/CwtC59wAc6hsZ
zqWMHxhQunF64Dy96jy3BusR8gDTOVw3EfnQmHF0zOCS3umO5cp4ZNX53qLR9I0sfIDSJSIiIiIi
IiJyWVKAQ0RERERERGSPMIOQG8sD+M5JWNxyPncYPjRpdOzSBSMGDk+tOD8467ywBeslYJDnkGXw
1BYc7cG9+5ybxqGfp0aRi80sXffVgfPdJXh41RlGmO0rvCEiIiIiIiIi750CHCIiIiIiIiJ7hYFh
mMEwwkNnYbl0vnAE7p4xehn4RUxGmMFGDY8sw7dfdU4OwQooOtDUO2vKCM9tOisVfGYWPrkv0M+c
eAlCHC9tOt9egMc2IEYwDacVERERERERkQtEAQ4RERERERGRPcIjlMNIOQyYQePw7CoMorNawSfn
YPIifVIQzFiqnO/NOz+eh5ObkBfQy9qmi5i+YgOhPTZfwbcXYC06H5+Bq7oXp4nDDAYN/GzV+fEy
PD+AGB1T8YaIiIiIiIiIXEAKcIiIiIiIiIjsMe5OjEaWpRaJF1dgs3HWG/j0nHFVz97fZIQZJ7ec
b55yHlyAtTpdLrahjZCn0EZTp2MYhJCCFMsRvr/krNbwmRk4Ombbo03ep1tltTEeWnDuX4L5Brw9
LiIiIiIiIiJyISnAISIiIiIiIrKHWIC8MIwUeqjb8MTSEL51Ak6sOl+8Dq4Zs/dlnIqb8dwafP0V
5/ElZ9AYoR1DEiJEh+ApsNGM7rFK7RxZBkYa//LoKqxV8Pk55+bJ9y/EcXYIP1xxHl5yVmpwBTdE
RERERERE5H2iAIeIiIiIiIjIHjHKN2QZdAooyzSixNomjpUteGjgVI3z164J3D5tGBcuFeEYDy46
X37ZOb7q1J6CF6N2DQvp+9gAo2OW7nsU8hgZOjy7CVs1LNfw4SnoZykAcqG8vOnctwjPbMJmo/CG
iIiIiIiIiLy/FOAQERERERER2SM8OnVtWIC6Se0bGOQ5VFUbfjB4bMk4XTq/dz3cMwshGP4ekhFm
qc3j66cjf/kSzG+lC+W5kxdGkaf7yUJq0fAIeAp0WIDMXj+yxIDG4eUhbJx2FofGpw4YM5m/pyYO
MygjPLkK31+CF7egfvfbiYiIiIiIiIicNwU4RERERERERPYIM8iCU9apccPbUSUOOJ6ez4y6huOr
zr94GuaPwW9dBfYuQxxZMJZK589OOfe97GyUYIyaN4w8S+uCpWaQpkmPWbZzz3XFdtDkta8HYKGB
7684Gw73zsKB7rt/fzaj8fCK88MF51QJ8d1tJSIiIiIiIiLyjinAISIiIiIiIrJHmNn2uJIYwcwJ
wYgNxCaFKpqmDXQ4LA3gS886x9fh96+DfR2jeQchDgvGS0P4ykvOj1516mgYpPoMIF3JqCoIGTQx
jU/JsnMbN9xTwOPNLwQbDfxo2Vkcwl87ANeNvfN5JyslfH/J+dGKs15zAYfHiIiIiIiIiIi8PQU4
RERERERERPYYhxSi8NRukRUpQBGbFOowjBAMHMpo/OCEs7Tp/I0bM24Yf/sQxygo8uSK86UXIk8t
QdE1vHKaJo1w6RRphMtg4GSZURQpVDL6qutdIQ6DrBPSE2+hivDUJqydgs/PwR1TRmHnF8NYLp1v
LMCPlqH2149sERERERERERF5v4VLfQMiIiIiIiIicvF4mpdCMGiigYFHJzaOhRSmCMb2VxYcC/D4
IvyvT0eeWHHsbdIN7s5Di5H/40XnmVUAoxpC06SgBqSwSKyNYEa3l0a5FAV0Oun5EHbW1RVUg7cf
ZmIpc8IrA/jqGefRlUjTjmt503OCsVDCv34VfrAMDQpviIiIiIiIiMiloQCHiIiIiIiIyB7iDnUD
0VNgIoQUrMANj0Zdp0aOLEtrmsZSawbGyWXnnz7hfHfeqZ3XJR2c1ILxlVPO//UCnN2EqgYLTl6k
BTE61t5DyB3MU6iENL6lqqCp01cIYCE9+juYZ2IGZyv4t6fhr+adleqNx6E0GE+tOH/0svPUxrt8
Q0VERERERERELhCNUBERERERERHZI9yd0fSTLOzkL4wUsnAMd6hKwFN4Is9SCIMIhrGw5fzJczA/
hM8egLmu4e64GQtD589POj88Ywxqb8MaRtOkcIZZGxahbctwI8vTvYyOdTopQBLrFNrI8/T1TpnB
oIGvn3WWK/jCHOzv7SRBaowHV+EvjjuLvtP4ISIiIiIiIiJyqSjAISIiIiIiIrJHuINHo8h3RqlE
T9/baP4I4BGy3AkhhS9GYQ5IIY7VCv7qFWe9hF89nEIcL2/An7/i/GwZyug0TbpW2jA9dPswHLbj
WbJ0PM8AS6NSmiYdN1I7CO9xlEkKicCPV2CrgV874FzVMzZr5/4l59tLzhYKb4iIiIiIiIjIB4MC
HCIiIiIiIiJ7RAhGUUBZQV2nIMUoJGFpigoBh7aJo2mc6CnYYZkTGyOElMZYGxr3nXAWtuDmGXhs
yXlyycmCtWNZ2laPNsSRZ21AI6SRKTFCnhsxglfpPszS7dQVqZkje++vedQy8ugaLJXOL++HZ9ac
B9ZGwZX3fg0RERERERERkQtBAQ4RERERERGRPcLdaWJq2MCBtnnC2WnicIxgED2NRjFr2zc8JR1i
Y9thizLCTxecR5egianFI0Yny4w8T+NS0ngWKDowHDruO4kJsxTUGK3JstGYlRTwCOHCBSzM4JUh
/MuTfs4xEREREREREZEPCpWEioiIiIiIiOwR0aGu2rEopABDCkk4sR2pAqk5I7VhpPaNUWvGaJSK
2c652y0ZznalRVWlAMZoXZY5VZ0aPNIST2NTIlRlagNp6nR6XafjwwHb93mhKLAhIiIiIiIiIh9k
auAQERERERER2SOMdlQKKXwBozYOw3xnjbdjU0ZibIMXAfK8bfHwNHMlxt2jSOycfWMzupalwSw2
ynkYRfuJRFlC3o5L8WFaE2Mb3th1DyIiIiIiIiIiVzoFOERERERERET2CLfUfhHa9gz3NmSxKyjh
pPDFTiijbdMALANIYY7ROTGS9svaESxx5zFG6HTb68SdNSGkMEhsUnBj1OIxatxomrQWNWaIiIiI
iIiIyB6iESoiIiIiIiIie4Wn9os83xl/Ym/0ycD2aJWdr9H52+NXSKNVdlo1fDuo0bShkN3jVpoI
nU66ZghpVApAtw14uO8EPACysHNNEREREREREZG9QA0cIiIiIiIiInvIKFARY3vAz33OLR1L4QvH
MKI7TdOOVwHwUQuHteGOnU22922vU1XtNXFiTCNXQtu+Ydm54Y0sANlO8CNG8ExFHCIiIiIiIiKy
N6iBQ0RERERERGSPMIMscxxoolPXEEdhjQBZ/gbNF+a4G2BET1EK9zbM4TtNHfjOcUvLwXy7kcMM
ynJXw0Y7OsVG41wi1M3OHufcg4iIiIiIiIjIHqAAh4iIiIiIiMgeEcwImaXxJ2aEQApokNo22mEo
hJBSFNGNJqZ1O6GKNDNllK2I7kTfCXeMxq0Y3tZ5tOui4THtMxqjUnSgKHaaOspyZ0RLyFKgxFS/
ISIiIiIiIiJ7hEaoiIiIiIiIiOwxWZYCEnXVjilxiBjenLtu1JYx+u8fPgpujBo3AI8G7diUkDnR
ATeKwogxhTii7+wVPZ3f6aS2jxhpn3fyLI1maSJ0Qgp5iIiIiIiIiIjsFfooRERERERERGQP8Qh1
nZou4ihNASmQEduvXQ0b+E4rxuig2airg50gBxAbg2jbe1mw7bBHCI4FcJws7IxeqesUJAFomjTW
xdg1mkVEREREREREZI9QgENERERERERkj4ltECMEIwQntMEKC7490uSc8MTo04OdrAcW2sNp2gq7
l5tB3bQNH234I0Yjz8HcUmijScGQpkn3E4IRzkmGiIiIiIiIiIjsLQpwiIiIiIiIiOwhIUC3A8Eg
L6DTSS0ZhpHnBm3zRRZokxqQZ2wnNIJBMCezNIrFRumN9svaTxqyDKI7IXOKTjoWY9vC4SnYMRxC
WTrm7V6hvade2reJu8a4iIiIiIiIiIhc4fJLfQMiIiIiIiIicnHE6JSlUbUNG0YKSYwaL+qG7UYN
d99eVNe7NjFwbDtY4XDOaJUsS+NTALJgmDl5fs7JaUyKObgRMiMEiBGaGrI8hTti1p6SISIiIiIi
IiKyJyjAISIiIiIiIrJHhJBaNoZVGp1SV6nhwkdBMWdvAAAgAElEQVRjSyJ0ujuBjdC2bsRdLRgx
pqBGCJ7OHVVzGLilkSghOFWdWj2KwjCDqk41oGlMi5Fltr2v0YY6Ru0cbfNGnr9mlIuIiIiIiIiI
yBVMAQ4RERERERGRPcUJ5gSDhhSUyAJY23wxGHgKXnSMJkIEIk4YBTVGYQ9LwYzd7RshOGaGmUGT
RqeEAMOhE8zIMgDbDmgA1I3T7aS98hyw1MKxc52L+NaIiIiIiIiIiFxCCnCIiIiIiIiI7BHuToyp
4QLaRwfLUniijKmlw0hNGhEgsh3esCyFPZoaMMfdtjMW7hDdCDhNk0aleEytHCHspDBidJqYAhvB
UkvHKKtR1+k+8gzy4iK+MSIiIiIiIiIiHwAKcIiIiIiIiIjsEdFJ4Qp2RqeYpa+mDXV4JI1D8XPP
DQHA2/CHpfBG3FWQ4W0go515YlgKjDQQGwNLoYwsGFQ74Y8sA/O0T5ann+OuexMRERERERER2SsU
4BARERERERHZI4JBljt5G46InsameJvWiLENd2z/AU4aqRIBc0vBjvbLYTvBkUaotGGQJj1mmREC
DGrIQgpzjEasWBglRIyycrJgdDopxOEanyIiIiIiIiIie5ACHCIiIiIiIiJ7hDt4NJp2vImRQhfu
BngahWK0M1HSOUZqz0hrHY87I09ol5pByNJesd3XcicEo2lScCSYkXd2mj882nbgI0Yjz1MLiNdp
REunC3m42O+QiIiIiIiIiMilowCHiIiIiIiIyB4RgpFl4O0Ik9GIkhSqsJ3Wi1F4I+yMUklrjZA5
ZkZTp7DHKIQRstS8Eds9sszakS0pjFEU7T1kMBxABPKcdiRL+xihbgMeRdcuiwYOjXkRERERERER
kQtFAQ4RERERERGRy9CgrFhc26Cqa+oYWdvYAmC836NX5FibLKiahtWNLTDjVNWh3sjJQ44BZQlV
lWaheF3iTY0VvZTcIDVnRMDLze3RJyEPWKxoygo84nmGk0FW4JZhIQMLuDnN5jIeG8LEFN4pUhtH
lho2isJpqsBgy3fGsZBaPooCogeq7PUVHLEajhYSh4MU9hifBMBjg8eIZRlmO+d6bIjlgKYsyccn
CdnOxyHukXpznViWWJ4T8nM/KglZ+3qaGncndLpYlqexMrHBgK1B4FQ14KU6MKgq8pDRLdI+0Z2y
rtnYGrK2NaDIMw7OTFFkGWXdsDUsqeqaraokC4HZiQn6nZR2cWBzMGRtc0AVa7IQKELG9MQYnTxn
bWtAWdXcdcO1BCVJRERERERERC57u/5fjQhsDcpLfQsiIiIiIiJyHl6ZX+Rff/t+fn7yDFVTs7i6
AcDs5Di9IqeJDiFQVjUrGxsEM8q8x0PrGRZSuKFpoK7byoymAm+wTh8IpFSFgxlebrZXNSzL8XoI
9Rbu3gY2Msj7WNZ+354XNxdSWqM3g+XF9r0bKaThllPXKRjiHvHYkGWQ5wELAfe4XQEyCmXEcpDu
NwTqzXU8OsXk9M79OqkWZPQz4O54NaQeDCgmp7fDLe2T1Jvr1MMBWadLVuzcZ7pujoVArGvwiBU9
LKTzHTALdPLAh7IB1/WNQV2RZxmdrNhuECnritWNLVY2tiiyjMNzMxRZThVrNgZDyqphczAkC8aB
2Sl6eWd0c2yUQ1bWtyirmiwY3aJgZnKcTlGwsrGBu/PP//M/YKzbQUREREREREQub2rgEBERERER
EbkMVXXNA8++yMPPvcQnbjnGtQf2AZCF1AJRxUhV1/SLgmvmZmli5OXVAfXWkKaOmFdgOW45ZAWh
0wYwANyJdZnmmgQj9KfOubYVPdynzplwYmZpnoh7aslwCBMHAEuBj63FtHXopWqPLAUlLHQJGdBE
quGQujZC6BECeF0Ry2FqxbA+VgRCbzztU1cMl+Ypl+fp7jtEZ2qGYmIa63TxpiaWQ/Am3VxWkI9P
kY9PEeuaZmMVSCGT0OmST85QzGTp9djrWz8gRVoAYl2l8z2SjU8Tig5GxMzIMmO2O05ZNyyurzOs
ItMTPaZ6PSZ7PY7MzQKwWVZs1SVjnQ4T091zrhPdGdYN3oZPZsbG2Dc+fs6a9cGQ00urPH38JKsb
m6xvbSnAISIiIiIiInIFUIBDRERERERE5DLUKXKKPOOO667hP/3tz3Ps0MHt55oYaWKkbiLdIicL
gSZGfny25JWnG6omNUrUTZbGnmQZIS9SeME9VXXGGmirO9uRK6lxIsU2zEbtFmmNWVt+YZCFBiMS
yWmiYbGGeoM8Aw8dQoCim1PVxqAsyDMnWENd1oQAnX5O0Qlpj7pK7Rsh3wmYBKg3NmmGQ2I15MAn
vsD4NTeQ91IIxd1T80cbgiBk2+d6jMThVrrvQHrdId9uJXk7HiPNcADuZL0+FgKTXfgb0wN+ZX9G
MKOJkbXNAXXT0O92GOt2zmn9qJqGqm62/27O2d+dxuP2WJk8CxjnjkcZVjVLa+v89//2a/zwiec0
PkVERERERETkCqEAh4iIiIiIiMhlqGkijTuzk2Mc2b+PI/tn33J9dDieO/0FCDGnacCqVLJhxva4
D2Ib1CD90WY6MJwYjSzbLtrYfmyLOkaTTcjz9FjXjkUjBIjR6Y8bsYG8gKpK1y+6aZ8QoBegKNLz
WUZ7Y69nBh4zvKnJuj3Gjxxj/PDR7daK87L9It+F0WXa0pHehHHVvopr597lfq/d3v3cMS9vYH1m
kiwEjh06QL/bfcu1IiIiIiIiInJ5UIBDRERERERE5DJkZgQz1je3GJTVeZ0To1OWRk0KTIwKLWJk
J5Tgux525SG8TTs0DSm4sGtfd2jaQEf09NUpwN1So0QDTW2Uw7YUw8AjlOVOk0fTGLYr/LG98Rtw
oN5YpVyZx+uKZms9HX0nAY7XvL53xUdbXNgGjLcLbwAsrG5wfH6RDx+7lnz0FykiIiIiIiIil7Xz
6wcVERERERERkQ+UTp4x3ulwcnGZ1c2t8zrHSWGN7RCGsd1aMWrWeN05MeUivG3qyDNSS8fuoAdt
hMHbJg53bHt/S80dbTDDgdhA3bTnjdY06fkQ3rR44xz1+gqDs6eIVclwZem8Xv+VZGVtnYX1TW6+
9rBGqIiIiIiIiIhcIRTgEBEREREREbkMTfR7XHdwjo3BgIWVdWJ8+zqJYJAXTghQlVDXYBhGClW8
tsDCAimZYbvO70DIdgIa1rZxhGxnfQiWjof2uDn9flpblzAYpOtnmZPnacRKXqT2jfMts/BYE8sB
sSqpVpfw83j9V5LNqiISODI3SwgKcIiIiIiIiIhcCRTgEBEREREREbkMjfe63P2h65jqj/H0yydY
O48WDjMjz4wsS80bsR1nYtsjS3atDTs/jp5OwQ8nxhQYGDVzYO33nvIXWQZNhLpyYpN2GQ7TsW5v
d1DDqKo0nKXbTcfPp0wi1g2bJ1/EskDIOwzmT1BtrJ7X6JErxRMvnWBjY5OxXmdPvW4RERERERGR
K5kCHCIiIiIiIiKXITPj1qOHOTw3zZOvvMrSxubbnuOkkEXTpLElo3KNENqohp27Np3AdtAjuoMZ
7r49WoV2zxghRqddQl2lewzBcDeaxinynfXBRusNC6nRg/Ms0fBqyMozjzJx9Famb/0o5dIZBvMn
9synHGubA/7iwce44+hhbr326vMtLRERERERERGRD7g98tGGiIiIiIiIyJXnmv37uGb/Pl48vcDq
eQQ4jBS0aJo01sTbcEbTGG1GY2ehv+ZEg6Y2mjqNSNle0wY2Qthp0Kgqx9t0RzrmNLVRVTAcOjH6
9jmdbrqAO2T5279mC8bqC08xWDjNxA13Mn3LRyg31hgunmnrO678OMODzz7Pk8dP87m7b2X/9KQa
OERERERERESuEApwiIiIiIiIiFymOkXOVbPTnFlZ4fmT8wyr6m3PMUtfMRq0I1C8DWJsj0wxyLL2
gAHx3A8QvN0nL5yik4IY0dOe3rZwhGB0OimUkWUwMenUtRPdyPJ07bQ+7TVqB3k7HhsWH/khoSiY
PHId+dg4wYzBwhma4fC8RrC88RuTwiEES48f0FBE3TT85UM/Y3Nzi1uPHqHIskt9SyIiIiIiIiJy
gZzH/20RERERERERkQ+qW649TKfT4YHnXuSX7rqJ7nTxpmvd08iSGIGUVUjBiZieH5VqRCA3I8sd
j6ltI8vB6521TmruCCEFL6w96Eb7B9RVTblZ0qzNsxUbzAL51H5C0SUUBXWdxqhkWdrn7VgW2Dpz
ms0TP6e3/zDj191MubJIZ+YAmyefZ7g4T//gkXf8Hro7cbhFubpMvbFGyAuKqVmKiSksfLACEi+d
XuDhZ1/iyIF93HH9EYr8g3V/IiIiIiIiIvLuKcAhIiIiIiIichn7xTtu4mM3HOUHP3uW3/30R5id
nCB7kzREdKjKnXEnTZO+RsmNVMThmFs7ZgUIKZVRlaQajjBa65jZdnvHdvijMSxAZhXVycdZffx+
BmdPUm+sQTC6c0fo3/hJ+sd+ge7EOJ22waPT4W2nn1iA9eMvUA82OHTHJ8m6XYqpGaZu+jALj3yP
jeMv0Js7hJ1PGqTlsWH95eeYf+A+BvPHqddXCEVBd+5qZu/8BDO3fJh8bPK893u/PXPiVc6srPF7
n/kY+ybHL/XtiIiIiIiIiMgFpACHiIiIiIiIyGVs3+QEv/Ppj/Jf/59f4s/uf4SbjxxiZuLNf7Hv
QIxQVdC0bRrBdp6zNkXhTmrfCJBn6Rw8rY2AuWG7xq6MhADBGsqTP+P0t7/EYP4EHuP289XaMsOF
k9hgmc5HfhUv+sSYwiXhbQIczbBm/cWnyMdnmLrxDjxCKHpM3nAH6y89xepzjzF5/U109111XvNY
3J31l5/jxF/9GzZO/Lx9kclwaZ7B2RM0g03mPvIZ8v7Y2+73fhuUFU+9fJJOHvjMnTcz3ute6lsS
ERERERERkQvo/P9LioiIiIiIiIh8IN175y18+rYb+fIPH+S5k2eIbxFeMGO7LiNY+20bxBgFKNoI
ByFAZinXYNvn7uwd/dzxKxacLIdqdZ6zD3yLwcKrOAYh2/myQLW+wtLj32PzxcfBnbxo934rFtg4
+RKrz/yU6Vs+SjE5De4YTn//AaZvvpvh0hnWXnwab5rzet+arXVO3/+XKbzx2vsMGeXKAgsPfYeN
4z/H4/nt+X56+pVX+c4jT3H3DUe58cgh8kzjU0RERERERESuJApwiIiIiIiIiFzmpsb7/PJdt1JW
NV++/2HWtwZvuT4Lzmt/92+7WjgITlHsyjIEx0J6BDu3dmN0noN7GqlSnvo5gzPH8fhmQRKnWV9i
66XHoSnJc3vrAIcZ9dYaZ370V4Ruj7mPfIas6IzuFss7jB0+St4fZ/2lZylXF98+EWLO5umTbLz0
1Ju3dVhgsHiGtReepBluvu2Il/fTysYmX/7RTzmzusavfvRO9r1Fy4qIiIiIiIiIXJ4U4BARERER
ERG5Anz4hmu5/tBBvvzDh3nipePENw1PJNZ+IuCesg6jZg4zwI0QjDwfZRtSZYd7GpGSMhx+zj6j
XEd0o1o6iZcbvH7Ayg6PDfXWKvVg/a2nnZiBR5Ye/wlrzz3KgXt+hbHDR18XDikmpukduJqtM8dZ
f/FpYlW+ZYjDAgwXT9EMt3a9iDe4z6ZmsHCGWG69xU2+v5oY+f7PnuWbD/+Me246xidu+xD9bueS
3Y+IiIiIiIiIvD8U4BARERERERG5Anzo6oP8x792L91OwT/76nd4/MXjb7jOAjSNUVVp/MlohAq0
4QwcM6dpUv6hieDubbtGathIWY8U6rB0Stp7+xrhPGaiOEZDHuq3DHCYGYOzpzj70H2MXX09cx/5
VDvqZddJ7uTj08zefg+dyVkWH/8Ray8+lUIcb7oxBAv4W6ZH2qVZGL05l8TJhWW++qNHmOj1+Ou/
9AtcNTN1ye5FRERERERERN4/CnCIiIiIiIiIXAHyLOO3P3k3f/Bbn+UHTzzL//T//Dmnl5bPWWOA
eQpueDz3uHsKa4QwCmqkpEaRpzVpfEob9rAUBDFsJwAR2+fcKfYdwTpjvNXMEcsKOlP7KSam3zwb
YUa9tc7CQ/dRb6xy8JO/Rj4x84ahCwuB8SPXs+/uT9JsbTD/k28xmD/55m+YG8XMAYrx6XPfjHPW
OKEo6B84TNbpv/le76OVjU2+9uOf8ugLr/CrH7udj33oejqjvxQRERERERERuaIowCEiIiIiIiJy
hRjvdfnrn/4FfuOeD/O1Bx7nLx58nLgr7OCkkIZZKpQ4J17hOzkGIzVfNHV6IqTKCzxCjE4ITiql
8O2iDd+1R3bwZroHr09NHG/EoZiYYeLYLeS9NwlGmBHLIYuPP8Dikw8yc9svMHH9TfAWo2Es7zB1
wx3M3H4Pw8V51p5/Io0+eYMciUejf/AwE9fdzJsHTZzu7EHGr72JUPTfaiLM+2JQVnzv8Wf4t999
gKMH9/G5u29javzSBElERERERERE5P2nAIeIiIiIiIjIFWR2aoK/+7tf4Oarr+J/+8q3+PYjT7xu
jQUIGWApk+CjY5a+rB2lEiPEmMamZJlhwcEtfVk7S4X0fNi1Zz65j6m7Ps/Y1TdiIdup/PCUHulM
zzF112eZPHY7vHYcCoAZHhtWnnmUsz/5JmOHjrL/ns+RdfuvX7ubO1lvgtk7PsH4NTew/NRDLD/1
MLEcvuHafHySAx//FaZuvDOFTXbfJ9CdO8zcR3+Z8auPpddxEZVVzQPPvMAf/fl9mBl/43Of4qYj
h7C3HU0jIiIiIiIiIperDPiHl/om5IPjD//wH1zqWxAREREREZH3aN/kOFfPzfLgMy/wrYef4qZr
ruLaA3O8vOV8/ZTReKrfiA7BHDPDSAGMLE9hjKY2HMgyqOvU2uG+OzxgKdRBGp0yCm/gaW0+Pks+
d5SQZwQiWV6Qj00ycfRWpj7ya4x/6GNk/SmyDM7JJLQ/rD73BKd/8FUADn/ui4wdug57i5Esu+W9
MfLxSbZOHWfthSfJxybp7T+I2bkhDDOjMzlLd/9hsk4PLBBCSAGTY3ew/57PM3PrRynGJ978Yga9
rvHxfuTGsfO6vbfVxMiTL53gn37lmzx/6gx/61c/w2994m4m+r0LcwERERERERER+UDS0FQRERER
ERGRK4yZ8bm7b2Oy3+O/+N//Ff/oj7/Mf/k3v4jtPwak4IY1owKN1KDhDkQYjUyxkIIdeQ4Y1GUb
1Aje7mFYTGGPrA2DbBdYBLBQ0Nl/PZ3JGXywSlNVdHuBOozTmZ6l6BQ0EZpmu5iDkKfmjdWfP8mp
732FerDFoc/8VmrAsDYdcp4mrjkGn/l1Tn/va5z58TewPGf6pg+/rknDsozxq6+nO3uAuY1VYjnE
spysP04xPkUoigvwN3L+6iby2PMv80/+v7/ikedf4d//pXv4nU99hKmxiz86JcZI2BjQLJTbx8Jk
gU13Sf8wRERERERERORCemeffsgVb2tQvv0iERERERERuSxUdcPXH3iM/+aP/5SxTpdjd/0C98/+
EnQmidFHE1AYPXjbnpGd87t5J8+NqoK6Sk0b7qNnUkNHkUOMUJU7z23vGyBvMxNZDlWVfvdf5Cn0
0R/lEswwGlaefoTT3/8a9XCLqz79G8ze/rF2dMo7ZOCxYfPEi7x6359Rri6y765f5MAnv0BWdLbH
pLzupFQ1wnl/XGIwMxn4u/sqfmPund/mbk2M/OyF4/x3/+ZrPPL8y/x7v/Rx/s5v/DJH9s9e1NEp
sWrw5xZofvwqxZkBbNR4WWMTXTa6NfVsh7Gj+8nv2k84MJFSPCIiIiIiIiLynum/S4iIiIiIiIhc
oYo84wsfvZ1uJ+cf/fGf8dXvfJf+3WN0b/rllFNoMwwGZEVqw4gN5JbiC7FxPKYWDncny9pYg6eG
Do9GbCCGtokjg6beiT7snGfbY1KyNgDSROi05RaO4cNNlp94gPmffAsLxqFf+m2mb7773YU30qaY
ZYwfOcbhz/4uJ7/5JU5//yt4jBy+9zexEPD42hCH70qgXFxV3fCNhx7nn37lm7x8+ix/+9fv5T/8
wi8yNzl50cIb0R0WVzj5Rw8wePQE42XGXDZB1wpyN1bjAmfLZXpFl8mJBbJvnaD89CGyzxzBZvoX
NWQiIiIiIiIiciXKgH94qW9CPjj+8A//waW+BREREREREbmAijzjmv2z3H7dEZ5/+RWefvxBgjV0
564m73basEUam+Ix5RdiO9IE0mNTGxiEzNpyCgMsBT/ydE7dpEaNUYlFOteJ0QghhTmadt8iTz/n
RbrWYGmRhZ/8JQsP3ZcCF5/7IpPHbiPrdN77G2BGZ2qG8WtvZHD2NEuP/YByZZGxw9eT9/rvPbBh
0OsaH+9Hbhx7d1vUTcP/8qd/yX/7r77MZL/PP/ibX+T37v04U2N9QriIzRvPLnDmf7iPq56r6Q7A
q8jyYJ3TW0uslBuslZvEuoE6MtZk9Nec7OklyhNLhKt72HR/5y9fRERERERERN4xBTjkHApwiIiI
iIiIXHnyLOPAzCSTswf5+s/nWX36x/jKcTpTc9Df14YEUtgCIOLt6JM2sGHQNIaZg6djFtqAhqe6
jtjmIIxzx7F0u7YzTqV9sshT20e1vsbak/cz/4OvsPb8z5i+5W4O3/vb9A8ewexCjuUwiskJJo58
iKaqOPvgt9k88XOK3hjd/YexEN59kOM9BDi2hiV/+oMH+R+/9Bf8sz+/jw8fO8o/+ju/zydvu5FO
nl/U5o347AKn/+f7OPRqoENGL+swmfcZyzuUsWG13sRxIjCIJdGdwjK2hlvMv3iS1RcXGbt5hmx6
XCEOERERERERkXdJAQ45hwIcIiIiIiIiV6YQMs52ZrnPbsJDzsYLj7L+3INYNYCxfVCMYaS2jGAG
bmT5KLiRRqQ00bZzDjb6M2U/IEIwx2xnjbuRFxAsBTxihKKAbqdm65UnOX3flzj7wDfwpmbm9l9g
7p5fpTt78P35/X+ErD/O5IfuoL/vAEtPPMDCoz+iXluhu+8AxXg7quSd5jjeRYAjRueJl07y9//5
n/CP/++vMb+ywr133cJ/9Te/yF03XHvxR5GUFSf+2fc5+qLRsRxv3wQDNuqStXqTA71pru0fYLLo
UcaGrWbIYrXOUrUO7viZdXor0LlrP/S7F/f+RURERERERK4Q+aW+ARERERERERG5eLLxWSbu/k16
h25g9bFvsPTw1+m//Cj9D32c3nUfpTs9TVZkVHVGVRq0RRgWjGw0cMVTOMNIwQ4LUFXp1/6j6EEI
6YfhEIrCMYtkNKy+9Aqnn/kuq88+goXA7Md+jZk7P8X0kcOUVU45dIpuCn1c8ByDR4LBvo/8Ir2D
13Dmge+w8Mj3WXn2EWY//IvM3flxuvsOYCGDkLVhjvc4YgVwd6I7dRN5dXGZf/mN7/PH37qfs6sb
/Aef/xR/8Juf5fbrr6HXKd7ztd6pGCP1j14l/vQU81VBL+swkXcxM84O15gvVznYnWKuMwXAWNZj
Ku+zEGvcG/a3x1eqDV7+7uPMZhUH/97nyTo7Hzl5TBUt1jheN8TBENsaYN0u1u+2M3XsffpLFxER
EREREbl8KMAhIiIiIiIisseETpfu0Q8zO3uE3s8fZP3p+1l+4KvkT95Hb/81TN5wG72rbqHpzZJn
BU2Eqs4wbPv366NHj+n7LBhN+71ZBIPMGqBhcOpV8vIUKydOMXz5UerBJuPH7mTfHZ+kd/VtWJER
YxrJ0kSoS8gLyLL35/V7Exk7fJQjf+33mbzuZuZ/8g3mf/QXLD32Q/pXHWX82huZvP5menMHyLo9
UoplV9vIyJtkDbwNa0R3yqrm1NIKz796mp8++xJ/9dMnOH52gduPXsM//u3P8st33spY79I1Vtiw
ovPQPIeyac4MFlmvt5gfOnnIaGLkwK7wBkDjDcNYMYwVc51JrurNkFtgIu8xP1yBH5zEPnsKPnUN
RMc3S+qFDbJnVrCnlhi8dJalxUUmO2NMdcbxsRw/Mknz8Vm4YT/ZVB/rZgpyiIiIiIiIyJ702o8e
ZI/bGpSX+hZERERERETkfRAdvrcQ+XsPG2XMsZCaNJoI1fyLlK88Qr18isHiKZr1RbozB+lcexe9
QzdgWY53p8mLnLzbJZKRh0iWO3UsiJ5mpHis8VjTrC/h5RbV2iL16jzDEz+jXF4kH59m4ujNjN9w
Bxz8MN1OO7IlQJ5FQuZkWaCJO2NbLigH9wZClrIXFoDIcGmBxcd+zHDhFOXyPIPFMxTjU0xcfwtj
h6+jmJgm74+TT4wRih4WcogNTiTkHabGA//J1Ba/MusMq4bl9Q1OnF3i7Moqz588w/d+9gwvnD7L
zPgYtx49zO9+6mP8ykduY2p87OKPS9kluuNPnqX4Jz/FloYANERWy03KWDOWdZks+tvrG4+cHa6m
sSnA1b19TBU7c2Ne2DjFVb1ZeldNE//+PTAoWf/+cTYffJlDZzIyMxqPLFUbFJYx0xkHh61YcXzz
LHN3HmXs3mNkn7gG5nqpkUNERERERERkD1GAQ86hAIeIiIiIiMiVKTp8fyHynz1kDJsU4EiBhjbH
APhwg3pjkXr+BTZfepzh6efJeuOEvCDWFVl/gu7cYbyYJA7XKXInjO2joUusSxguEzeWqNaWiOUQ
t4BbzviBq+hc9zHyyTmmDl0DRc7WllN0jG43jdgYLJ6lXp1n8uqr6UzN8n58XFGXJavP/pSJa26k
M7Nv5xLtmxGrinJ1ic1Tr7D+wpNsvPIMsa4InT6WZWTdPr25qyim9lGvL1NtbjJ26FrGJ8b5iJ/h
2rzm5PwixxeWWVxdI7rT6xQcO3yAe++8hY/ffIzrrzrA1Hj/kgY3Rtwd+7Ofk/+/z8NGhe96z4MZ
0Xd+brxhYbjGUrXBRN5nGEv6WZcD3SlyS1UpL26cIZhxbPwqqusn8Cay/OyrlF5zdW92e/fVepMq
NswU49TecHprmSwEDvVmMYz4qcP471yP3X9+BWAAACAASURBVLAPu+ApHhEREREREZEPLo1QERER
EREREdljHDBn+791eGy/74xT9CYIM9fSu/6jVK8+SRxuMVxdpF5dhGbIYHEer14hVhVbOCF7Gcsy
vGmwvCDrjlHMXUsxNUc+dx29A0eYmOlQMU5soDHwGsAIlgIk7k698DxnH/gOds9n2XfnJy74CA0L
gXLhVV756r/gut/923Tn9uN1bN+Q9BiKgv7+g3T3HWTq2G1snnqJ4eI89cYa5co8zWCT4eIZtk6/
gseGpiqpVubZzDIez0pOdgOzk+McO7Sfe++8iVuuvZrbjl7NoZkpJsb6FPn7NBPmXXKgfGmROByS
OZgZba7nNeGNyGK5znK1wUxngn2dCc4MV2hiA+z876CxvMtmPcRxihfXie6M5V1WB5tU3lBYhgMB
o2xqVtlksxliBvu7U2QWCGb4j06ztbBO/gcfgetmLv4bIyIiIiIiInKJKMAhIiIiIiIisgdF59yS
C0+ZCY+OAaE7SX7dJ8gMiiYtzupVqrUV4nAdM8iydgxLDRiETp/QnyYfn8Ytx8zp9w0yCDFdI0Zo
0hQTQmj3yDKyokOsBlTrK8RYE/JO2vwC2jr1Cl6VZL2x9Fpfu8A9NZIAeX+MqWO3wbFb01NNQ721
QbWxSr2xSlZ0aMoBYExPdPl390U+OdVw7YE5DkxP0S12PnL5ILRtvJHgzsryMtlgjVhHuqGglxUE
M7qhANJ7tNWUrFVbTBVj7O9MklugHwo245A6NuRZCqZMFWMslesslxsUISczI5hRe0MZazp5jruT
W07EWSzX6GddrurN0GmvF92pYkP11DzlnzxG9z/6KPmhiUv1FomIiIiIiIhcVApwiIiIiIiIiOwh
ZrvKLbwNMfj2j+l5UsDDDLAUQDCMfHwG688SglPkKYQRI9SVgTkxpjKLtIcTgmEB6jqFNjodKKu0
Z5btXC8vIBQ5ZiGNXmlqyDsX9HW7w8ap4+RjUxQTU6PSjbc645yfLMspJqYpJqdfVw4yPWHctq/i
F+cu6C2/72KMmDu9rMNatclmM2Ct3iRgHBmbw9h5ocGMftYhtwwDuqFgOW4wjDXdUGBmdCxnIu+z
XK7T4HRDQSfkuMOgKem162pvGMaSYIF9nYnt8IZhDGLJwnANxwk/fJH6YJ/pv/UxyDRKRURERERE
RK58CnCIiIiIiIiI7EEGENIolQjn5BVCttPG0dRtosNSEAMcN9I4lCYFI8zSycGgJoU4sszI208d
sl2fPuRta4eN7qF9DEUXywLl8lma4SZZd+yCvtpYDRnMHyfrj5P13s3eOymXc4pBbPuPy0+W0fQK
xooeE9aljg1bzZBXB0tsNSVjWZcAFCEj4mw1JTOFU3rDRjMkCxmdkG83jAQzDvdnGTYlG/UABzbq
AeAslRuUsaEbcjaa1NwxVYxThHw7KDKMFYvDNSCNVGk8Mrz/JP7v3IbtH78075GIiIiIiIjIRaQA
h4iIiIiIiMge4pwbQBgFKXY3cdCucWy7bcLMMVKjhgF1k0agxAhN3ClIiO1xs/RcLKHXgwao2vaN
kdE6j05nej/9g9ewdfoVBqdfpTMxC3YhWhfSBVeefYzB/EmmbridvD+Gxws7nuVyZECYG6O0NcbJ
CCGnlxUslmsslxuM9bs4EDByy2jcqbxhYbjGZjNkX2eSXlacs2fAGMt69LMujjPIS1brAfPDFZoq
EongKewxbErW6i0m8z61N+eENzptsGNskFE/swwKcIiIiIiIiMgeoP5JERERERERkT3M2ZXbsNS+
AY67E8LOccPI8jT6ZDR7xT2FNNIslJ1mjaJowx3erjeoyjQ+pSpTaCPL2wBHe41icpqZ2+7B8oKl
p35KubbCBWm2MChXFjj70HfIumPsv+fzWJa/pkZj7xo/Osc6FREntDNzJvI+w1htr8lCxnjeo4wV
p7aW2GyGTBfjTOS9FOrBiDjDWAM7I3oMYyzrMl2M0Q05wYypfIyDvWmminHKWLMwXOXVwSIntxap
PTKW98gtI4zCQ01k+YkTF/+NEREREREREbkE1MAhIiIiIiIisoeY78QiXpdh8BS6SGmMNpxhaSRK
tHRuII1OAbC2xcIspTfMjCzbadYY5T/qaickYgZNDb1uCnFsj1HJciau/RBTN9zB4hMPsPLsY8x9
+JOEovteXi3e1Cw9+RCDMyc4+KlfZ/zIMYU3dundso/5sEW9tUk3K+iGgqlijLVqizLWdENBBnRC
zrCp8MyZ60wykffJLGyHN84OV9moB0zmfYIZ43mPftah8UjZVFSxoZ91ONibJreMytM/os1mwGY9
pNMGPBbLNTbqwfa9DOqazaUOs5f2bRIRERERERG5KBTgEBEREREREdlDzmnceIMcg+FENzymQIbt
WhobsKwdubJrxEpq20ghDscYlqmFw4CmcdxT+iPLjLpKIQ4L7DR8kDYM3R7Tt9zNxvGfs/Dwd+nO
7mfqhlvTRd9p6KKtgVh74RkWH/0B/auOMnP7x7CgMtIRMyM7NM30XddS/OQsK1trrPkmuWUMY8Vq
vcmBzhSVN2zUAyKRibzPVDHG6F9GJDI/XGW13GCi6NN4ZL5cY7xOTRqRyFZTETA6ISe3DIDcApkZ
0Z3ZzgRT+RiOs14PANioByw0axwYn2FfMXHJ3iMRERERERGRi0kBDhEREREREZE9xGB75Mkb8tS+
YW0LhwMh8+3n6rr9xX8OVZ22iU3bzpEZ3pB+cMMtNXp4TFfu9dLa7puVarjT23+Y2Ts/zqv3fYXT
3/sqHhumjt1GKAo8nmeIw1LzxtoLT3Pqe1+lWlnkwCe+QGdy5nzfpr2jyJn83E30nhjS84zGI5v1
kPV6wMJwjc16SBlrHE/NGbEmulOEjMabFN6oNpj7/9m7zzC5rvvO899zzr1V1RHdyAABMIMJJMUs
ZkkULZG2EmXTQZLT49XEnfXM7Ozss8/s7Mw+4zd+1s96vDNje8J6HNaUkyyLEkWJYs6ZiCSYCZDI
odGxqu695+yLc29Vg0kg2d1oon+fh81GV92691ah7gvU+fXvXx9kUdpLEQL9SYMieHY3D5OHAouh
CJ6WzxjLp2jYWgyIZFMkxtGf9FB3KRCbPgIwEHpoFhmDtT6afbXj+xqJiIiIiIiIzBEFOERERERE
REQWmKr9IpRjUkIoCysCYAIGE2+zVeCjm/YwJoYoCm+wnceAsaHbykHcZ55D8AZrA9bG9g1rIUnf
79wci866CBNg35P38uadt7HonMtYedWNpH0Dsc0DqlRI9ahO4wZAe/Qgh7c8xaFNDxN8YOX1X2To
7Asx1s3I63ci8SHgzl5CcfoiercWFN7T42Jg4mB7lMm8hScGNto+x+dTuJalP+lhJJsg8zlL64sY
THuxxPdEah2HWmNYDEtrg/S4OoezccaySd70B0mNI5T1L6lx2LLpJQDWxIYUZ2wcq2ItyTI1cIiI
iIiIiMjCoACHiIiIiIiIyAITqCaSxPSFKfMPnnJsigkUPoY4QrmyniQQQnf7EEIZ8IhtHNYasjYE
E0hTAwYSE3MWxsbHtNrgbCB4A+8zycTVehjacDm1pSs58NQDHHrmPqZ2vcrwhsvpX7ce1+gj6evH
2jjqJQRPPjlONnaEybde5/C2J5nas4P6stUsv/wGBk8/F1drzMVL+7FjjYG+Bq3LlxO27sdhcMbi
rKPtC+ou5aTGMIlxHG6PM5JNcKA9xqH2OEXwDKd9NFyNEALWWIwxHGiNsrc1wrL6IhbX+jHGxMYO
X5CFnKIM3xjiqJSdkwdYUhukP2mQWIszDh88BkNmA6wfPr4vkoiIiIiIiMgcUYBDREREREREZIHo
DCDx4C2AwdjyjgDOxq28N90RKx4wsTnDWkOWxb0Ya8izQJKAczEAEgAfDN5DrRZvb7Wg0QPNJtgy
3FEUUH/fPEXAWEffqlOp37gMYy2jr2zhzR/9JficpG+IofMupz6wiLzdxhAYe/0FJt56BUKgNriE
pZd9hiXnX0FtaBnGvte8GAHAQPqpk+Hxfbith8h8zmg2QWoda3qW0OcaQCCpLwLgcDZOah19tk7L
Z7w5eQCARWkfzhh2NQ+zrmcZA2kDUzay1F1Kb9JgJBtnaX2ARWkfAPubRxjPpzjQOsLu5iFq1jGU
9tNwNRbVeilW9xPWLzlOL4yIiIiIiIjI3FKAQ0RERERERGSBMOX/OqENwBDi2BNbzkLpxjywFnwB
zgVCiMELYwx5ERs8rAVbhjSCB5dAauJ+QoB2Fr/qdbAGnDOkKWQ5+BBv+0knnPQOsObmr9M6sIvm
wb20D+9jYuerHHjyxxhrsWkd6xJqw8tZfsXn6F2+ivqKk2ksXnbU85T3Z1KH/8ppvPbE87SKDIBe
V2c8b9Lr6hgM1hg8gT7XYEVjiF5XJxCYLFpM5W0mixbNos3JvcsYSvs6TRs+BMbzJiPtceouZTDp
pWYSAoGBtIeaTRhMe8lDwVTe5nA2TmiPMVjrpf1T66gl71PXIiIiIiIiInICUYBDREREREREZKEx
3W8hmHJMiinjG6Zs0gg4E0MZjUYMZOR5DH8kxEBH8AZrwDjIQwx1eG8IPoY7QtnskedxBEu7Hcjz
GOI45k6MELDO0btqLb2r1hI8FK1JiuYUvt3C1nvic0lSkkYfNonnig/VnBg5BiEEtvfnfK92gFum
BrEYpoo2TZ/Rn/RgMYxk44xmkwymvSTGEsp0TK+r05/04IOnCB5n7LQxKYaxYor9rREaroYB8lBQ
JwWgZhMm8iYAA0kPva7OUK2PV8f3kF2wmPTC+Tc+JXgPUy0YGwMfnyfGYPp7obc3vvmNWl9ERERE
RETkg1OAQ0RERERERGQBMRYSC0VejkohjjYxJrZrGAMhg8Sazjp0UcQviGvTSWJoNQEDRdENSYQQ
HxPMtH3b+JVlcV9JGserfKD17eAJRfdHV+/F1RrdKpHOKQRCodDGh7Hn0BH+8X/4Yw4m+/mV/pNY
bQY52B5nb/Mwe5uHO60cqbG0ijYtn5Ha7sdKvgxsONNtywgExvIp9jePsKjWx2DSy6H2GM0io9fV
y/0lOONo+5zUOIwxpNbh+mr4W87EDi+aw1fhJwhgJiZg82bck09gt22FAwehKAjDiwmnn46//DLC
Jz4BS5bEN76IiIiIiIjIB6AAh4iIiIiIiMgCEnxs1yCYuCBtwVqDdeCL2JARAlgXcM6QZYGiiM0a
1gV8ZsDEhzsHGIMvQieR4X2gXo+Ps9aQJHHESlHEcSvpBw1vvNeTmP5dPpK8KPhvd97Pptfe5N/9
8i0sz9cQ/uZlBpIGB63DB0/dpQylfYznTY7kExxsjZH5gp6kjjMWh4kBoGndKm2fs695hOX1RQym
PRTBE4CpooUPfVhjyi9o+YweVyPF0u5PWPWNT2PXLzl+L8q7CEeOYP/u70hv/y5magpfvZGtxe7b
i923F79pI9knr4AvfJFwyimxekZERERERETkGOlfkSIiIiIiIiILjPem21oR4hSIOO6kCm/Eu7Ks
2igusjsXGzqydry9VouNG80pgy8AE0dmeB/bPPK827bR20sMh3jwFqwmTMwbbx04zPcef5aLz1jH
L95wFSELZE/tpXjpALkvqNmElY1hel2dHlfH4ylCoOkzplptAoGGq5X3xzEpxhhGsymcMQykPZTT
dLAYsuDJQ0HNJBgMPa7OodYYOEv/kkWEXzyb2jXrjvOr8jYTE7g778R973bM+Dg+vskhTcE5gjEU
IWDGx0nvvofi8BGKX/4GnHaamjhERERERETkmCnAISIiIiIiIrJAGQuGspWDshnDxDCHwVBNw7Cu
HLmSQ5IanDOEvByLAhBi0UAoizhivCNQqxucjfvMi7jWnWexhQMFOOaNPYdG2Ll/hG/+6qcZ7Osh
5J7sxrVMvnWAZMrRUwYzYlAjpdfVyXzB0toAAE2fcbg9zmjISGwDjGFFkdLjakwVTXzw2PLN5Iwl
MW7aX3+g19VJhuscWZNSfO4s0k+umVcJn5BluEcfJXniMUKe4yG+0Z2L35vN+OZ3jgCYoiDZvAnu
u49ieDEsHp6B2pnjr/Ce8akm7TzHGkOjVqOvUT/epyUiIiIiInJCUYBDREREREREZAEJVG0bZYZi
2rpyFcYIABYKT6epI4S4YZ4HIDZv+CKuSxvT3Ze1kCZx+zSN7R4A7YxOu4cKCeYXZw3OGBIXq1dM
YkkuXYV9fg9Lf9xmPJ8i8wU1GwMK1hiavk0eCvqSHvbZjO2hydNhnDfyKZoEPpsPcH7PEI3cMlW0
abgao9kkE3mTRbU+EhvbN6hZwpIG7rwlDF29GnvmYrybX2EHs2Mn7pGHYd/+OAvIOcjz+EZOkvgm
L4rObQGg2cTe/wDFupMJ112H+RgHHUIIHBgdY9OrO9n62pscHJ/AGsPaZYu59vyzOW3VMpwuahER
ERERkRmhAIeIiIiIiIjIAjJ9aTxUYY2YySCU7RsQ16MxgIdgw7QCgTgiJa2Bs9BuQ5HHNWzr4uOr
te08j7f5EAsVkjhtojqczBOLBwdYPtTPD5/cxJevvITBvh5cT42Bq06lvW2EsGOKls+ou4QQAjWb
ApAHzwE/xX/MX+FRdnPEFZyZL2ISw5/Y3SzyO7nUrOJzHtb6BmPZJItqfQylfZiaIyzrwZ8+SPGJ
5ZgNS7CDPQDMpyiAmRjHPPIQZv8BgvcclUqqWBtTTHkWLxxjCNZiDh4g/d7tZCethrPPiRfMx0wI
gb0jR/iLex/j+09spCg89TQlcZZvP/gk9256gV//qWu5+rz11FJ9zCgiIiIiIvJROeDfHO+TkPnj
X/2r//14n4KIiIiIiIjMggDsnArcucdQeHtUc0Y1KqVq26haOAzVWBVDCIYQOxOgvC9JYwtHEadH
4JIy8+G70yVa7bi/RgNsEse1VMc+IRho1A2X9XjO6D3eJ/Ph9PfU2bHvEN9+8ClWLx3mtFXLSFJH
0Z+y7/AReGE/NZNQcymGOAZlIm/RKjJ+xF7+yO/kPDPIrW4Jt4S1fCFZxTl2EVvySe4Ie8koOD9v
MFzrZ6h3ALOsl2LDMNmn1xA+sw5z+hCmp3a8X4Z3KgrMY4+TPv44TDUxeY7xHlqteH/1Jq/ezCEc
/d17zOHDhCwjrD8T+vo+dm/8sakmf3n/4/zp3Q9zyZmn8qufu5abL7+QGy/ZQH+jzsNbX+ahrS9z
8orFrFu+BKsmDhERERERkY9E0XgRERERERGRhaQKZxgwBDAGawNFYQieMrXR+YaxZVNHOXYFG9et
IZYNhACJg3oj3ubL5g5ruyGQqp3DAFkGdTfHz1neV5okfO2Gq3jmpTf4f77zI948cJgzV68gLwpe
3rudy8wIV4QaIQSMMSTGMVTrY2N2kL8Mu+izgZ/Jl3JB1k/dWFamfaw3gyylxj8unuLZYgTLSQwM
D+MvWEy4YCnhzMXY5b2QOMw8DTWY118neexRmJyKb2JjCHkegxhZ1t0wSboXQ3WhTAtxJE89Rb5+
PcUXvoBxH583v/eBJ7e/yrcfepq1S5fw9Ruu4hNnnNwZl7Ju2RLWr1nFv/yjv+LP732MT55zBv09
H5/nJyIiIiIiMh8pwCEiIiIiIiKygFShCmuJrRoBvDed9WZCDG0YE//sXByFYkwcg0JZOJCUnyhU
bRvOQuHjOrazcf9ZFr93jl0eY56u1y9o56xbzb+49Sa++bt/xB98727OXL2Sdp6zsq+Psy9aRf+r
fdjMdFpaFiV97HB7ebPd5ufCCs6mjxACY8UUfiowlPayAscFdoiN9Sb7zxxi9cWnYC5dCSt6MGl6
fJ/wT2BGj2AffQR7eIRgyze0LdNLznXe+CZJCEURLxKIF0aedd7sIQTM6Cj2jjso1q+Hc889js/q
g8nynCeef4VDo+P82ueu5dyTT+qENwCGBvr4/GUXcOeTm3jqpdeYaDbp72kcxzMWERERERH5+FOA
Q0RERERERGQBecf4kjLRUeY1OreF6ntZKGAsGBtiyYA3uPIThRgECTSbplNAEEL8wMHauK4dQmz4
KIrpB5H5xBrDWWtWYYDTVy3n1usvJy8Kzj35JM61A9S/vws2H8RgCASMgfHQwlBwBUs5rb6EInj2
NEcwwIHWKE3ruXLVGh7yb3D4M2uxl54C/bHJYz4LRUHYuIn01dc7zRvUanGkirWE8XFI03h7msak
0vTxKZ2KGwPeE7zHvvEGybf/lnzZcsyypcfz6R2zJHFkRUF/b4OTVyylp/7OMTdp4jj/tDXc+cxW
WllxHM5SRERERETkxKIAh4iIiIiIiMhCYcC5QPBgTUxuVFNTpgtAdUeRd0Mc3huMCVjXnRoRCwli
OMOUDR0x5BH3VRSBNI3jWYoc6vW5e7py7IwxPLB5O6NTLX71kvP5xmevIYRAT71GknvCAU/YOY4d
aXcyOMOhl2BS3iLDuoRe42j7nAPtUexpi1l0xcns2LGN3l0pwyctg/5a51jzmXnjDdwzz8LEOMGX
b2TnoLcXvI/nbwxkGWFyMqaUqmaOqq4GuiGOMtXknn6K8IO1FL/4S5h0/n8kZ40hTRztPGey1cb7
gLVH/90ZY3jr4AhDvQ166/O7VUVEREREROTjwP7kTURERERERETkRGCqcSkefGHKcoGAMUc3Ilgb
OqmOQDVSJZThjW77RlGAdZDWoN6IX9Ye3fDRaBjqjVhkEE9i1p+mfAh7Dx/hv/3gfhb19XDTpecz
0NtgsK+HNHGYeoI5bxnFuYsZK6bY3TzMrqnDrMprLAkp3zY72BOmyL2ndu4Klv76J1n2j66ldeUa
fnzwLU5ZsZRTVy473k/x2IyMYJ98kmT/vvgGn64aodLbGxNMaYpxZZrJ+/gVwlHtG4QA1sYxLJOT
JD++G7N16/F5bh+QMYYzTloJwA+f3MzuQyPv2OaRbS9xx+PPsX7NSnqVzhIREREREfnIFOAQERER
ERERWSACZTNG6E6GSBKDtQbr4liMQMA5g7Vgp4U4IG5nDGRtaLUomzzi96KAPIv7TZK47zzvTpZI
Uo7ap8wfPgS+de+jbH1rL5+/ZAMbTl179AbGYJb10r50KUeW2c4YlVWF5fq0zvNM8jt+G/tvXMHo
L5xJ7TOnc+e+HfzPf/ZX7Dk0wtXnnclgX8/xeXIfQAgQtm4leeUVQqv17hvFiya+mZMkhjmK6gLI
uw0c1SwhazupphAC7NuLu+022Ltvbp/chxBC4NoN6/n8pRdyz7Nb+NO7HuSVXfvYPzLK/pFRvv3g
U/wv/+Vb+BD4xmevplF754gVERERERER+WDmf1+jiIiIiIiIiMyKUAY5CBBCTFYYE8ehEMCHMnBh
A8EbrCvbNWx8XJHHtem8iMUa1Zq1L+j8yoi1MdjhktjQ4fSrJPPOY8+/xB/ecT+nLV/Mb97yeRq1
dxmFkVjS85aw5NozcHe9hZvMyXzBrcv62L/kED945SUef/y7nH3kZHwIPLjlJQZ76vz656/nlmsv
x9r5/xdvdu8m2bIFMzISwxbvp6qUsRZTSwkEaDbj7c51gxvOdZs8rCV4T/Lidrjj+xRf+xrM49CD
MYblQ4u49frLeWX3Xv7fux7mbx95hp5ajdwX7Dk8yvKhAf7tL9/CZz5x7jvGq4iIiIiIiMgHpwCH
iIiIiIiIyAIVPBTVOnUATByfEkJs2sCDBxwxzNFugUtiQ4f3sWyg2t65OGalKGIYJE1j2MMl8ThZ
G1wPGqEyz7TaGX/8o4cYm5zi9/7h1zht1fL33NYM9mEuOQm/p4nZ28SfPcQpV63k/1zZy2e2vsht
9z7G95/cQs0afvnGa/jKVZdw9smr6ZnHIQWITRNMTmGffBK3c+e0eT/TFAVMTsbGDYjtG1kGk5Px
8dXYlCTpJpmc6/65Vi8vIEfIMty99+FPPpnwmc/M7ZP9gKw1rF+zkn95689w73Pb+PbDT7HpjV1c
cto6/tlXr+SzF23glJVLqSX6iFFERERERGQm6F9XIiIiIiIiIgtJuc7c+R7AutiaEds4TGft2ZjY
vJHnsSjAWshyg7Pgi4BLwJoY5ojTIkwMdJSHynOYmoK+/rjvPIv7lfnjsRde4b7NL3HVOadz5bln
vm+LgjEGe/pi+LUG5DlJXw+mkZIaw09f8QnOWrOKjf/mdxns7eFf/NxNDPT2fmxaGewLz5Nufx7a
bd6ze6Nq1Mjz+IZuNglTU/FCyrKjx6tA3CbL4p+Dj7fXajErNTWJvfOHFOeeBytXzMEz/PCctZyz
bjXr16zEWMOre3/IZWefxjduuIb+njrGfDz+jkVERERERD4O5n9/pYiIiIiIiIjMGGNiYCP+OYYt
8rws4DDxOwGCj+ENDxhr8D7gfQx6tFtAMBAMWRbIi0CtFvcX16wD4xMhHstAayoeQ+u888tbBw7z
e3/7Iw6OT3LB6SdTT3/y7/kYZzBDfbB0Eaan1vlLddaycniQ809dw0tv7ekEej4OzO492M2bMAcP
vXv7BsTgRpJAu12lmyAETF9fHJ3SapU7M5h6Pc4LajRi8ilNY4NHNU6l3SaMj5O88Rr2ju93HzuP
WWtIE8fJy5dSTyzbd+zCGKPwhoiIiIiIyAxTgENERERERERkAQlAKOeYFEW3bcOWjRyhXL8OITZr
4OODisKQ5fHPIcR16DyD4A0mGNrtuI1LDI2Gob/PYF2cHJEkcR27Vj9OT1re4fDoOL/z13fwxMtv
8KnzzuCXP3s1zn60j4nqtRpLBgbIsBwan5ihM51lE5PYLZtxr78B3r93+0ZRHP3nVoswNUWYnOw0
a9Bo0Jkd5OM25Hncvq+v29ThYxtHGB0jvf9+zEMPxYvqYyCEQAhBYSwREREREZFZogCHiIiIiIiI
yELi4/iTEJMcnUCG9+ADlNkOjuohCOV0CAfGgnVHL+B2Ah05FOVXqxXI2nEdu1rD9h+PNeoT3mSr
zX+/6yHueGozN1+ygd/7R99gzbLFeOxWTwAAIABJREFUH7lNIU0cA309M3SWsy94j3ntFezGjZiJ
CcL7hSicg3q9O0vIGkySxBaOnp7O6BRTtW5UgY9aLT7OmPi9XqaYqrDMwYO4++6DN9/8WIQ4ptoZ
PgT6ehoKcYiIiIiIiMwCBThEREREREREFpoqvEG3daManRJv5OgEhylv8jH44Yu3rdya+GBDN7AB
3YkRxkBam60nIx9Es53xnYef5s/ve4zz1q7in3z5RlYOL5qRURjGGAZ748J+XrzHKJJ5xB4+jN26
DXfgwAcPT/iyuiZNCWWjhklTqNUIsY6mE+4wfX0x7JHn3eMUBcF7fJ5jtm/H3X03jI3O/JOcYa12
mxBguK9H41NERERERERmgQIcIiIiIiIiIgvIUcvUBoKJ36sRKqbayHZLAgzxZ18YCPF2l8Q2DmMD
zsWRK9WavTFgbdxZUXTHqFit9x5XeeF5eOuL/Nc77qO/XuOffvUmzlq7Ov5dzQBrDIM9DUKAscnJ
GdnnbAghECYnMdu24bZte//RKe/GWujvh8HBGNoIIY5OSdNuFU0V7mi14v6zrGzusEfvx3vM6Cj2
oYcwTz4F7fZMP90ZNdluUwQ4bdVynC5oERERERGRGacAh4iIiIiIiMgCEwMW3cBGIAY5bBLHo0Bc
k67KAowLpEm59lwGPrwPnaBGNV7F2gA2rmNbF7dJUnD69OG4y/KCba+/yZ/e/TBHJif5xmev5oLT
1pLM8F/Oov4+INBTjQqZj7zH7noL9+yzmMnJ9x+d8l6qkSqDg5jhYczAQLxA8rxMODmqGSNhchJa
LWg24xdMu7gMwRjYuxd39z2wfTvM0/aSvCg4NDpOKAouOH0diXPH+5REREREREROOPoIRURERERE
RGQhMVVzRtmsQVxLdi42ZHhvOjdWa8zemzj9Ydr2IZhuE0fZ3pEkJgY5XJnzMCaGN8xRU1tkjmV5
wbY33uIPvn8vT734OrdccxlfuPIiBnt7Zu2YhnnazhACjIxgn3kW+9ZbH3x0ynTGxLRST08MczgH
SYJpNGKgI027x2y3Y7CjSkaF0BmzQlFgsgz7/DbcAw/CoUMf6bRmy/hkk5d27aVRc6xbvhRn9bGi
iIiIiIjITNO/tEREREREREQWiGpN2AfwvvuztfHOorrNHL0Ab6q1Zs87khjBx311Hxs6x0iT+Djv
ocjBF7P8BOUdmu2MZ15+jd+//W4e2PIi15x3Fl+66mKWDAzMyvFqSYIBtu14c1b2/5G129gXXsBu
2frBR6e8nTFl8sl2whmh3Y7jUprNGNooyjd9OS6lE97wvtPQ0WnhaDaxG5/DPPcsNKc+6jOdcZOt
jAMjYyzu71N4Q0REREREZJYkx/sE5lqj0eD888/nwgsvZNWqVQwODtLb28vk5CSjo6Ps3r2bjRs3
snnzZppVraWIiIiIiIjICSC2YsSRJiGAIRBCOeYhhE56oxqrQrk9JuYyjI23u6rBoxyl4oMhlCNV
XNnC0coDxhlMuW5dFJAsuE8hjq/JVptHt73EH/3wAV7ZtY8vfPIT/Px1l7P+pJVYOzsNGeuWL6G/
Uec7jzzNZy/ewKK+3lk5zodSeMyuXbinnsROfcjRKW9XzSPK826jhveEoog/t9tMq7LptnCYbtNN
Z9RKOUrF3nMvYcUKwnnnYebhmJLJdpu8UBpLRERERERkNiyYj04GBwf5/Oc/z3XXXUdaVVi+7f7B
wUHWrFnDZZddRpZlPPDAA9x5552Mjo4ehzMWERERERERmXmmHKHiizgGhVCtIVcLytWGZTMHcd05
SarARjkixcb2jc6YFGugDHQU3nT2V/0TvCoqkNnnfeDg2Bh3Pb2FP/3xI7x54BC/+Kkr+PWbrmfF
0KLu3/UsOPOk5Zy0eBEPbXmZja/s4LoLzp61Y30QIQTs1ARm00bc7j0zt+NqflAZ3jDWxjd7vU5o
tWKwI8+7gY2qhWNa+0Z5gp1wh33lZcKDD1GsWAErVszcuX5Ehfe085yDoxO0s5wQwqy+l0RERERE
RBaiBRHguO666/jyl79MX1/fMT8mTVNuuOEGrrrqKm6//XbuvvvuWTxDERERERERkdlXtW+Qx/CF
LRs1YjNHgGCYVsSBtYGiiAu01pbjUAIYD4mDJI235XkgSQwuAcpGD5N0Qx9VcENrvbOv8J4Xduzm
z+99lLuf2UpW5NxyzaX8/KeuZOXw0Kwff3ign1WLh3hlz0Fe3bN/3gQ4TFEQtj1PsnkzFMXMtG9U
qrEoVcVMGcYwSUJIkm44I8u6bRzvdvyiiBdJlmGfeQa//gy45lro6Zm5c/0IDo+NMzrVYrC3QS1N
FN4QERERERGZBSd8gONrX/sa11133Yd+fE9PD7feeisrV67kW9/6FoUqIkVEREREROTjKpQFAD6G
NuDogEXVrlEUARMMRREDHQTIizL8UZYHBB+zGtWIFYihDltOfGi1ukEQrfPOjXaec9fTW/njux5g
6+tvce35Z/HTl13IJ848hZOWDM/JOSTOsWJ4ERCw8+kvftdukkcfwx4ZndnwRsW5blAD4ugU52Ko
oyjixVVtA/Fn6I5UmR7syHPsgf24u35MsXoNnH12efEdPyEEnt+5myOTTX7q0gsY6psfoRIRERER
EZETzQkb4DDG8M1vfpOLL754RvZ33XXXMTAwwB/+4R/Ozj/0RURERERERGZZII5O8Z5O6KJaO7bW
YEzAe4Mp76wmPYQQAxtJrTtGpWrqMAYIBu+7BQIuibv3BbRbcbpKvXF8nvNCsX3nbv7mwSf5ziPP
MD41xddvuJpf+PSVrFk6TC2d249/Vi0ewoTAVKs9p8d9Lz7LcY8+gtu7592bLz4qa6FWiwGN6hd/
siyOTrEWanUo8nhfFdioTBud0hnFUo5cSV54AX7wfYrFi2Hlym7q6jgIwNMvv0ZqDTdcdB59Pbqg
RUREREREZsMJO332i1/84oyFNyoXXXQRX/rSl2Z0nyIiIiIiIiJzydgYsLA2rjc7B4UP5ZrxO1eI
q7VmawPWxrEpIcRRKrU0Pt6Y7veiiOUDpmzeKPLYxtFuzc7a+UI12Wyx59AIr+7ex1/c+xj/9A/+
P/7znQ/ig+f/+PpX+OZPf4pTVy6d8/AGwCfPPZ1gLHtHRuf82O/GvvwSyZYtmCxjVt6CVY1NmkK9
HsMcAwPQ34+p1WKCyZgYzHBu2onZbiKquiDLazB4T2g1sY8/gXn8cZiamo0zP2bjk01e3bWfM1ev
4Jx1q0inPw8RERERERGZMSdkA8fpp5/OzTffPCv7vummm9i8eTOvvPLKrOxfREREREREZDYZE6cx
ZHkgzw3WgjUmNnOYwFG/5l+tdlvwhaHdDjhvyrBHIMsMSRLXq6c3cIQQgx4uAdOOoZFqd/NoqMbH
1mSzxX/8u7t4eNvLjE812XFghJHRUX7uusv5+o3XcOGpa+lt1I/b+V1x9mlYPDv2HqDVzqjX0uN2
LuHIEZIf3IlrtvBzkSCqkktJEgMdzmGsJYyNdVs2qsBH9edqtEpVbVPeH7zHjo+TfO+7ZCevI5x/
PiY5Ph/lPbLtRV7fe4AbL9nAcH/vu4a9RERERERE5KM7IQMct9xyy6zu/6tf/Sq//du/PavHEBER
EREREZkN3kPmwXtDAELRvS+EclHW8I60RQDywnTWnr03tNtlq0Z5W57H/RtTBjgshASs65YQyIcz
NtnkyMQkbx44xLfufYzbn9iECZ51y5ewdukQ/+yWn+Jnr7uMob5ekuPcjjDY28vyoUG27niLA6Pj
nLR0+Lichw+B9O4fk+zdiw9+7k+gKKDZjBdFmsYLYGoqXjTOVRdS3LYKZmTZUUEPHwJ2127cffdS
nHIqDC06LhfSltfeZLLZ5MJT19LX0PgUERERERGR2XLCBTjOOeccTj/99Fk9xumnn84555zD888/
P6vHEREREREREZlJVf+A9/EHayAQCMF0shpVg0b8IW6XJHEUiveBooitG87F9enOWrONQY3pJQd5
Hh+r4MYHN9Fs8dru/ezYd4BX9+xny2s7eebl19k9Ms5ks8X1G9bzD754AxefcTKJdTTqNerHYVzK
u3HO8dmLz+O7j23i9b37j1uAw27bht24CeOL2Rmd8nZFEb+SJH6v1yF4wqHD3dlCznWTTtXFMj35
BPHxVegjz/FZhr33PvzpZxBuvrkb9pgjIxOTvLHvIL31GqetXj5v3mciIiIiIiInohPuX1wXXHDB
nNQ4XnDBBQpwiIiIiIiIyMfK20Ma1sYfQgjlbYZQhjuATgtH8FXIw5SFAYF6w9BuxfXotB4DHsGD
ScrpEJSBDt45NqUouhMkJMqLgnaWM9lqcffT2/ibh59ky+tvsn90gjwEetKE89at5ueuu4Kz16zi
qg1nMtzfj7Xz70X03nPr9Vfw5/c8zt8+9DRXnnsmdq7/skeOkNx/P67ZnJvRKRAvquoLwHvCxGR8
s1sLrVb3zyF0RqyQZUc/3tqjGzqSBLKM5LbbyJctJ3zyijm9ePYfHuX1vQdZMjjIYG+PxqeIiIiI
iIjMohMuwLFhw4Y5O85f/MVfzMmxRERERERERGaCITZlJAZ8EQgY6ExrMBgTKILhqLoCD0UVwSjT
GK02nVEqACZArQaFLcMZ5doz5Xp0O4daPW6bZXFNulabu+c924qiYMe+gzyxfwRrDCctW8xAT4Na
2VTgfSAvCo5MTHHwyBjWWpy1TDZbTLZb7DxwiN+//R5e3bWXEGCynVNPHCuGB/nU+Wdx/YVnc92G
s1i3fAkDfT246oWfp5y1nLt2NVefdwYPbn6e0fFJhgb65u4EQsA+9STJrl34ovjJ28+0KnTRamHK
N3o4fLj75m80IARMby9hYiLeVv2dOtdt46jGqVTGx7F3fJ/iwguht2fOns7ekSOMtVpcf/5ZLFvU
P2fHFRERERERWYhOqABHmqYsX758To61fPly0jQlq35LQkRERERERGSes9aQprEtwxjTWSfOC/A5
72xJKNeOLWBcwHuDtYE0NVgb15ddAq4gNnVUEyGyuA5tbFzHdmV4o1MucCKNVQkwNtbi9+76Ibuf
vJ/e3l5OX7mMof5eEudIE0eWF+SFZ+/ICG/tP4wPgVqS0MraZEUgraUs7m1w9Yb1nLPuJE5evpQ1
S4c4e91JrFo8RJq44/0sP7CBvl5uvuJCfutb3+dPfvwg//jLn5ubFo4QYPMW3OOP4Vut2T/edK6c
IeR9TDK1WjGg0W7HCyGEOFbFe+jp6V4w1sZEk3MxHZVn8fHVfdNGraTPPEO47Tb8r/1qN/Qxi8an
Wjy27WUOHT7CxaetY1Ff76wfU0REREREZCE7oQIcw8NzO1N1eHiYffv2zekxRURERERERD6sEAIh
xGBFOT0FgARDXq0lm7i+PP0X/30AR1xfLrzp3B8IcYSHgbwcoRK3iaEQF+h88uADtJtloOPjl0d4
X4mznH/KGj6/5Hr2HRnjxZ272b5zhKnM44lhmdQaTlo6xPUXnk09iS/KcH8fKxcPctbakzjzpBUs
HuhjsLeHei09vk9oBjhruOq89Qz13MUPn9zCFz55CaeuWjbrxzXjY7gnHseNT8zd6JTOwU18g0O8
QJzrjkKpghhleMNYS2i1uhdbdV8IMbwRZxV1vwM4R8gy3I/uxF9+GWzYMOtJqENj42x8bSfLhxax
dvmSed/+IiIiIiIi8nF3QgU4BgYG5vx4CnCIiIiIiIjIx4UPUOSGakrKUWuxpgxgpGB8IMvAlKNT
rAEfDHhwLlAUcd04BEOrGQsDQuiuX1dr0bmJ41Sci+Nb4gyXuX/es8pAX3+dr//UtXxu2NPOcsab
TXbsPcjrew4wOjVFb73O6iWLOGP1Sob6e2PopZQmyQm5KG6MYd2yxVx3/jn8+LltPPXiq5y8cums
tnD4dhv3zLPYN9+KiaLjoXp+5YwhU6/HIpvJyU7ThkkSwtRUDGqkaby93S4fZ+Njp7d5TOONwY6N
4/7qryiWLycsXzFrGY7Ceza+soNX9xzkwlPXsnTRAOaEqc4RERERERGZn06oAIdzjhDCnP1j0p1o
vzIkIiIiIiIiJzzvIStHpzBtfdg6MAkURSCEGN0wVWlAABOqMIYhywJgMKYsCwhlNsMGyON4laKI
7Rx5FgMeSQKNxvF73rPJGIMzhsQ5EufobdRZPrSIS8867Xif2nHVW6/xpasu4o4nN/HA5u3cePEG
hgb6ZudgIWB3vIF7+ins5HFo33g3tRqkKWZysppGhKkaOqqWjSTBpCnBe2i1oGjHi9OYo2twqs+g
rMU7h92+nfDd2ym+/nXomZ0La9/IKHc/t5WDR45w6fprWDLYPyvHERERERERka4T71c8RERERERE
ROQ9BcqJDb4MXliwdvpidxyRggndRWeqYoFAnoP3hsJ3p0TY8j5nTSwOIDZ2tNswNRnHqRh9ArHg
JM5x7slruOysU9j42k5e27N/9g525Aj2yadwBw/h39ZacdwkSWzY6OnBDA5iBgegp6cb0KjX41iU
oojbV6GNt88wmn6fiTOO7MQE7sEHsc8++46WjpmQ5QWPb3uZx7e/xlUb1nPVeevprddm/DgiIiIi
IiJyNH18IiIiIiIiIrKQTEtlVEGOUIY28pzOeBTnym3LkIcvHxdCN9Bhy+2sjeNU8jzuwxeBNAlY
WwZEDLM25kHmt+H+Xr74yYs5MjHJ95/YyMjYxMwfpNnCPPcc7uWXCa3WzO//ozImXhiurKEpgxud
GUZFES8sa48OcUB35FDV2FF++aLAHjpI8nffwezcOeOnvG9klIe2vUTqLF+9+lLOWL1c41NERERE
RETmgAIcIiIiIiIiIgtM8N1f5q/yHNZW68cBa0NnxEr5iPhfuaZcBT/yHNqtOCIl+LiZMZCmhjQ1
OBcIIeB9d61aFpZ6mnLxGadw9pqVfPfRp7nrmS1Mtdozd4AQMG/tJNmyBTs2NnP7nUlJ0m3dqEah
9PTEEStFQSf5NL2JA8omDt55W1FAUeC9x776KvaHP4IjR2bsdNt5zjMvv8ET21/l0jNP5eIzTyHR
GGEREREREZE5oY9PRERERERERBaQ6nfozdtaMYwJGBPKYgBDCKa7ZlzEP3hvYvCj/DQhjkqZNu2h
3L4ooN3ulgj4EIMeb58KISc+aw3rVizmZ6+9nHZe8O1HnuGV3fsIM/VmOHQY+9xGzP598/cNZkxs
3qiVI0jSNI5U6e3F9PXFMEeSdFNUVTvHT2q8CIEwNYV9/DF49DHCDAVjdh0c4UdPbWZ8qsklZ57M
skUDM7JfERERERER+ckU4BARERERERFZIIyJUxxsOR5l+np38DG04b3pTGp4r/VjY7oPtOU2ody/
95C1Y6FAkpg4diFAlpVNHfN0jV1mT2+9ztUbzuJzl1zA9p27eXjLi7Sy/KPveKqJ2boF+8ILmMmp
d4RCDN3A0vHSOYdarRvQSNNugqpex/T3x7EqaRqDHPDOC+XdLpwQCEWB2b+f9J57MNtf+MjnOzI2
wR1PbOSBrS9y0ZmncOlZp+FUnyMiIiIiIjJn9C8wERERERERkYViWmgj0B2lUgU2vIeinNDw9oBH
Zxeh26xhKAsDqgkR5dp0Uq5PE+L93ofOA6rHysKyfGiAL151EauGF3H/lu28unv/R9/pnl0kzz+P
HR07KrxRhTbaIdAK4bgEOapjZgFa5bwiUyWikiReKLVabNso01KmXo9BjiowYUz3xKdfjN15RzHE
keeYV17C3f1jwq7dH/qcW1nGY9tf4bZ7H2X54AA/d82lnLJiafe8RUREREREZNYlx/sERERERERE
RGRuBLpBDapMhSlbNEzABNMJWAToLB4HAqb7A8GAs6H80ZQbl3eYuDbtLGR53KZWi/s9lqkQcmJK
nOPcdau5/oKzue3eR/nuI0+zbKifZYsGP9T+zNgo5vkXMLveAl90bwfeyAObWwWvNVMatuD8Ws5F
vQl1Y5iLApgquPFCM2djy3C4SFhVy9jQsJyVluEM57qjUooCE2JiytTrhKKIFTYh8K4nPP0iKh/H
xCR24ybcGespltwYwyAf0O5DR7jt3seYarX55s2f4urz1lNP0w/1GoiIiIiIiMiHowCHiIiIiIiI
yALS+UX+siGje3sZxDBgq3BGqBa8TWfbQMDZaY8hNnlgYkgjz2KxABaMMRgDjZ44QqXIY1uHLEyD
fb3cdPkFbH9zN3/14BMMD/bxC9dfwaL+vg+0n5BlmO0v4TZtwkw1O+0bBtg4lfPvRzKebntG2lMk
zrLMBX6pr8bXhz2L3eyHONoB/u4I/NFYxiuZp1kE+lLDqanjVwYTbh1IuudgTLxgkoQwOYmp2jnS
NIY4ICaukiTW4xi6NTbWdipxgnOYiQnM009j1q6B8y+gc6Eeg5GxCb5176NsfeMtfv76K/iZKz7B
QG/PTL4sIiIiIiIicgz0sYmIiIiIiIjIAvL2BoxqDIovR6OEskkjSWPowhgIvkx2QKeJw1TjUMr9
VWvFRRG/jIlrzt7HgoTOunMeiwdk4XHWcvba1fz656/j//rLO/ijOx+gr1Hni1dezOAxhgVCCJi9
e3HPPoM9fJhQhhkMMOID/3Ek5+8mcsZ8iO/lPLAzh/35BA3X4O8Nz26AwwCPNwv+YCzj0amcLA4r
grbh9bbnQObZULecW7MxeFI1bfT2QlEQWq34s3NlOCMAb5tZVJSNI9PnEVlLyDLs9ufh4aUUa9bC
0iXHdM7NdsYPntrEbfc8yhknreRLV13C8ED/DL4qIiIiIiIicqyOPYr/MaG5nCIiIiIiIiLvz9pO
7qIs1widkSlJYjA2xPAG5Zc1sVHDxhuqMSzOxvErxoB13VCHKW9zDnr6oNWGqalAksbbi+I9TkxO
eGniuOTMU/l7X/gMi/p6+L//5gf82Y8f5tDY+E98bAiBMDaG3bIF98YbR72RAvDwVMHDzSq8AdW7
PABvFTl/Pd5mfzG7/RvtAA9Nera1q/BG9zwyAtuyggeniqMbOIoCvI+faZV/7myQuKMTT9NDG1Wd
Tgjd5NTEZGzhuP8+zMRPfk3bec7D217kd/7qDnobNf6Hn/4Up61a/lFeAhEREREREfkITrgAh4iI
iIiIiIi8vxC668Nx7dcQinKBPAR8iKNPXNmgYadta4jTHRIHxgaSJIY3igIw4FygKhbIMghFnBCR
pqaz3lzkc/+cZf5o1FI+dcE5/Nrnr8O6hN/92x/xl/c/wejk1Ps+zhQeu2MHyaZN0G6/o0njrbZh
3HcbNoztfuwVgEOFZ0/uma1f/THApA+8nnnGfffspp9HOwS2TNRohhDDG2kaL5A8J+RlPU2tFi+w
EDojUnBJTF5ZG6ttKtX2ppuscnv3ktx7L2zdRiimBT7eJoTApld28K//+NuMTLX5jZs/zWc+cS7J
Bxi9IiIiIiIiIjNL/yITERERERERWSCcNXGt18bFW4BqwkOSQq1m8AGCj+vE1ZpxkkKaQL0e14nz
HAofKApDUQSCB0KgVoNGw5CmZdjDQLsd91Grx/0GoNWCPDuOL4Qcd41ayleuvpTf/PKNNGopv/Xn
3+W3/vy7vL5nP96/e0uGGRvFPvcc5uDBzuiU6QaSQGK6j337NqmBxW72RqgEoGHjvOLpx5h+HsYX
9LqcetUga0wnlGFqNczAAGbRonix9fbGgEejEdMhzsWfq3qb6V/ed1o4fFHAjh2YRx7G7Nv3nud7
/6bn+Uf/4U94fe8hvnHDldx63eXUEk1bFhEREREROZ4U4BARERERERFZIAofaLfBF3EEqU1iSCP+
8n4gz4FgYqAjgawd14Xb7fhzAHwowx3OlOUAhmDAB0O7HdeQjYW0Vq4rB2hOxdYNY+P3Rk9s7ZCF
rZ6m/MKnr+S3fvVnWTE0wO/ffg//+k++zejk5Ds3npzEPPEEydathHeZwWOAC+uGUxJLMq1jw5Tj
RxrGcFNvndXJ7H4UVjeGKxopq97WYlGdh3WOW4bgqLe/MbFxo17vjkNxLial8rw7l6ja1vsY5Jge
6EiS7mwjYyDLcA88iH3wQczExDvO80dPb+bv//v/zst7DvDFKy7kN7/8Uwz09szSqyIiIiIiIiLH
6oQLcHR+g0hERERERERE3qkcg2JN/HP1z2jvTWzSIDZuZFkgScugRYB2OzZtxHXkQFHEBwYP+O7E
h6wd8L47/aF6rCvDIrV6XHduNbvHloXLGMPNV1zIv/76V1h/0nLuePw57tv4Au182pwd7zH79uKe
fhrzLuENiOGic+sJvzFc46QkBiQcYIuCujF8uqfGN4fNrI1P6Twf4GcGDF/qS1li7VHn0TDwPw72
cXndcVQ3iC0TT0mZpmq1uuGNqsamCm602zG0URTxcXket/dlbU41csV77NQU7v57CS++SCgKmu2M
+57bxm/+pz/jN37nv7FvdJIbLjyLf/srX2FRf+8svzIiIiIiIiJyLNSLKCIiIiIiIrLAlLkKeOcU
iu42IS52pylk5TiUWi2uD+d5bOkwJrZq+ACFB2sDPhiKDIibdEauZOW6M2XQI0nn4InKvGeNAWP4
4lUXU0sd/+t//Qv+7Z/9Lc12m5suu5Ceeo3a1CT2oYdwIyPv+4s7IQR+YSBhpanzX44ERnz8zaVL
6wl/f7FhVWLf7y0/IwJxTMv/tjTl9DThnsmciRCwwK8NwE2DFsvbLr3pDRrxiUCWxdEprVa8Lcvo
[...]
+7W3e1VTU6s9e/drxPBUfe7+e5SWNuKKzo2+RcGBsPL+B+v1+htvSZKcTofmzpmt7OwsRUVFqrm5
RQcOHNShwiJVVlbpN799VF97+EsaNWrkRR/P4/HoD3/8s4qPHtPMGfkalzdWwVBIhwqLdODAQdXU
1Ord99Zq4oTxevHllXI6nbrh+sXKzEhXW3u7du3ao6PHjsvv9+vPTz+r73/v24qPj+tynjffeldr
1n4gSRo2bKiuX3KdMjMz5HI6VVdXr42bt+jw4WK99fa7Mk1TNy1f2ifPH4CB79Pz3Xp6fUeRerQy
pBv+uVUPL4/Qvde5lZpwZUXH/3vBq0dX+yRJI4c49NXlbk0b41SUSzpebeqP7/u0tTioX67yyTSl
H9wRee6+wZD06f/yaMexoCQpMcbQvYvcmpTpULtf2loc1ItbO3L+8DmvJmY4teAioyKa2kztOBrU
/3mm44Lf5eiYflPTaGr00I8uOP9jpVe/erMjr8OQ7prr1uIJTiXFGqppMvX6roA+OBjQukMBvbrD
r4e6KVUk6YfPt6uoLKThiYY+u9CtsSMcag9Iq/cH9PbejubkP1/zakaWQ9dP4lIJGIiOHT+h9Rs2
SZIyMtI1c0Z+t8f15rVpb1/nXkxFRaUee/xJ+Xw+JSUm6itf+oISLzJCpa+vlU3T1GOPP6nio8ck
SbGxsVowf47S0kYo4A/oxMkSbdm6XZL04ksrlTZiuLKyxnSbtdXjUUnpKT33/IvnnsPExEQ1NjZq
SEpKrz4/L7z4yrlyY8L4cZo/b44SEhPkafXoZEmJNm7aqsqqalXX1FBwhBl+auOqtLX//+3deXSU
dZ7v8U+tWchC2BJA1iQCkrAGtREQVGQRGxX3BXEZ7RG7nTs9Pd33XudOn74zZ869Z2hbxe7bo+M2
irSttiAuCEoLIgghIAFCgIghgYQsZK8sVam6fxRUKiQVEqjkqUffr7+KylNPfc9zDk/96lO/3/fX
JJfL1e3jPZ7WCx7z7fHvAjf9xMQEPfboQx1uGFddmaXs7BytWftntbS06LX/WqN/+PunFBMTHfK8
hSeK9PjfPKxx49IDz105Y3oglNixc5cO5x9RXFycVj7xmJKHtC0jyZo+Va++9qYOHspTg8ul7D17
NW/u7Hbnz88/Ggg3xo4ZrUcfWaHo6LYvAUOHpuiKK8br/XUbtO3Lr/TJxk3KzLiCmyGAizIj1aaV
C5x6YaP/i36Ny6f/s65Zqz5o1vWZdv14hl0LJtvVL6rrsOPTbzyBcGPqGJvW/l2MEmLaXpMxUrpp
ml2/fLNJb25z69mPWrRkml0ZI/0hhc0qTR9r055vW/XkQqd+usipuOi2198326Gr0mz6xdkZGc99
3KyZ42JD1vP3rzcpPsaif7snSkumO+S0+0OUc7Ydbg2EG4mxFr31VIymjmkfmNw7y6Hdx1r11ZFW
rZgbevbF4ZNePT7fqV8udSrGGVTzLIf+9b1mrf7E/z4vbGwh4ABMyuNxt5tV6/P51NzcovKKCuXm
HtTWbdvl8/k0atRIrVh+nxyOjrtNhXNs2lvj3PNVVFTqjy++LFdjo2JjY/XYYw9r4MCuv/z35ljZ
YrFo9OiRKvj2uObfcJ3mXjtLUVFt4+SsrGkaPXqk3lrrDy0+37JVj4wZHbLWP7/zF8XExOiO228J
LOXxer3dnh3dnetz+nSZ9n2zX5I0eVKmlj9wT7vzjx9/ua6dM1vFxcVKS0vt1vui7/CpjYuy+oU/
hv2cGz/9LPD47jtvDxkAZGVN04miYn25fYeqqqqVvSenXRfs8915x23tbtiS/2Y799pZ+uzzv8rj
8ai8vEJ33H5ruxu2JNlsNs2/YZ4OHsqTJB0+nN/upu3z+fTJxk2SJLvdrrvuXNYu3Ah+vyU3LdS+
b/arrq5eX+34WstuW3qBKwIAnfuft0Xp8mFW/a8/NavG5Z8q7PFKG7/xaOM3HvWLsujOmXb9bFFU
hy1kJf/SlP+7rlmS5LBLzz0U3S7cOMdmlf73XVH6KMejqgafXt7i1m8fbAsV/vmOKP385vbBRrB7
Zjm0emOLCsu92pbXqvomX8hjj5V6teapGM0LChSCl8T8+/rmtscPRHcIN86ZkWbTjLSu10T/6pYo
PbW48wDkp4ucenmLW65mn77Kb1VDs++CYRGAyPPbZ1Z3+fcBA5K0aMF8TZ4yKWQfhXCOTXtrnBus
uqZGf3zxZdXW1ikqKkqPP/awUpKHXPB1vTlWlqRFC2/UdfOubRdsBJs+bao+/3yrTpeVKe9wvpqb
m0Mee+pUif72J48qPShYCF5a0pXuXp9TJaWBx5MnZ3QansTERCs9vfOl6zAWu6ggIlRWntHRo8ck
SSkpySF7XZxzzdkGQ5K08+vdXR6b1D+x0+f79evXrhlSauqYTo9LDrrxlZSebve3srJyFZ4okiRl
TLxCgwcPClmHw+HQlMmTJEkHDh5qt34RAHrCYvEvVfnqX/rpX+6O0sTL2n+cNzT79MoWt67954bA
MpFgh056dbDYPz3iuol2paWEHg7EOC1aPM0fOmza79H5t65QgYXkDygyRvjP7fVJJ8+Evu/dNM3e
LtwI9m2ZV7uO+WcCjhpsDdRzsWakhg5AEmIsGjesezUDMK8zZ6q0afMWbdu2vUM/DCm8Y9PeHOee
09DQoBdfelWVlWdkt9v16CMPasRl3evh0Ztj5XNCBRaSP6C4bIS/Vq/Xq+qampDHTp8+tV240V09
uT5Wa9vnWlFRcY/fC8ZiBgcuyvIH7tHgQaG/zJ/P09qqZ5/7fci/nwi6eUwYP+6C08yShwxWQkK8
amvrVFJSqrq6+k57Y1xIbEzbdgQx0TGdHhMVFaXo6Cg1NTWroaGh3d/OhRuSlJw8WGXl5V2+37np
jzU1tWpqau7RlEMAON+AOIseuc6pR65z6lipVxu/8ei/trpVWO4PL2obffrpy01y2i36cVbbR352
QduywbQUq46UeDucO1js2WUcFXU+1Tb6lBjb/RkNKf3bwpP6ptBhwT3XdJwefs7eb9vqnZ9pl7WX
J1QMS7Jo79neg13VDCByPbzigQ5LD7xerxqbmnT6dJl27cpWUfFJfbDhY325fYf+5tGH2v2aH86x
aW+Pc2tqavXq62+qpKRUVqtVD624X6ljOw8jeupSx8rdlRAfH3jc0tIxmD9nxvRpPT53T6/PyJEj
ZLNZ1drq1Za/blN9vUtzr53F8nKTIODARUkeMqRH/8k9rV334Kipbktqu7Mdq+TvbVFbW+d/fW3N
RQUcwbr6rLFa/AP082ddVAfVvfHTz9pNP7yQ5hYCDgDhk5ZiVVqKUz+Z79Sm/R796s0mna7x37Oe
XtukRVPi5Dj7qV9S1RZovLCxJdDPozvqLhBwNLulExVeVdb7VNfoU8HptvfqKioI7oVxvqLKtleO
Te79yafBAYqXfAMwpUGDB4VcnpGWOlZXXzVDn276TJs2b1FVVbVefuV1/eLnT7X9GBXGsWlvjnOf
P2/Z+IMP3KsJ48d16z166mLGyqG0trbqzJkqNTQ0BHqjdIfD0bOvrxdzfZL699fty27Vn95+V5K0
O3uPdmfv0cgRl2nKlMmaPClDSUn9e1QH+g4BByJCY1Nj4LHT2b1t+aKj2sKBpqbmLo7sPcHNqzIy
rlBiQtd7qJ/jdDrb7SkOAOFis0oLp9iVnhKreb9pkNsjldf6lHO8VVel+5dmuILyjLkT7RraSZ+O
zsRGWZSc2DFgOHCiVRtyPNq836O8k96whwLn+oxIUnznPyACQI/YbDYtXDBfR44cU+GJIlVUVOrA
wTxNneJfThzOsWlfjnO/3L5DV1wxXrYQfUWMVFJSqgMH83ToUJ6Kik/K6+169mBv6O71uerKLPVP
TNT6DR+p5GxPjhNFxTpRVKz1H3yo6dOmaPGiG5WUlNQXZaMHCDgQEYJv9q0XmO1xjsfjaXt9J52v
+0LwDIyrr5qhKyaMN6QOADhfaopVi6fYtS7bf688VeWV5B/QJQaFBMvnOLRo6sUNB06d8emXbzZp
c27b/XjEQKsmjrBq5CCrkvpZ9PlBj3Yf6959PZTYoKXbTd2fbAIAXbJYLMrIuCKw5Li4uDgQcIRz
bNqb49wnVz6ulJRkvfPO+9r3zX4dPVagDzZ8rFuWLunW+/SFmppavb9ug77Znxt4bvDgQbps+DAN
GDBA/WJjlZd/JNCnJJwu5fqMG5euf7j8ZyoqKlbugUPK2btPVVXVkqQ9Oft0+PARPfnkTzo0XoWx
CDgQEYJnM9TU1HbrNZWVlYHH/fr1C3tN3RE8Y+PMmSpDagCAUIYEzbZw2ttmaQxNanu+sOLifkEr
rfZp8b816HSNT9EO6cmFTt0506ERA9vP8Kis811ywDEovu2cxWf6/hc/AN9fweFDcO+HcI5Ne3Oc
a5G/T8Zdd96myspKFRWf1NZt2zXisuGaPn1qt96rN9XW1um55/+gqupqOZ1O3Tj/Ok2dOllJ/dsv
8airr++VgONSr4/FYtHIkSM0cuQILVo4X0ePFmjd+g0qPV2mBpdLH3/yqVYsvy/sdePisYsKIsJl
w4cFHn97/PgFj6+vr1fp6TJJUkJCvAYMMGZ62LmOz5KUf+SoITUAQChHS9vCgBED2wKO6WPbpub+
9eDFhQ/PfNgc6PHxyhMx+vnNUR3CjXCZPLrtvNsPX1pYAgDBysraGsQnBP1wFc4+tVK1AAARMElE
QVSxaV+Mc6OiorT8gXsVGxsrSVr79rsqPnnygq/rbVv+ulVV1f5ZD488vFzXzbu2Q7jRF8JxfaxW
q8aNS9fKlY8HeqL0RiiDS0PAgYiQkpIcaLqUn39U5eVdNxrau29/4PH0aVMu2I26twwZPDiwxdTB
g3kqDbE1FgCEg9sj/fLNJr33degO8+ccK/Vq6yH/FOeB8RZNHNEWaqQPtWr8cP8Q4ItDHh0s6vms
iC/z/EFDUj+L5obY3jVcMkfalJzov89nf9uq3BOEHAAuXU1NrbL37A38O3gb1HCOTftqnDtw4AA9
uPxeWSwWtba26tXX3lR9fX23Xttbzv0AGB8fd1Hbu4ZTuK5Pv9hYpaT4N1uwWiOv18kPHQEHIoLN
ZtMN188L/Pud99a1a+AZ7HRZuT7ZuCnwupk/urpPauyMxWJpV/dba//c5Y2yqPik1q3/UC6Xqy/K
A/A98+JnLXr9C7dW/meTnnipSaXVnXfzPF7m1UO/bww0+1y5wClb0Ce+1SI9tbitscWTLzeqrDZ0
Z9Dsb1v1qzebVFnXdoz17PmqXT41NHf+2l3HWvX2jguHMRfisElPLGibRv7fXm1q13g02HflXv33
NaGvDQBI0qlTJXrp5dfU3Oxv4DlmzCiNGT0q8Pdwjk37cpybnpaqpT++SZJ/+fRba99Ra6txS/us
Zz8s6usb1NLSeROlwsIT2rUru0/q6c718fl8Kio+GXIXyAaXS0VF/r4taalje7dg9Bg9OBAxZmRN
04GDh3TgwCEdPXpMq1/4o264fp4uGzFcUVFRaqhv0OH8I9q4cbMaG5skSbfd+uMOe5z3tczMiZqR
NU27s3NUVHxSv31mtW64YZ5SU8corl8/tbjdOnWqRNnZewPNlTwej5bdttTQugGYT/BX9r/scmtD
jlvzM+2aPtamQQkW1Tf5tKfAqw/2uOU+Oy6bkWrTw/M6du2/ZYZdn+z1NyE9fNKrG37ToJ8tdmr2
eLsGxlvU2OJTbqFXb213B5qItnik3z7ob658VbpNx0q98vmk37zTrF/fERXY6rW02qfXvmjR6o9b
FBsdnhl2D8116v3dHu093qqDxV4t+FeX/nGpUz9KtysuRiqr9umDPR6t/qRFDc0+Vdb59B+Ps+UK
8EO1c+euDlurer0+uVwuFZ4o0nffFQaej4+P0113LuswUyKcY9O+HOfOnjVTJ0+e0u7sHOUdztfG
Tzdr8aIbe3yecEgdO0anTpXI5/Pp4082afGiGwNb8dbW1unrXdn6dNNmRQXtGtPbLnR9svfk6K21
72jYsKFauGC+xo+/XPazu66Ul1fovffXB3a2mTnzqj6rG91DwIGIYbFYdP+9d+lPb7+rvfv2q6j4
pF557Y2Qx956y8360dVX9nGVnbvj9ltlt9u1Y+cuVdfU6J133w95bHpaqhbceH0fVgfg+2LlAqdG
DrLq6beaVFbrk9sjfbTXo4/2ejo9fu5Eu37/aLSiQjTg/91DMbLbm/TuTrfKa336p7XNkjrfjjBr
rE2/urVt1scTC5x6f5dHDc0+vf6FW+997dGYIRbVuKSiSn/w8cAch2690qHb/v3SZ6057NJrK2O0
fHWj9n3XqsJyr1a+1NTpsWkpVv3T7VGd/g3AD8PWbdu7dVx6epruvP3WToOEcI5N+3Kca7FYtOy2
pSorK1fhiSJt/myLLhs+TJMmZVzU+S7FnNnXKHtPjhobm/TF1i+1e/ceDUkeIleDS+UVFfL5fJoz
+xpNmZyp51b/vz6p6ULXp6XFLYvFolOnSvTyK6/L6XRq0KCBqq2tazdTe8lNCw1fdoOOCDgQUZxO
p+6/725lZU3T9u07lX/kSLtpY/1iYzVpUobmzJkVUVsy2e123XH7rZoyZZK2ffmV8vLy220DFh0d
pQnjxykra5rGj7vcsJ4hAMzv5ul2zZ3YT2u2ubU+26Oc4+2n0Fot0o8ut2nFXKcWTbW3W5pyvmiH
tPrhaC27yq7/2OzW9sOewMwPSYqNsmjOBJvumunQjZPtsgbdusYOseovv4jR/1jTrOxvW1Xf5FPu
CZ8sFmnWOJueXOTUnAl2Nbn9gcOx0kufIj04waJ1/xirN7a16JUt7g7nnDTKqrtnOnXfbIecjHAA
nMdmsyouLk4DBwzQmDGjlTFxgkaOHNHluCycY9O+HOc6nU4tf+Aevfifr6m09LTWrP2zkpOHKDl5
yCWdt6cGDhygJ594XO+v26CjxwrkamzUd98VymKxaML4cZo3b45Sx46Rx+PRsGFDdepUSZ/U1dX1
uWbm1UpLS9W2bdu1b99+uRobA3VZLBalpaXqhuvnEm5EKIvP52ORKiKW2+1WXV29WlpaFBUdpYT4
eNlskd/Mx+12q7a2Tm63W9Ex0YqPi5etq28ZAHCRal0+ldf6VNPoU3y0RSlJFsVf5LKQxhafSqp9
amyWEmOl5P5WObpxyy2t9ulUlVexTouGJlmUGNs3IW5ZrU8VtT457f7wo6/eF8APVzjHpmYd516s
2to61dTWyul0KiE+XjExfbcs5WK1tnpVXV0tV2OjHHa7EhMTTVH3DxkBBwAAAAAAMD1+UgYAAAAA
AKZHwAEAAAAAAEyPgAMAAAAAAJgeAQcAAAAAADA9Ag4AAAAAAGB6BBwAAAAAAMD0CDgAAAAAAIDp
EXAAAAAAAADTI+AAAAAAAACmR8ABAAAAAABMj4ADAAAAAACYHgEHAAAAAAAwPQIOAAAAAABgegQc
AAAAAADA9Ag4AAAAAACA6RFwAAAAAAAA0yPgAAAAAAAApmeR5DO6CAAAAAAAgEvBDA4AAAAAAGB6
BBwAAAAAAMD0CDgAAAAAAIDpEXAAAAAAAADTI+AAAAAAAACmR8ABAAAAAABMj4ADAAAAAACYHgEH
AAAAAAAwPQIOAAAAAABgegQcAAAAAADA9Ag4AAAAAACA6RFwAAAAAAAA0yPgAAAAAAAApkfAAQAA
AAAATI+AAwAAAAAAmB4BBwAAAAAAMD0CDgAAAAAAYHoEHAAAAAAAwPQIOAAAAAAAgOkRcAAAAAAA
ANMj4AAAAAAAAKZHwAEAAAAAAEyPgAMAAAAAAJgeAQcAAAAAADA9Ag4AAAAAAGB6BBwAAAAAAMD0
CDgAAAAAAIDpEXAAAAAAAADTI+AAAAAAAACmR8ABAAAAAABMj4ADAAAAAACYHgEHAAAAAAAwPQIO
AAAAAABgegQcAAAAAADA9Ag4AAAAAACA6RFwAAAAAAAA0yPgAAAAAAAApkfAAQAAAAAATI+AAwAA
AAAAmB4BBwAAAAAAMD0CDgAAAAAAYHoEHAAAAAAAwPQIOAAAAAAAgOkRcAAAAAAAANMj4AAAAAAA
AKZHwAEAAAAAAEyPgAMAAAAAAJgeAQcAAAAAADA9Ag4AAAAAAGB6BBwAAAAAAMD0CDgAAAAAAIDp
2Y0uAMDFi42NlcvlMroMACblcDiUlJSk+Ph42Ww2o8u5ZK2traqrq1NVVZXcbrfR5QAAgD5GwAGY
1LJly5SVlaVVq1apoqLC6HIAmMSECRM0adIkZWRkaMiQIUaX02vKysqUm5ur3Nxc5eXlGV0OAADo
AxZJPqOLANAzd999t+bNmydJqqur06pVq1RSUmJwVQAiWWpqqpYtW6bU1FSjS+lzBQUFevfdd1VQ
UGB0KQAAoBcRcAAmExxunFNZWamnn35aXq/XoKoARCqLxaKlS5dq0aJFRpdiuI8++kjr16+Xz8fQ
BwCA7yObpF8bXQSA7uks3GhsbNTzzz+v6upqg6oCEKlsNpsee+wxzZ492+hSIkJ6erqGDx+uvXv3
EnIAAPA9RMABmERn4UZzc7NWrVqlEydOGFQVgEh277336uqrrza6jIgydOhQxcfHKzc31+hSAABA
mBFwACYQKtx45plnVFhYaFBVACLZ9ddfr8WLFxtdRkQaNWqUGhsbdfz4caNLAQAAYWQ1ugAAXbv/
/vtDhhsMzgF0JiEhQTfffLPRZUS0JUuWKCEhwegyAABAGBFwABHs/vvv77B2nnADwIUsXLhQMTEx
RpcR0WJjY7Vw4UKjywAAAGFEwAFEqM7CjZaWFsINAF2Kjo7WnDlzjC7DFObMmaPo6GijywAAAGFC
wAFEoFDhxrPPPku4AaBLmZmZcjgcRpdhCg6HQ5mZmUaXAQAAwoSAA4ggFouly3Dj2LFjBlUGwCwm
T55sdAmmkpGRYXQJAAAgTOxGFwDAz2KxaMWKFR22dCTcANATQ4cONboEU0lOTja6BAAAECbM4AAi
QKhww+12E24A6BF2BukZrhcAAN8fBBxABLjyyis7hBuS9OGHHxJuAOiR2NhYo0swlcTERKNLAAAA
YULAAUSAXbt2aefOnR2eX7JkidLS0gyoCIBZuVwuo0swFa4XAADfHwQcQATw+Xx69dVXtW3btnbP
2+12PfXUU4QcALqttrbW6BJMhesFAMD3BwEHECF8Pp/eeOONDiGH0+kk5ADQbSUlJUaXYCpcLwAA
vj9skn5tdBEA2uzfv1/9+/fXqFGjAs/ZbDbNmDFDR48e1ZkzZwysDkCks9lsmjZtmtFlmMb69etV
WlpqdBkAACAMmMEBRKCuZnKMGTPGoKoAmEFubq7cbrfRZZiC2+3Wvn37jC4DAACECTM4gAjV1UyO
w4cPq7q62sDqAEQqj8ejuLg4jR071uhSIt7mzZuVl5dndBkAACBMCDiACNZZyGG32wk5AHSpqKhI
s2bNksPhMLqUiNXY2Kg//OEP8ng8RpcCAADChIADiHD79+9XXFxcu6Up50KOgwcPqqamxsDqAESi
5uZmNTY2atKkSUaXErHefvttFRQUGF0GAAAIIwIOwAQOHDgQMuQ4dOgQIQeADgoLC5WYmNhuBhj8
tm7dqg0bNhhdBgAACDMCDsAkOgs5HA4HIQeAkHJzczV8+HANHTrU6FIiRk5Ojl555RWjywAAAL2A
gAMwkVAhx8SJE7Vlyxb5fD4DqwMQiXJycmS1WpWenm50KYb7+OOPtWbNGqPLAAAAvYSAAzCZ80OO
uro6/e53v1NdXZ3BlQGIVPn5+crLy1NKSooGDBhgdDl9rqCgQC+99JJ27NhhdCkAAKAXWSTxky9g
QsuWLVNWVpZWrVqliooKo8sBYBITJkxQZmamMjMzNWTIEKPL6TVlZWU6cOCA9u3bp/z8fKPLAQAA
fYCAAzCx2NhYuVwuo8sAYFIOh0NJSUmKj4+XzWYzupxL1traqrq6OlVVVcntdhtdDgAA6GMEHAAA
AAAAwPSsRhcAAAAAAABwqQg4AAAAAACA6RFwAAAAAAAA0yPgAAAAAAAApkfAAQAAAAAATI+AAwAA
AAAAmB4BBwAAAAAAMD0CDgAAAAAAYHoEHAAAAAAAwPQIOAAAAAAAgOkRcAAAAAAAANMj4AAAAAAA
AKZHwAEAAAAAAEyPgAMAAAAAAJgeAQcAAAAAADA9Ag4AAAAAAGB6BBwAAAAAAMD0CDgAAAAAAIDp
EXAAAAAAAADTI+AAAAAAAACmR8ABAAAAAABMj4ADAAAAAACYHgEHAAAAAAAwPQIOAAAAAABgegQc
AAAAAADA9Ag4AAAAAACA6RFwAAAAAAAA0yPgAAAAAAAApkfAAQAAAAAATI+AAwAAAAAAmB4BBwAA
AAAAMD0CDgAAAAAAYHoEHAAAAAAAwPQIOAAAAAAAgOkRcAAAAAAAANMj4AAAAAAAAKZHwAEAAAAA
AEyPgAMAAAAAAJgeAQcAAAAAADA9Ag4AAAAAAGB6BBwAAAAAAMD0CDgAAAAAAIDpEXAAAAAAAADT
I+AAAAAAAACmR8ABAAAAAABMj4ADAAAAAACYHgEHAAAAAAAwPQIOAAAAAABgegQcAAAAAADA9Ag4
AAAAAACA6f1/3JChf7anqngAAAAASUVORK5CYII=
" width="800px"&gt;</msg>
<doc>Takes a screenshot of the current page and embeds it into the log.</doc>
<status status="PASS" start="2024-09-01T16:14:36.262013" elapsed="31.983078"/>
</kw>
<msg time="2024-09-01T16:15:08.245091" level="FAIL">UnknownMethodException: Message: Unknown mobile command "scroll". Only shell,scrollBackTo,viewportScreenshot,deepLink,startLogsBroadcast,stopLogsBroadcast,acceptAlert,dismissAlert,batteryInfo,deviceInfo,changePermissions,getPermissions,performEditorAction,startScreenStreaming,stopScreenStreaming,getNotifications,listSms,type commands are supported.
Stacktrace:
UnknownCommandError: Unknown mobile command "scroll". Only shell,scrollBackTo,viewportScreenshot,deepLink,startLogsBroadcast,stopLogsBroadcast,acceptAlert,dismissAlert,batteryInfo,deviceInfo,changePermissions,getPermissions,performEditorAction,startScreenStreaming,stopScreenStreaming,getNotifications,listSms,type commands are supported.
    at AndroidUiautomator2Driver.executeMobile (/nix/store/a4f03fnyb1njsg95d11hrirds8hfjsc1-appium-1.17.0/node_modules/appium-uiautomator2-driver/lib/commands/general.js:139:11)
    at AndroidUiautomator2Driver.execute (/nix/store/a4f03fnyb1njsg95d11hrirds8hfjsc1-appium-1.17.0/node_modules/appium-uiautomator2-driver/node_modules/appium-android-driver/lib/commands/execute.js:11:23)
    at commandExecutor (/nix/store/a4f03fnyb1njsg95d11hrirds8hfjsc1-appium-1.17.0/node_modules/appium-uiautomator2-driver/node_modules/appium-base-driver/lib/basedriver/driver.js:330:9)
    at /nix/store/a4f03fnyb1njsg95d11hrirds8hfjsc1-appium-1.17.0/node_modules/appium-uiautomator2-driver/node_modules/async-lock/lib/index.js:125:12
    at AsyncLock._promiseTry (/nix/store/a4f03fnyb1njsg95d11hrirds8hfjsc1-appium-1.17.0/node_modules/appium-uiautomator2-driver/node_modules/async-lock/lib/index.js:249:31)
    at exec (/nix/store/a4f03fnyb1njsg95d11hrirds8hfjsc1-appium-1.17.0/node_modules/appium-uiautomator2-driver/node_modules/async-lock/lib/index.js:124:9)
    at AsyncLock.acquire (/nix/store/a4f03fnyb1njsg95d11hrirds8hfjsc1-appium-1.17.0/node_modules/appium-uiautomator2-driver/node_modules/async-lock/lib/index.js:140:3)
    at AndroidUiautomator2Driver.executeCommand (/nix/store/a4f03fnyb1njsg95d11hrirds8hfjsc1-appium-1.17.0/node_modules/appium-uiautomator2-driver/node_modules/appium-base-driver/lib/basedriver/driver.js:343:39)
    at AppiumDriver.executeCommand (/nix/store/a4f03fnyb1njsg95d11hrirds8hfjsc1-appium-1.17.0/lib/appium.js:534:36)
    at runMicrotasks (&lt;anonymous&gt;)
    at processTicksAndRejections (internal/process/task_queues.js:97:5)
    at asyncHandler (/nix/store/a4f03fnyb1njsg95d11hrirds8hfjsc1-appium-1.17.0/node_modules/appium-base-driver/lib/protocol/protocol.js:309:21)</msg>
<arg>mobile: scroll</arg>
<arg>&amp;{scroll_arg}</arg>
<doc>Execute a variety of native, mobile commands that aren't associated
with a specific endpoint. See [https://appium.io/docs/en/commands/mobile-command/|Appium Mobile Command]
for more details.</doc>
<status status="FAIL" start="2024-09-01T16:14:35.753944" elapsed="32.497132">UnknownMethodException: Message: Unknown mobile command "scroll". Only shell,scrollBackTo,viewportScreenshot,deepLink,startLogsBroadcast,stopLogsBroadcast,acceptAlert,dismissAlert,batteryInfo,deviceInfo,changePermissions,getPermissions,performEditorAction,startScreenStreaming,stopScreenStreaming,getNotifications,listSms,type commands are supported.
Stacktrace:
UnknownCommandError: Unknown mobile command "scroll". Only shell,scrollBackTo,viewportScreenshot,deepLink,startLogsBroadcast,stopLogsBroadcast,acceptAlert,dismissAlert,batteryInfo,deviceInfo,changePermissions,getPermissions,performEditorAction,startScreenStreaming,stopScreenStreaming,getNotifications,listSms,type commands are supported.
    at AndroidUiautomator2Driver.executeMobile (/nix/store/a4f03fnyb1njsg95d11hrirds8hfjsc1-appium-1.17.0/node_modules/appium-uiautomator2-driver/lib/commands/general.js:139:11)
    at AndroidUiautomator2Driver.execute (/nix/store/a4f03fnyb1njsg95d11hrirds8hfjsc1-appium-1.17.0/node_modules/appium-uiautomator2-driver/node_modules/appium-android-driver/lib/commands/execute.js:11:23)
    at commandExecutor (/nix/store/a4f03fnyb1njsg95d11hrirds8hfjsc1-appium-1.17.0/node_modules/appium-uiautomator2-driver/node_modules/appium-base-driver/lib/basedriver/driver.js:330:9)
    at /nix/store/a4f03fnyb1njsg95d11hrirds8hfjsc1-appium-1.17.0/node_modules/appium-uiautomator2-driver/node_modules/async-lock/lib/index.js:125:12
    at AsyncLock._promiseTry (/nix/store/a4f03fnyb1njsg95d11hrirds8hfjsc1-appium-1.17.0/node_modules/appium-uiautomator2-driver/node_modules/async-lock/lib/index.js:249:31)
    at exec (/nix/store/a4f03fnyb1njsg95d11hrirds8hfjsc1-appium-1.17.0/node_modules/appium-uiautomator2-driver/node_modules/async-lock/lib/index.js:124:9)
    at AsyncLock.acquire (/nix/store/a4f03fnyb1njsg95d11hrirds8hfjsc1-appium-1.17.0/node_modules/appium-uiautomator2-driver/node_modules/async-lock/lib/index.js:140:3)
    at AndroidUiautomator2Driver.executeCommand (/nix/store/a4f03fnyb1njsg95d11hrirds8hfjsc1-appium-1.17.0/node_modules/appium-uiautomator2-driver/node_modules/appium-base-driver/lib/basedriver/driver.js:343:39)
    at AppiumDriver.executeCommand (/nix/store/a4f03fnyb1njsg95d11hrirds8hfjsc1-appium-1.17.0/lib/appium.js:534:36)
    at runMicrotasks (&lt;anonymous&gt;)
    at processTicksAndRejections (internal/process/task_queues.js:97:5)
    at asyncHandler (/nix/store/a4f03fnyb1njsg95d11hrirds8hfjsc1-appium-1.17.0/node_modules/appium-base-driver/lib/protocol/protocol.js:309:21)</status>
</kw>
<kw name="Click Element" owner="AppiumLibrary">
<arg>xpath=//*[@text='Art of Asia']</arg>
<doc>Click element identified by `locator`.</doc>
<status status="NOT RUN" start="2024-09-01T16:15:08.252070" elapsed="0.000000"/>
</kw>
<kw name="Log Source" owner="AppiumLibrary">
<doc>Logs and returns the entire html source of the current page or frame.</doc>
<status status="NOT RUN" start="2024-09-01T16:15:08.252070" elapsed="0.001000"/>
</kw>
<kw name="Close Application" owner="AppiumLibrary" type="TEARDOWN">
<doc>Closes the current application and also close webdriver session.</doc>
<status status="PASS" start="2024-09-01T16:15:08.253070" elapsed="1.219062"/>
</kw>
<status status="FAIL" start="2024-09-01T16:13:48.003987" elapsed="81.468145">UnknownMethodException: Message: Unknown mobile command "scroll". Only shell,scrollBackTo,viewportScreenshot,deepLink,startLogsBroadcast,stopLogsBroadcast,acceptAlert,dismissAlert,batteryInfo,deviceInfo,changePermissions,getPermissions,performEditorAction,startScreenStreaming,stopScreenStreaming,getNotifications,listSms,type commands are supported.
Stacktrace:
UnknownCommandError: Unknown mobile command "scroll". Only shell,scrollBackTo,viewportScreenshot,deepLink,startLogsBroadcast,stopLogsBroadcast,acceptAlert,dismissAlert,batteryInfo,deviceInfo,changePermissions,getPermissions,performEditorAction,startScreenStreaming,stopScreenStreaming,getNotifications,listSms,type commands are supported.
    at AndroidUiautomator2Driver.executeMobile (/nix/store/a4f03fnyb1njsg95d11hrirds8hfjsc1-appium-1.17.0/node_modules/appium-uiautomator2-driver/lib/commands/general.js:139:11)
    at AndroidUiautomator2Driver.execute (/nix/store/a4f03fnyb1njsg95d11hrirds8hfjsc1-appium-1.17.0/node_modules/appium-uiautomator2-driver/node_modules/appium-android-driver/lib/commands/execute.js:11:23)
    at commandExecutor (/nix/store/a4f03fnyb1njsg95d11hrirds8hfjsc1-appium-1.17.0/node_modules/appium-uiautomator2-driver/node_modules/appium-base-driver/lib/basedriver/driver.js:330:9)
    at /nix/store/a4f03fnyb1njsg95d11hrirds8hfjsc1-appium-1.17.0/node_modules/appium-uiautomator2-driver/node_modules/async-lock/lib/index.js:125:12
    at AsyncLock._promiseTry (/nix/store/a4f03fnyb1njsg95d11hrirds8hfjsc1-appium-1.17.0/node_modules/appium-uiautomator2-driver/node_modules/async-lock/lib/index.js:249:31)
    at exec (/nix/store/a4f03fnyb1njsg95d11hrirds8hfjsc1-appium-1.17.0/node_modules/appium-uiautomator2-driver/node_modules/async-lock/lib/index.js:124:9)
    at AsyncLock.acquire (/nix/store/a4f03fnyb1njsg95d11hrirds8hfjsc1-appium-1.17.0/node_modules/appium-uiautomator2-driver/node_modules/async-lock/lib/index.js:140:3)
    at AndroidUiautomator2Driver.executeCommand (/nix/store/a4f03fnyb1njsg95d11hrirds8hfjsc1-appium-1.17.0/node_modules/appium-uiautomator2-driver/node_modules/appium-base-driver/lib/basedriver/driver.js:343:39)
    at AppiumDriver.executeCommand (/nix/store/a4f03fnyb1njsg95d11hrirds8hfjsc1-appium-1.17.0/lib/appium.js:534:36)
    at runMicrotasks (&lt;anonymous&gt;)
    at processTicksAndRejections (internal/process/task_queues.js:97:5)
    at asyncHandler (/nix/store/a4f03fnyb1njsg95d11hrirds8hfjsc1-appium-1.17.0/node_modules/appium-base-driver/lib/protocol/protocol.js:309:21)</status>
</test>
<status status="FAIL" start="2024-09-01T16:13:47.657959" elapsed="81.818158"/>
</suite>
<statistics>
<total>
<stat pass="0" fail="1" skip="0">All Tests</stat>
</total>
<tag>
</tag>
<suite>
<stat pass="0" fail="1" skip="0" id="s1" name="Demo3 Cloud">Demo3 Cloud</stat>
</suite>
</statistics>
<errors>
</errors>
</robot>
