<?xml version="1.0" encoding="UTF-8"?>
<robot generator="Robot 7.0.1 (Python 3.11.4 on win32)" generated="2024-09-02T15:36:54.851946" rpa="false" schemaversion="5">
<suite id="s1" name="Dem5 Server Start" source="C:\Mine\Company\SI Aug 2024\AppiumRobotProject\android_suite\dem5_server_start.robot">
<kw name="Start Process" owner="Process" type="SETUP">
<msg time="2024-09-02T15:36:55.178207" level="INFO">Starting process:
appium -a localhost -p 4723 --session-override</msg>
<arg>appium -a localhost -p 4723 --session-override</arg>
<arg>shell=True</arg>
<arg>alias=appiumserver</arg>
<arg>stdout=C:\\Mine\\Company\\SI Aug 2024\\AppiumRobotProject\\android_suite/appium_stdout.txt</arg>
<arg>stderr=C:\\Mine\\Company\\SI Aug 2024\\AppiumRobotProject\\android_suite/appium_stderr.txt</arg>
<doc>Starts a new process on background.</doc>
<status status="PASS" start="2024-09-02T15:36:55.177209" elapsed="0.009972"/>
</kw>
<test id="s1-t1" name="TC1" line="21">
<kw name="Open Application" owner="AppiumLibrary">
<msg time="2024-09-02T15:36:59.278367" level="WARN">Retrying (Retry(total=2, connect=None, read=None, redirect=None, status=None)) after connection broken by 'NewConnectionError('&lt;urllib3.connection.HTTPConnection object at 0x00000151B880B310&gt;: Failed to establish a new connection: [WinError 10061] No connection could be made because the target machine actively refused it')': /session</msg>
<arg>remote_url=http://localhost:4723</arg>
<arg>platformName=android</arg>
<arg>deviceName=android</arg>
<arg>automationName=UiAutomator2</arg>
<doc>Opens a new application to given Appium server.
Capabilities of appium server, Android and iOS,
Please check https://appium.io/docs/en/2.1/cli/args/
| *Option*            | *Man.* | *Description*     |
| remote_url          | Yes    | Appium server url |
| alias               | no     | alias             |
| strict_ssl          | No     | allows you to send commands to an invalid certificate host like a self-signed one. |</doc>
<status status="PASS" start="2024-09-02T15:36:55.188181" elapsed="9.169662"/>
</kw>
<kw name="Set Appium Timeout" owner="AppiumLibrary">
<arg>20s</arg>
<doc>Sets the timeout in seconds used by various keywords.</doc>
<status status="PASS" start="2024-09-02T15:37:04.357843" elapsed="0.000000"/>
</kw>
<kw name="Activate Application" owner="AppiumLibrary">
<arg>app_id=com.docusign.ink</arg>
<doc>Activates the application if it is not running or is running in the background.
Args:
 - app_id - BundleId for iOS. Package name for Android.</doc>
<status status="PASS" start="2024-09-02T15:37:04.357843" elapsed="0.255344"/>
</kw>
<kw name="Wait And Click Element">
<kw name="Wait Until Page Contains Element" owner="AppiumLibrary">
<msg time="2024-09-02T15:37:05.251719" level="INFO">xpath criteria: //android.widget.Button[@resource-id="com.docusign.ink:id/btn_login"]</msg>
<arg>${locator}</arg>
<doc>Waits until element specified with `locator` appears on current page.</doc>
<status status="PASS" start="2024-09-02T15:37:04.615181" elapsed="0.636538"/>
</kw>
<kw name="Click Element" owner="AppiumLibrary">
<msg time="2024-09-02T15:37:05.253713" level="INFO">Clicking element 'xpath=//android.widget.Button[@resource-id="com.docusign.ink:id/btn_login"]'.</msg>
<msg time="2024-09-02T15:37:06.533872" level="INFO">xpath criteria: //android.widget.Button[@resource-id="com.docusign.ink:id/btn_login"]</msg>
<arg>${locator}</arg>
<doc>Click element identified by `locator`.</doc>
<status status="PASS" start="2024-09-02T15:37:05.251719" elapsed="1.282153"/>
</kw>
<arg>xpath=//android.widget.Button[@resource-id="com.docusign.ink:id/btn_login"]</arg>
<status status="PASS" start="2024-09-02T15:37:04.614185" elapsed="1.920684"/>
</kw>
<kw name="Sleep" owner="BuiltIn">
<msg time="2024-09-02T15:37:11.536028" level="INFO">Slept 5 seconds.</msg>
<arg>5s</arg>
<doc>Pauses the test executed for the given time.</doc>
<status status="PASS" start="2024-09-02T15:37:06.534869" elapsed="5.001159"/>
</kw>
<kw name="Get Contexts" owner="AppiumLibrary">
<msg time="2024-09-02T15:37:11.870720" level="INFO">['NATIVE_APP', 'WEBVIEW_chrome']</msg>
<msg time="2024-09-02T15:37:11.870720" level="INFO">@{contexts} = [ NATIVE_APP | WEBVIEW_chrome ]</msg>
<var>@{contexts}</var>
<doc>Get available contexts.</doc>
<status status="PASS" start="2024-09-02T15:37:11.537040" elapsed="0.333680"/>
</kw>
<kw name="Log" owner="BuiltIn">
<msg time="2024-09-02T15:37:11.871716" level="INFO">['NATIVE_APP', 'WEBVIEW_chrome']</msg>
<arg>${contexts}</arg>
<doc>Logs the given message with the given level.</doc>
<status status="PASS" start="2024-09-02T15:37:11.871716" elapsed="0.000000"/>
</kw>
<kw name="Sleep" owner="BuiltIn">
<msg time="2024-09-02T15:37:16.872023" level="INFO">Slept 5 seconds.</msg>
<arg>5s</arg>
<doc>Pauses the test executed for the given time.</doc>
<status status="PASS" start="2024-09-02T15:37:11.871716" elapsed="5.001329"/>
</kw>
<for flavor="IN">
<iter>
<kw name="Switch To Context" owner="AppiumLibrary">
<arg>${context}</arg>
<doc>Switch to a new context</doc>
<status status="PASS" start="2024-09-02T15:37:16.875039" elapsed="0.022931"/>
</kw>
<kw name="Get Matching Xpath Count" owner="AppiumLibrary">
<msg time="2024-09-02T15:37:17.056261" level="INFO">xpath criteria: //input[@data-qa='username']</msg>
<msg time="2024-09-02T15:37:17.063781" level="INFO">${count} = 0</msg>
<var>${count}</var>
<arg>xpath=//input[@data-qa='username']</arg>
<doc>Returns number of elements matching ``xpath``</doc>
<status status="PASS" start="2024-09-02T15:37:16.897970" elapsed="0.165811"/>
</kw>
<kw name="Exit For Loop If" owner="BuiltIn">
<arg>${count}&gt;0</arg>
<doc>Stops executing the enclosing FOR loop if the ``condition`` is true.</doc>
<status status="PASS" start="2024-09-02T15:37:17.063781" elapsed="0.000000"/>
</kw>
<var name="${context}">NATIVE_APP</var>
<status status="PASS" start="2024-09-02T15:37:16.874042" elapsed="0.189739"/>
</iter>
<iter>
<kw name="Switch To Context" owner="AppiumLibrary">
<arg>${context}</arg>
<doc>Switch to a new context</doc>
<status status="PASS" start="2024-09-02T15:37:17.063781" elapsed="1.145099"/>
</kw>
<kw name="Get Matching Xpath Count" owner="AppiumLibrary">
<msg time="2024-09-02T15:37:18.306301" level="INFO">xpath criteria: //input[@data-qa='username']</msg>
<msg time="2024-09-02T15:37:18.306301" level="INFO">${count} = 1</msg>
<var>${count}</var>
<arg>xpath=//input[@data-qa='username']</arg>
<doc>Returns number of elements matching ``xpath``</doc>
<status status="PASS" start="2024-09-02T15:37:18.209877" elapsed="0.096424"/>
</kw>
<kw name="Exit For Loop If" owner="BuiltIn">
<msg time="2024-09-02T15:37:18.306301" level="INFO">Exiting for loop altogether.</msg>
<arg>${count}&gt;0</arg>
<doc>Stops executing the enclosing FOR loop if the ``condition`` is true.</doc>
<status status="PASS" start="2024-09-02T15:37:18.306301" elapsed="0.000000"/>
</kw>
<var name="${context}">WEBVIEW_chrome</var>
<status status="PASS" start="2024-09-02T15:37:17.063781" elapsed="1.242520"/>
</iter>
<var>${context}</var>
<value>@{contexts}</value>
<status status="PASS" start="2024-09-02T15:37:16.873045" elapsed="1.433256"/>
</for>
<kw name="Wait Until Page Contains Element" owner="AppiumLibrary">
<msg time="2024-09-02T15:37:18.362903" level="INFO">xpath criteria: //input[@data-qa='username']</msg>
<arg>xpath=//input[@data-qa='username']</arg>
<doc>Waits until element specified with `locator` appears on current page.</doc>
<status status="PASS" start="2024-09-02T15:37:18.306301" elapsed="0.057598"/>
</kw>
<kw name="Input Text" owner="AppiumLibrary">
<msg time="2024-09-02T15:37:18.366894" level="INFO">Typing text 'hello@gmail.com' into text field 'xpath=//input[@data-qa='username']'</msg>
<msg time="2024-09-02T15:37:18.861963" level="INFO">xpath criteria: //input[@data-qa='username']</msg>
<arg>xpath=//input[@data-qa='username']</arg>
<arg>hello@gmail.com</arg>
<doc>Types the given `text` into text field identified by `locator`.</doc>
<status status="PASS" start="2024-09-02T15:37:18.363899" elapsed="0.498064"/>
</kw>
<kw name="Wait Until Page Contains Element" owner="AppiumLibrary">
<msg time="2024-09-02T15:37:18.923024" level="INFO">xpath criteria: //button[@data-qa='submit-username']</msg>
<arg>xpath=//button[@data-qa='submit-username']</arg>
<doc>Waits until element specified with `locator` appears on current page.</doc>
<status status="PASS" start="2024-09-02T15:37:18.862964" elapsed="0.060060"/>
</kw>
<kw name="Click Element" owner="AppiumLibrary">
<msg time="2024-09-02T15:37:18.923024" level="INFO">Clicking element 'xpath=//button[@data-qa='submit-username']'.</msg>
<msg time="2024-09-02T15:37:20.556625" level="INFO">xpath criteria: //button[@data-qa='submit-username']</msg>
<arg>xpath=//button[@data-qa='submit-username']</arg>
<doc>Click element identified by `locator`.</doc>
<status status="PASS" start="2024-09-02T15:37:18.923024" elapsed="1.633601"/>
</kw>
<kw name="Sleep" owner="BuiltIn">
<msg time="2024-09-02T15:37:22.556838" level="INFO">Slept 2 seconds.</msg>
<arg>2s</arg>
<doc>Pauses the test executed for the given time.</doc>
<status status="PASS" start="2024-09-02T15:37:20.556625" elapsed="2.001235"/>
</kw>
<status status="PASS" start="2024-09-02T15:36:55.187181" elapsed="27.370679"/>
</test>
<kw name="Terminate Process" owner="Process" type="TEARDOWN">
<msg time="2024-09-02T15:37:22.562845" level="INFO">Gracefully terminating process.</msg>
<msg time="2024-09-02T15:37:22.668128" level="INFO">Process completed.</msg>
<doc>Stops the process gracefully or forcefully.</doc>
<status status="PASS" start="2024-09-02T15:37:22.561841" elapsed="0.106287"/>
</kw>
<status status="PASS" start="2024-09-02T15:36:54.854940" elapsed="27.814182"/>
</suite>
<statistics>
<total>
<stat pass="1" fail="0" skip="0">All Tests</stat>
</total>
<tag>
</tag>
<suite>
<stat pass="1" fail="0" skip="0" id="s1" name="Dem5 Server Start">Dem5 Server Start</stat>
</suite>
</statistics>
<errors>
<msg time="2024-09-02T15:36:59.278367" level="WARN">Retrying (Retry(total=2, connect=None, read=None, redirect=None, status=None)) after connection broken by 'NewConnectionError('&lt;urllib3.connection.HTTPConnection object at 0x00000151B880B310&gt;: Failed to establish a new connection: [WinError 10061] No connection could be made because the target machine actively refused it')': /session</msg>
</errors>
</robot>
